Arguments: 
  /usr/local/node/bin/node /usr/share/yarn/bin/yarn.js add poencv4nodejs

PATH: 
  /usr/local/node/bin:/usr/local/bin:/bin:/usr/bin:/usr/local/sbin:/usr/sbin:/home/www/.local/bin:/home/www/bin

Yarn version: 
  1.9.4

Node version: 
  10.8.0

Platform: 
  linux x64

Trace: 
  Error: http://registry.npm.taobao.org/poencv4nodejs: Not found
      at Request.params.callback [as _callback] (/usr/share/yarn/lib/cli.js:64202:18)
      at Request.self.callback (/usr/share/yarn/lib/cli.js:137468:22)
      at Request.emit (events.js:182:13)
      at Request.<anonymous> (/usr/share/yarn/lib/cli.js:138440:10)
      at Request.emit (events.js:182:13)
      at IncomingMessage.<anonymous> (/usr/share/yarn/lib/cli.js:138362:12)
      at Object.onceWrapper (events.js:273:13)
      at IncomingMessage.emit (events.js:187:15)
      at endReadableNT (_stream_readable.js:1081:12)
      at process._tickCallback (internal/process/next_tick.js:63:19)

npm manifest: 
  {
    "name": "Sonorous",
    "version": "2.0.0",
    "description": "Sonorous Server",
    "main": "src/main.ts",
    "author": "lanjuzi <lanjuzi@vip.qq.com>",
    "private": true,
    "scripts": {
      "main": "node dist/main",
      "crawler": "node ./dist/script/crawler",
      "watch": "tsc -w"
    },
    "dependencies": {
      "ali-oss": "^6.0.1",
      "cookie": "^0.3.1",
      "debug": "^3.1.0",
      "dotenv": "^6.0.0",
      "download": "^7.1.0",
      "glob": "^7.1.3",
      "ioredis": "^4.0.0",
      "js-yaml": "^3.12.0",
      "koa": "^2.5.2",
      "koa-bodyparser": "^4.2.1",
      "koa-router": "^7.4.0",
      "lodash": "^4.17.10",
      "log4js": "^3.0.5",
      "moment": "^2.22.2",
      "mysql2": "^1.6.1",
      "puppeteer-core": "^1.8.0",
      "reflect-metadata": "^0.1.12",
      "request": "^2.88.0",
      "sequelize": "^4.38.0",
      "sequelize-typescript": "^0.6.6",
      "typescript": "^3.0.3",
      "validator": "^10.7.1"
    },
    "devDependencies": {
      "@types/debug": "^0.0.30",
      "@types/dotenv": "^4.0.3",
      "@types/download": "^6.2.2",
      "@types/glob": "^5.0.35",
      "@types/ioredis": "^4.0.1",
      "@types/js-yaml": "^3.11.2",
      "@types/koa": "^2.0.46",
      "@types/koa-bodyparser": "^5.0.1",
      "@types/koa-router": "^7.0.31",
      "@types/node": "^10.9.4",
      "@types/request": "^2.47.1"
    }
  }

yarn manifest: 
  No manifest

Lockfile: 
  # THIS IS AN AUTOGENERATED FILE. DO NOT EDIT THIS FILE DIRECTLY.
  # yarn lockfile v1
  
  
  "@sindresorhus/is@^0.7.0":
    version "0.7.0"
    resolved "http://registry.npm.taobao.org/@sindresorhus/is/download/@sindresorhus/is-0.7.0.tgz#9a06f4f137ee84d7df0460c1fdb1135ffa6c50fd"
  
  "@types/accepts@*":
    version "1.3.5"
    resolved "http://registry.npm.taobao.org/@types/accepts/download/@types/accepts-1.3.5.tgz#c34bec115cfc746e04fe5a059df4ce7e7b391575"
    dependencies:
      "@types/node" "*"
  
  "@types/bluebird@*":
    version "3.5.24"
    resolved "http://registry.npm.taobao.org/@types/bluebird/download/@types/bluebird-3.5.24.tgz#11f76812531c14f793b8ecbf1de96f672905de8a"
  
  "@types/bluebird@3.5.18":
    version "3.5.18"
    resolved "http://registry.npm.taobao.org/@types/bluebird/download/@types/bluebird-3.5.18.tgz#6a60435d4663e290f3709898a4f75014f279c4d6"
  
  "@types/body-parser@*":
    version "1.17.0"
    resolved "http://registry.npm.taobao.org/@types/body-parser/download/@types/body-parser-1.17.0.tgz#9f5c9d9bd04bb54be32d5eb9fc0d8c974e6cf58c"
    dependencies:
      "@types/connect" "*"
      "@types/node" "*"
  
  "@types/caseless@*":
    version "0.12.1"
    resolved "http://registry.npm.taobao.org/@types/caseless/download/@types/caseless-0.12.1.tgz#9794c69c8385d0192acc471a540d1f8e0d16218a"
  
  "@types/connect@*":
    version "3.4.32"
    resolved "http://registry.npm.taobao.org/@types/connect/download/@types/connect-3.4.32.tgz#aa0e9616b9435ccad02bc52b5b454ffc2c70ba28"
    dependencies:
      "@types/node" "*"
  
  "@types/continuation-local-storage@*":
    version "3.2.1"
    resolved "http://registry.npm.taobao.org/@types/continuation-local-storage/download/@types/continuation-local-storage-3.2.1.tgz#a33e0df9dce9b424d1c98fc4fdebd8578dceec7e"
    dependencies:
      "@types/node" "*"
  
  "@types/cookies@*":
    version "0.7.1"
    resolved "http://registry.npm.taobao.org/@types/cookies/download/@types/cookies-0.7.1.tgz#f9f204bd6767d389eea3b87609e30c090c77a540"
    dependencies:
      "@types/connect" "*"
      "@types/express" "*"
      "@types/keygrip" "*"
      "@types/node" "*"
  
  "@types/debug@^0.0.30":
    version "0.0.30"
    resolved "http://registry.npm.taobao.org/@types/debug/download/@types/debug-0.0.30.tgz#dc1e40f7af3b9c815013a7860e6252f6352a84df"
  
  "@types/decompress@*":
    version "4.2.3"
    resolved "http://registry.npm.taobao.org/@types/decompress/download/@types/decompress-4.2.3.tgz#98eed48af80001038aa05690b2094915f296fe65"
    dependencies:
      "@types/node" "*"
  
  "@types/dotenv@^4.0.3":
    version "4.0.3"
    resolved "http://registry.npm.taobao.org/@types/dotenv/download/@types/dotenv-4.0.3.tgz#ebcfc40da7bc0728b705945b7db48485ec5b4b67"
    dependencies:
      "@types/node" "*"
  
  "@types/download@^6.2.2":
    version "6.2.2"
    resolved "http://registry.npm.taobao.org/@types/download/download/@types/download-6.2.2.tgz#11385a3fd6e1f3300362fb52db119420ecc0fb34"
    dependencies:
      "@types/decompress" "*"
      "@types/got" "*"
      "@types/node" "*"
  
  "@types/events@*":
    version "1.2.0"
    resolved "http://registry.npm.taobao.org/@types/events/download/@types/events-1.2.0.tgz#81a6731ce4df43619e5c8c945383b3e62a89ea86"
  
  "@types/express-serve-static-core@*":
    version "4.16.0"
    resolved "http://registry.npm.taobao.org/@types/express-serve-static-core/download/@types/express-serve-static-core-4.16.0.tgz#fdfe777594ddc1fe8eb8eccce52e261b496e43e7"
    dependencies:
      "@types/events" "*"
      "@types/node" "*"
      "@types/range-parser" "*"
  
  "@types/express@*":
    version "4.16.0"
    resolved "http://registry.npm.taobao.org/@types/express/download/@types/express-4.16.0.tgz#6d8bc42ccaa6f35cf29a2b7c3333cb47b5a32a19"
    dependencies:
      "@types/body-parser" "*"
      "@types/express-serve-static-core" "*"
      "@types/serve-static" "*"
  
  "@types/form-data@*":
    version "2.2.1"
    resolved "http://registry.npm.taobao.org/@types/form-data/download/@types/form-data-2.2.1.tgz#ee2b3b8eaa11c0938289953606b745b738c54b1e"
    dependencies:
      "@types/node" "*"
  
  "@types/geojson@^1.0.0":
    version "1.0.6"
    resolved "http://registry.npm.taobao.org/@types/geojson/download/@types/geojson-1.0.6.tgz#3e02972728c69248c2af08d60a48cbb8680fffdf"
  
  "@types/glob@^5.0.35":
    version "5.0.35"
    resolved "http://registry.npm.taobao.org/@types/glob/download/@types/glob-5.0.35.tgz#1ae151c802cece940443b5ac246925c85189f32a"
    dependencies:
      "@types/events" "*"
      "@types/minimatch" "*"
      "@types/node" "*"
  
  "@types/got@*":
    version "8.3.3"
    resolved "http://registry.npm.taobao.org/@types/got/download/@types/got-8.3.3.tgz#8a0441ea88550c5d3c34729ae1aaa883f6bd4320"
    dependencies:
      "@types/node" "*"
  
  "@types/http-assert@*":
    version "1.3.0"
    resolved "http://registry.npm.taobao.org/@types/http-assert/download/@types/http-assert-1.3.0.tgz#5e932606153da28e1d04f9043f4912cf61fd55dd"
  
  "@types/ioredis@^4.0.1":
    version "4.0.1"
    resolved "http://registry.npm.taobao.org/@types/ioredis/download/@types/ioredis-4.0.1.tgz#dfe9de0d5dce54193975c1909f0d082e5574e2f2"
    dependencies:
      "@types/node" "*"
  
  "@types/js-yaml@^3.11.2":
    version "3.11.2"
    resolved "http://registry.npm.taobao.org/@types/js-yaml/download/@types/js-yaml-3.11.2.tgz#699ad86054cc20043c30d66a6fcde30bbf5d3d5e"
  
  "@types/keygrip@*":
    version "1.0.1"
    resolved "http://registry.npm.taobao.org/@types/keygrip/download/@types/keygrip-1.0.1.tgz#ff540462d2fb4d0a88441ceaf27d287b01c3d878"
  
  "@types/koa-bodyparser@^5.0.1":
    version "5.0.1"
    resolved "http://registry.npm.taobao.org/@types/koa-bodyparser/download/@types/koa-bodyparser-5.0.1.tgz#c40c0a0b7903df128a4e0677c51b5bdcc8bfa025"
    dependencies:
      "@types/koa" "*"
  
  "@types/koa-compose@*":
    version "3.2.2"
    resolved "http://registry.npm.taobao.org/@types/koa-compose/download/@types/koa-compose-3.2.2.tgz#dc106e000bbf92a3ac900f756df47344887ee847"
  
  "@types/koa-router@^7.0.31":
    version "7.0.31"
    resolved "http://registry.npm.taobao.org/@types/koa-router/download/@types/koa-router-7.0.31.tgz#afe279634cca7b4536be38cf641f35f58a4bc5ee"
    dependencies:
      "@types/koa" "*"
  
  "@types/koa@*", "@types/koa@^2.0.46":
    version "2.0.46"
    resolved "http://registry.npm.taobao.org/@types/koa/download/@types/koa-2.0.46.tgz#24bc3cd405d10fcde81f876cd8285b44d4ddc3e9"
    dependencies:
      "@types/accepts" "*"
      "@types/cookies" "*"
      "@types/events" "*"
      "@types/http-assert" "*"
      "@types/keygrip" "*"
      "@types/koa-compose" "*"
      "@types/node" "*"
  
  "@types/lodash@*":
    version "4.14.116"
    resolved "http://registry.npm.taobao.org/@types/lodash/download/@types/lodash-4.14.116.tgz#5ccf215653e3e8c786a58390751033a9adca0eb9"
  
  "@types/mime@*":
    version "2.0.0"
    resolved "http://registry.npm.taobao.org/@types/mime/download/@types/mime-2.0.0.tgz#5a7306e367c539b9f6543499de8dd519fac37a8b"
  
  "@types/minimatch@*":
    version "3.0.3"
    resolved "http://registry.npm.taobao.org/@types/minimatch/download/@types/minimatch-3.0.3.tgz#3dca0e3f33b200fc7d1139c0cd96c1268cadfd9d"
  
  "@types/node@*", "@types/node@^10.9.4":
    version "10.9.4"
    resolved "http://registry.npm.taobao.org/@types/node/download/@types/node-10.9.4.tgz#0f4cb2dc7c1de6096055357f70179043c33e9897"
  
  "@types/node@6.0.41":
    version "6.0.41"
    resolved "http://registry.npm.taobao.org/@types/node/download/@types/node-6.0.41.tgz#578cf53aaec65887bcaf16792f8722932e8ff8ea"
  
  "@types/range-parser@*":
    version "1.2.2"
    resolved "http://registry.npm.taobao.org/@types/range-parser/download/@types/range-parser-1.2.2.tgz#fa8e1ad1d474688a757140c91de6dace6f4abc8d"
  
  "@types/request@^2.47.1":
    version "2.47.1"
    resolved "http://registry.npm.taobao.org/@types/request/download/@types/request-2.47.1.tgz#25410d3afbdac04c91a94ad9efc9824100735824"
    dependencies:
      "@types/caseless" "*"
      "@types/form-data" "*"
      "@types/node" "*"
      "@types/tough-cookie" "*"
  
  "@types/sequelize@4.27.24":
    version "4.27.24"
    resolved "http://registry.npm.taobao.org/@types/sequelize/download/@types/sequelize-4.27.24.tgz#7d593c062c368f570c68b0217f5c1d4c892ead48"
    dependencies:
      "@types/bluebird" "*"
      "@types/continuation-local-storage" "*"
      "@types/lodash" "*"
      "@types/validator" "*"
  
  "@types/serve-static@*":
    version "1.13.2"
    resolved "http://registry.npm.taobao.org/@types/serve-static/download/@types/serve-static-1.13.2.tgz#f5ac4d7a6420a99a6a45af4719f4dcd8cd907a48"
    dependencies:
      "@types/express-serve-static-core" "*"
      "@types/mime" "*"
  
  "@types/tough-cookie@*":
    version "2.3.3"
    resolved "http://registry.npm.taobao.org/@types/tough-cookie/download/@types/tough-cookie-2.3.3.tgz#7f226d67d654ec9070e755f46daebf014628e9d9"
  
  "@types/validator@*":
    version "9.4.2"
    resolved "http://registry.npm.taobao.org/@types/validator/download/@types/validator-9.4.2.tgz#9fec264b35f0ea21d0967eeec2dcd6a798b34350"
  
  accepts@^1.3.5:
    version "1.3.5"
    resolved "http://registry.npm.taobao.org/accepts/download/accepts-1.3.5.tgz#eb777df6011723a3b14e8a72c0805c8e86746bd2"
    dependencies:
      mime-types "~2.1.18"
      negotiator "0.6.1"
  
  address@>=0.0.1, address@^1.0.0:
    version "1.0.3"
    resolved "http://registry.npm.taobao.org/address/download/address-1.0.3.tgz#b5f50631f8d6cec8bd20c963963afb55e06cbce9"
  
  agent-base@4, agent-base@^4.1.0, agent-base@^4.2.0:
    version "4.2.1"
    resolved "http://registry.npm.taobao.org/agent-base/download/agent-base-4.2.1.tgz#d89e5999f797875674c07d87f260fc41e83e8ca9"
    dependencies:
      es6-promisify "^5.0.0"
  
  agentkeepalive@^3.4.1:
    version "3.5.1"
    resolved "http://registry.npm.taobao.org/agentkeepalive/download/agentkeepalive-3.5.1.tgz#4eba75cf2ad258fc09efd506cdb8d8c2971d35a4"
    dependencies:
      humanize-ms "^1.2.1"
  
  ajv@^5.3.0:
    version "5.5.2"
    resolved "http://registry.npm.taobao.org/ajv/download/ajv-5.5.2.tgz#73b5eeca3fab653e3d3f9422b341ad42205dc965"
    dependencies:
      co "^4.6.0"
      fast-deep-equal "^1.0.0"
      fast-json-stable-stringify "^2.0.0"
      json-schema-traverse "^0.3.0"
  
  ali-oss@^6.0.1:
    version "6.0.1"
    resolved "http://registry.npm.taobao.org/ali-oss/download/ali-oss-6.0.1.tgz#27648230db3070dc39cb7492e963562437c661f0"
    dependencies:
      address "^1.0.0"
      agentkeepalive "^3.4.1"
      any-promise "^1.3.0"
      bowser "^1.6.0"
      co-defer "^1.0.0"
      copy-to "^2.0.1"
      dateformat "^2.0.0"
      debug "^2.2.0"
      destroy "^1.0.4"
      end-or-error "^1.0.1"
      get-ready "^1.0.0"
      humanize-ms "^1.2.0"
      is-type-of "^1.0.0"
      jstoxml "^0.2.3"
      merge-descriptors "^1.0.1"
      mime "^1.3.4"
      mz-modules "^2.1.0"
      platform "^1.3.1"
      sdk-base "^2.0.1"
      stream-http "2.8.2"
      stream-wormhole "^1.0.4"
      urllib "^2.17.1"
      utility "^1.8.0"
      xml2js "^0.4.16"
  
  ansicolors@~0.3.2:
    version "0.3.2"
    resolved "http://registry.npm.taobao.org/ansicolors/download/ansicolors-0.3.2.tgz#665597de86a9ffe3aa9bfbe6cae5c6ea426b4979"
  
  any-promise@^1.0.0, any-promise@^1.1.0, any-promise@^1.3.0:
    version "1.3.0"
    resolved "http://registry.npm.taobao.org/any-promise/download/any-promise-1.3.0.tgz#abc6afeedcea52e809cdc0376aed3ce39635d17f"
  
  archive-type@^4.0.0:
    version "4.0.0"
    resolved "http://registry.npm.taobao.org/archive-type/download/archive-type-4.0.0.tgz#f92e72233056dfc6969472749c267bdb046b1d70"
    dependencies:
      file-type "^4.2.0"
  
  argparse@^1.0.7:
    version "1.0.10"
    resolved "http://registry.npm.taobao.org/argparse/download/argparse-1.0.10.tgz#bcd6791ea5ae09725e17e5ad988134cd40b3d911"
    dependencies:
      sprintf-js "~1.0.2"
  
  asn1@~0.2.3:
    version "0.2.4"
    resolved "http://registry.npm.taobao.org/asn1/download/asn1-0.2.4.tgz#8d2475dfab553bb33e77b54e59e880bb8ce23136"
    dependencies:
      safer-buffer "~2.1.0"
  
  assert-plus@1.0.0, assert-plus@^1.0.0:
    version "1.0.0"
    resolved "http://registry.npm.taobao.org/assert-plus/download/assert-plus-1.0.0.tgz#f12e0f3c5d77b0b1cdd9146942e4e96c1e4dd525"
  
  ast-types@0.x.x:
    version "0.11.5"
    resolved "http://registry.npm.taobao.org/ast-types/download/ast-types-0.11.5.tgz#9890825d660c03c28339f315e9fa0a360e31ec28"
  
  async-limiter@~1.0.0:
    version "1.0.0"
    resolved "http://registry.npm.taobao.org/async-limiter/download/async-limiter-1.0.0.tgz#78faed8c3d074ab81f22b4e985d79e8738f720f8"
  
  asynckit@^0.4.0:
    version "0.4.0"
    resolved "http://registry.npm.taobao.org/asynckit/download/asynckit-0.4.0.tgz#c79ed97f7f34cb8f2ba1bc9790bcc366474b4b79"
  
  aws-sign2@~0.7.0:
    version "0.7.0"
    resolved "http://registry.npm.taobao.org/aws-sign2/download/aws-sign2-0.7.0.tgz#b46e890934a9591f2d2f6f86d7e6a9f1b3fe76a8"
  
  aws4@^1.8.0:
    version "1.8.0"
    resolved "http://registry.npm.taobao.org/aws4/download/aws4-1.8.0.tgz#f0e003d9ca9e7f59c7a508945d7b2ef9a04a542f"
  
  balanced-match@^1.0.0:
    version "1.0.0"
    resolved "http://registry.npm.taobao.org/balanced-match/download/balanced-match-1.0.0.tgz#89b4d199ab2bee49de164ea02b89ce462d71b767"
  
  base64-js@0.0.8:
    version "0.0.8"
    resolved "http://registry.npm.taobao.org/base64-js/download/base64-js-0.0.8.tgz#1101e9544f4a76b1bc3b26d452ca96d7a35e7978"
  
  bcrypt-pbkdf@^1.0.0:
    version "1.0.2"
    resolved "http://registry.npm.taobao.org/bcrypt-pbkdf/download/bcrypt-pbkdf-1.0.2.tgz#a4301d389b6a43f9b67ff3ca11a3f6637e360e9e"
    dependencies:
      tweetnacl "^0.14.3"
  
  bl@^1.0.0:
    version "1.2.2"
    resolved "http://registry.npm.taobao.org/bl/download/bl-1.2.2.tgz#a160911717103c07410cef63ef51b397c025af9c"
    dependencies:
      readable-stream "^2.3.5"
      safe-buffer "^5.1.1"
  
  bluebird@^3.4.6, bluebird@^3.5.0:
    version "3.5.2"
    resolved "http://registry.npm.taobao.org/bluebird/download/bluebird-3.5.2.tgz#1be0908e054a751754549c270489c1505d4ab15a"
  
  bowser@^1.6.0:
    version "1.9.4"
    resolved "http://registry.npm.taobao.org/bowser/download/bowser-1.9.4.tgz#890c58a2813a9d3243704334fa81b96a5c150c9a"
  
  brace-expansion@^1.1.7:
    version "1.1.11"
    resolved "http://registry.npm.taobao.org/brace-expansion/download/brace-expansion-1.1.11.tgz#3c7fcbf529d87226f3d2f52b966ff5271eb441dd"
    dependencies:
      balanced-match "^1.0.0"
      concat-map "0.0.1"
  
  buffer-alloc-unsafe@^1.1.0:
    version "1.1.0"
    resolved "http://registry.npm.taobao.org/buffer-alloc-unsafe/download/buffer-alloc-unsafe-1.1.0.tgz#bd7dc26ae2972d0eda253be061dba992349c19f0"
  
  buffer-alloc@^1.1.0:
    version "1.2.0"
    resolved "http://registry.npm.taobao.org/buffer-alloc/download/buffer-alloc-1.2.0.tgz#890dd90d923a873e08e10e5fd51a57e5b7cce0ec"
    dependencies:
      buffer-alloc-unsafe "^1.1.0"
      buffer-fill "^1.0.0"
  
  buffer-crc32@~0.2.3:
    version "0.2.13"
    resolved "http://registry.npm.taobao.org/buffer-crc32/download/buffer-crc32-0.2.13.tgz#0d333e3f00eac50aa1454abd30ef8c2a5d9a7242"
  
  buffer-fill@^1.0.0:
    version "1.0.0"
    resolved "http://registry.npm.taobao.org/buffer-fill/download/buffer-fill-1.0.0.tgz#f8f78b76789888ef39f205cd637f68e702122b2c"
  
  buffer-from@^1.0.0:
    version "1.1.1"
    resolved "http://registry.npm.taobao.org/buffer-from/download/buffer-from-1.1.1.tgz#32713bc028f75c02fdb710d7c7bcec1f2c6070ef"
  
  buffer@^3.0.1:
    version "3.6.0"
    resolved "http://registry.npm.taobao.org/buffer/download/buffer-3.6.0.tgz#a72c936f77b96bf52f5f7e7b467180628551defb"
    dependencies:
      base64-js "0.0.8"
      ieee754 "^1.1.4"
      isarray "^1.0.0"
  
  builtin-status-codes@^3.0.0:
    version "3.0.0"
    resolved "http://registry.npm.taobao.org/builtin-status-codes/download/builtin-status-codes-3.0.0.tgz#85982878e21b98e1c66425e03d0174788f569ee8"
  
  bytes@3.0.0:
    version "3.0.0"
    resolved "http://registry.npm.taobao.org/bytes/download/bytes-3.0.0.tgz#d32815404d689699f85a4ea4fa8755dd13a96048"
  
  cache-content-type@^1.0.0:
    version "1.0.1"
    resolved "http://registry.npm.taobao.org/cache-content-type/download/cache-content-type-1.0.1.tgz#035cde2b08ee2129f4a8315ea8f00a00dba1453c"
    dependencies:
      mime-types "^2.1.18"
      ylru "^1.2.0"
  
  cacheable-request@^2.1.1:
    version "2.1.4"
    resolved "http://registry.npm.taobao.org/cacheable-request/download/cacheable-request-2.1.4.tgz#0d808801b6342ad33c91df9d0b44dc09b91e5c3d"
    dependencies:
      clone-response "1.0.2"
      get-stream "3.0.0"
      http-cache-semantics "3.8.1"
      keyv "3.0.0"
      lowercase-keys "1.0.0"
      normalize-url "2.0.1"
      responselike "1.0.2"
  
  cardinal@2.1.1:
    version "2.1.1"
    resolved "http://registry.npm.taobao.org/cardinal/download/cardinal-2.1.1.tgz#7cc1055d822d212954d07b085dea251cc7bc5505"
    dependencies:
      ansicolors "~0.3.2"
      redeyed "~2.1.0"
  
  caseless@~0.12.0:
    version "0.12.0"
    resolved "http://registry.npm.taobao.org/caseless/download/caseless-0.12.0.tgz#1b681c21ff84033c826543090689420d187151dc"
  
  caw@^2.0.1:
    version "2.0.1"
    resolved "http://registry.npm.taobao.org/caw/download/caw-2.0.1.tgz#6c3ca071fc194720883c2dc5da9b074bfc7e9e95"
    dependencies:
      get-proxy "^2.0.0"
      isurl "^1.0.0-alpha5"
      tunnel-agent "^0.6.0"
      url-to-options "^1.0.1"
  
  circular-json@^0.5.5:
    version "0.5.5"
    resolved "http://registry.npm.taobao.org/circular-json/download/circular-json-0.5.5.tgz#64182ef359042d37cd8e767fc9de878b1e9447d3"
  
  clone-response@1.0.2:
    version "1.0.2"
    resolved "http://registry.npm.taobao.org/clone-response/download/clone-response-1.0.2.tgz#d1dc973920314df67fbeb94223b4ee350239e96b"
    dependencies:
      mimic-response "^1.0.0"
  
  cls-bluebird@^2.1.0:
    version "2.1.0"
    resolved "http://registry.npm.taobao.org/cls-bluebird/download/cls-bluebird-2.1.0.tgz#37ef1e080a8ffb55c2f4164f536f1919e7968aee"
    dependencies:
      is-bluebird "^1.0.2"
      shimmer "^1.1.0"
  
  cluster-key-slot@^1.0.6:
    version "1.0.12"
    resolved "http://registry.npm.taobao.org/cluster-key-slot/download/cluster-key-slot-1.0.12.tgz#d5deff2a520717bc98313979b687309b2d368e29"
  
  co-body@^6.0.0:
    version "6.0.0"
    resolved "http://registry.npm.taobao.org/co-body/download/co-body-6.0.0.tgz#965b9337d7f5655480787471f4237664820827e3"
    dependencies:
      inflation "^2.0.0"
      qs "^6.5.2"
      raw-body "^2.3.3"
      type-is "^1.6.16"
  
  co-defer@^1.0.0:
    version "1.0.0"
    resolved "http://registry.npm.taobao.org/co-defer/download/co-defer-1.0.0.tgz#3e4a787a8eed6b0a21ee287c094f7e8de0d3c818"
  
  co@^4.6.0:
    version "4.6.0"
    resolved "http://registry.npm.taobao.org/co/download/co-4.6.0.tgz#6ea6bdf3d853ae54ccb8e47bfa0bf3f9031fb184"
  
  combined-stream@1.0.6, combined-stream@~1.0.6:
    version "1.0.6"
    resolved "http://registry.npm.taobao.org/combined-stream/download/combined-stream-1.0.6.tgz#723e7df6e801ac5613113a7e445a9b69cb632818"
    dependencies:
      delayed-stream "~1.0.0"
  
  commander@~2.8.1:
    version "2.8.1"
    resolved "http://registry.npm.taobao.org/commander/download/commander-2.8.1.tgz#06be367febfda0c330aa1e2a072d3dc9762425d4"
    dependencies:
      graceful-readlink ">= 1.0.0"
  
  concat-map@0.0.1:
    version "0.0.1"
    resolved "http://registry.npm.taobao.org/concat-map/download/concat-map-0.0.1.tgz#d8a96bd77fd68df7793a73036a3ba0d5405d477b"
  
  concat-stream@1.6.2:
    version "1.6.2"
    resolved "http://registry.npm.taobao.org/concat-stream/download/concat-stream-1.6.2.tgz#904bdf194cd3122fc675c77fc4ac3d4ff0fd1a34"
    dependencies:
      buffer-from "^1.0.0"
      inherits "^2.0.3"
      readable-stream "^2.2.2"
      typedarray "^0.0.6"
  
  config-chain@^1.1.11:
    version "1.1.12"
    resolved "http://registry.npm.taobao.org/config-chain/download/config-chain-1.1.12.tgz#0fde8d091200eb5e808caf25fe618c02f48e4efa"
    dependencies:
      ini "^1.3.4"
      proto-list "~1.2.1"
  
  content-disposition@^0.5.2, content-disposition@~0.5.2:
    version "0.5.2"
    resolved "http://registry.npm.taobao.org/content-disposition/download/content-disposition-0.5.2.tgz#0cf68bb9ddf5f2be7961c3a85178cb85dba78cb4"
  
  content-type@^1.0.2, content-type@^1.0.4:
    version "1.0.4"
    resolved "http://registry.npm.taobao.org/content-type/download/content-type-1.0.4.tgz#e138cc75e040c727b1966fe5e5f8c9aee256fe3b"
  
  cookie@^0.3.1:
    version "0.3.1"
    resolved "http://registry.npm.taobao.org/cookie/download/cookie-0.3.1.tgz#e7e0a1f9ef43b4c8ba925c5c5a96e806d16873bb"
  
  cookies@~0.7.1:
    version "0.7.2"
    resolved "http://registry.npm.taobao.org/cookies/download/cookies-0.7.2.tgz#52736976126658af7713d7f858f7d21f99dab486"
    dependencies:
      depd "~1.1.2"
      keygrip "~1.0.2"
  
  copy-to@^2.0.1:
    version "2.0.1"
    resolved "http://registry.npm.taobao.org/copy-to/download/copy-to-2.0.1.tgz#2680fbb8068a48d08656b6098092bdafc906f4a5"
  
  core-util-is@1.0.2, core-util-is@^1.0.2, core-util-is@~1.0.0:
    version "1.0.2"
    resolved "http://registry.npm.taobao.org/core-util-is/download/core-util-is-1.0.2.tgz#b5fd54220aa2bc5ab57aab7140c940754503c1a7"
  
  dashdash@^1.12.0:
    version "1.14.1"
    resolved "http://registry.npm.taobao.org/dashdash/download/dashdash-1.14.1.tgz#853cfa0f7cbe2fed5de20326b8dd581035f6e2f0"
    dependencies:
      assert-plus "^1.0.0"
  
  data-uri-to-buffer@1:
    version "1.2.0"
    resolved "http://registry.npm.taobao.org/data-uri-to-buffer/download/data-uri-to-buffer-1.2.0.tgz#77163ea9c20d8641b4707e8f18abdf9a78f34835"
  
  date-format@^1.2.0:
    version "1.2.0"
    resolved "http://registry.npm.taobao.org/date-format/download/date-format-1.2.0.tgz#615e828e233dd1ab9bb9ae0950e0ceccfa6ecad8"
  
  dateformat@^2.0.0:
    version "2.2.0"
    resolved "http://registry.npm.taobao.org/dateformat/download/dateformat-2.2.0.tgz#4065e2013cf9fb916ddfd82efb506ad4c6769062"
  
  debug@2, debug@2.6.9, debug@^2.2.0, debug@^2.6.0, debug@^2.6.9:
    version "2.6.9"
    resolved "http://registry.npm.taobao.org/debug/download/debug-2.6.9.tgz#5d128515df134ff327e90a4c93f4e077a536341f"
    dependencies:
      ms "2.0.0"
  
  debug@3.1.0, debug@~3.1.0:
    version "3.1.0"
    resolved "http://registry.npm.taobao.org/debug/download/debug-3.1.0.tgz#5bb5a0672628b64149566ba16819e61518c67261"
    dependencies:
      ms "2.0.0"
  
  debug@^3.1.0:
    version "3.2.5"
    resolved "http://registry.npm.taobao.org/debug/download/debug-3.2.5.tgz#c2418fbfd7a29f4d4f70ff4cea604d4b64c46407"
    dependencies:
      ms "^2.1.1"
  
  decode-uri-component@^0.2.0:
    version "0.2.0"
    resolved "http://registry.npm.taobao.org/decode-uri-component/download/decode-uri-component-0.2.0.tgz#eb3913333458775cb84cd1a1fae062106bb87545"
  
  decompress-response@^3.3.0:
    version "3.3.0"
    resolved "http://registry.npm.taobao.org/decompress-response/download/decompress-response-3.3.0.tgz#80a4dd323748384bfa248083622aedec982adff3"
    dependencies:
      mimic-response "^1.0.0"
  
  decompress-tar@^4.0.0, decompress-tar@^4.1.0, decompress-tar@^4.1.1:
    version "4.1.1"
    resolved "http://registry.npm.taobao.org/decompress-tar/download/decompress-tar-4.1.1.tgz#718cbd3fcb16209716e70a26b84e7ba4592e5af1"
    dependencies:
      file-type "^5.2.0"
      is-stream "^1.1.0"
      tar-stream "^1.5.2"
  
  decompress-tarbz2@^4.0.0:
    version "4.1.1"
    resolved "http://registry.npm.taobao.org/decompress-tarbz2/download/decompress-tarbz2-4.1.1.tgz#3082a5b880ea4043816349f378b56c516be1a39b"
    dependencies:
      decompress-tar "^4.1.0"
      file-type "^6.1.0"
      is-stream "^1.1.0"
      seek-bzip "^1.0.5"
      unbzip2-stream "^1.0.9"
  
  decompress-targz@^4.0.0:
    version "4.1.1"
    resolved "http://registry.npm.taobao.org/decompress-targz/download/decompress-targz-4.1.1.tgz#c09bc35c4d11f3de09f2d2da53e9de23e7ce1eee"
    dependencies:
      decompress-tar "^4.1.1"
      file-type "^5.2.0"
      is-stream "^1.1.0"
  
  decompress-unzip@^4.0.1:
    version "4.0.1"
    resolved "http://registry.npm.taobao.org/decompress-unzip/download/decompress-unzip-4.0.1.tgz#deaaccdfd14aeaf85578f733ae8210f9b4848f69"
    dependencies:
      file-type "^3.8.0"
      get-stream "^2.2.0"
      pify "^2.3.0"
      yauzl "^2.4.2"
  
  decompress@^4.2.0:
    version "4.2.0"
    resolved "http://registry.npm.taobao.org/decompress/download/decompress-4.2.0.tgz#7aedd85427e5a92dacfe55674a7c505e96d01f9d"
    dependencies:
      decompress-tar "^4.0.0"
      decompress-tarbz2 "^4.0.0"
      decompress-targz "^4.0.0"
      decompress-unzip "^4.0.1"
      graceful-fs "^4.1.10"
      make-dir "^1.0.0"
      pify "^2.3.0"
      strip-dirs "^2.0.0"
  
  deep-equal@~1.0.1:
    version "1.0.1"
    resolved "http://registry.npm.taobao.org/deep-equal/download/deep-equal-1.0.1.tgz#f5d260292b660e084eff4cdbc9f08ad3247448b5"
  
  deep-is@~0.1.3:
    version "0.1.3"
    resolved "http://registry.npm.taobao.org/deep-is/download/deep-is-0.1.3.tgz#b369d6fb5dbc13eecf524f91b070feedc357cf34"
  
  default-user-agent@^1.0.0:
    version "1.0.0"
    resolved "http://registry.npm.taobao.org/default-user-agent/download/default-user-agent-1.0.0.tgz#16c46efdcaba3edc45f24f2bd4868b01b7c2adc6"
    dependencies:
      os-name "~1.0.3"
  
  degenerator@^1.0.4:
    version "1.0.4"
    resolved "http://registry.npm.taobao.org/degenerator/download/degenerator-1.0.4.tgz#fcf490a37ece266464d9cc431ab98c5819ced095"
    dependencies:
      ast-types "0.x.x"
      escodegen "1.x.x"
      esprima "3.x.x"
  
  delayed-stream@~1.0.0:
    version "1.0.0"
    resolved "http://registry.npm.taobao.org/delayed-stream/download/delayed-stream-1.0.0.tgz#df3ae199acadfb7d440aaae0b29e2272b24ec619"
  
  delegates@^1.0.0:
    version "1.0.0"
    resolved "http://registry.npm.taobao.org/delegates/download/delegates-1.0.0.tgz#84c6e159b81904fdca59a0ef44cd870d31250f9a"
  
  denque@1.3.0, denque@^1.1.0:
    version "1.3.0"
    resolved "http://registry.npm.taobao.org/denque/download/denque-1.3.0.tgz#681092ef44a630246d3f6edb2a199230eae8e76b"
  
  depd@^1.1.0, depd@^1.1.2, depd@~1.1.2:
    version "1.1.2"
    resolved "http://registry.npm.taobao.org/depd/download/depd-1.1.2.tgz#9bcd52e14c097763e749b274c4346ed2e560b5a9"
  
  destroy@^1.0.4:
    version "1.0.4"
    resolved "http://registry.npm.taobao.org/destroy/download/destroy-1.0.4.tgz#978857442c44749e4206613e37946205826abd80"
  
  digest-header@^0.0.1:
    version "0.0.1"
    resolved "http://registry.npm.taobao.org/digest-header/download/digest-header-0.0.1.tgz#11ccf6deec5766ac379744d901c12cba49514be6"
    dependencies:
      utility "0.1.11"
  
  dotenv@^6.0.0:
    version "6.0.0"
    resolved "http://registry.npm.taobao.org/dotenv/download/dotenv-6.0.0.tgz#24e37c041741c5f4b25324958ebbc34bca965935"
  
  dottie@^2.0.0:
    version "2.0.0"
    resolved "http://registry.npm.taobao.org/dottie/download/dottie-2.0.0.tgz#da191981c8b8d713ca0115d5898cf397c2f0ddd0"
  
  download@^7.1.0:
    version "7.1.0"
    resolved "http://registry.npm.taobao.org/download/download/download-7.1.0.tgz#9059aa9d70b503ee76a132897be6dec8e5587233"
    dependencies:
      archive-type "^4.0.0"
      caw "^2.0.1"
      content-disposition "^0.5.2"
      decompress "^4.2.0"
      ext-name "^5.0.0"
      file-type "^8.1.0"
      filenamify "^2.0.0"
      get-stream "^3.0.0"
      got "^8.3.1"
      make-dir "^1.2.0"
      p-event "^2.1.0"
      pify "^3.0.0"
  
  duplexer3@^0.1.4:
    version "0.1.4"
    resolved "http://registry.npm.taobao.org/duplexer3/download/duplexer3-0.1.4.tgz#ee01dd1cac0ed3cbc7fdbea37dc0a8f1ce002ce2"
  
  ecc-jsbn@~0.1.1:
    version "0.1.2"
    resolved "http://registry.npm.taobao.org/ecc-jsbn/download/ecc-jsbn-0.1.2.tgz#3a83a904e54353287874c564b7549386849a98c9"
    dependencies:
      jsbn "~0.1.0"
      safer-buffer "^2.1.0"
  
  ee-first@1.1.1, ee-first@~1.1.1:
    version "1.1.1"
    resolved "http://registry.npm.taobao.org/ee-first/download/ee-first-1.1.1.tgz#590c61156b0ae2f4f0255732a158b266bc56b21d"
  
  end-of-stream@^1.0.0, end-of-stream@^1.1.0:
    version "1.4.1"
    resolved "http://registry.npm.taobao.org/end-of-stream/download/end-of-stream-1.4.1.tgz#ed29634d19baba463b6ce6b80a37213eab71ec43"
    dependencies:
      once "^1.4.0"
  
  end-or-error@^1.0.1:
    version "1.0.1"
    resolved "http://registry.npm.taobao.org/end-or-error/download/end-or-error-1.0.1.tgz#dc7a6210fe78d372fee24a8b4899dbd155414dcb"
  
  error-inject@^1.0.0:
    version "1.0.0"
    resolved "http://registry.npm.taobao.org/error-inject/download/error-inject-1.0.0.tgz#e2b3d91b54aed672f309d950d154850fa11d4f37"
  
  es6-promise@^4.0.3:
    version "4.2.5"
    resolved "http://registry.npm.taobao.org/es6-promise/download/es6-promise-4.2.5.tgz#da6d0d5692efb461e082c14817fe2427d8f5d054"
  
  es6-promisify@^5.0.0:
    version "5.0.0"
    resolved "http://registry.npm.taobao.org/es6-promisify/download/es6-promisify-5.0.0.tgz#5109d62f3e56ea967c4b63505aef08291c8a5203"
    dependencies:
      es6-promise "^4.0.3"
  
  es6-shim@0.35.3:
    version "0.35.3"
    resolved "http://registry.npm.taobao.org/es6-shim/download/es6-shim-0.35.3.tgz#9bfb7363feffff87a6cdb6cd93e405ec3c4b6f26"
  
  escape-html@^1.0.3:
    version "1.0.3"
    resolved "http://registry.npm.taobao.org/escape-html/download/escape-html-1.0.3.tgz#0258eae4d3d0c0974de1c169188ef0051d1d1988"
  
  escape-string-regexp@^1.0.2:
    version "1.0.5"
    resolved "http://registry.npm.taobao.org/escape-string-regexp/download/escape-string-regexp-1.0.5.tgz#1b61c0562190a8dff6ae3bb2cf0200ca130b86d4"
  
  escodegen@1.x.x:
    version "1.11.0"
    resolved "http://registry.npm.taobao.org/escodegen/download/escodegen-1.11.0.tgz#b27a9389481d5bfd5bec76f7bb1eb3f8f4556589"
    dependencies:
      esprima "^3.1.3"
      estraverse "^4.2.0"
      esutils "^2.0.2"
      optionator "^0.8.1"
    optionalDependencies:
      source-map "~0.6.1"
  
  esprima@3.x.x, esprima@^3.1.3:
    version "3.1.3"
    resolved "http://registry.npm.taobao.org/esprima/download/esprima-3.1.3.tgz#fdca51cee6133895e3c88d535ce49dbff62a4633"
  
  esprima@^4.0.0, esprima@~4.0.0:
    version "4.0.1"
    resolved "http://registry.npm.taobao.org/esprima/download/esprima-4.0.1.tgz#13b04cdb3e6c5d19df91ab6987a8695619b0aa71"
  
  estraverse@^4.2.0:
    version "4.2.0"
    resolved "http://registry.npm.taobao.org/estraverse/download/estraverse-4.2.0.tgz#0dee3fed31fcd469618ce7342099fc1afa0bdb13"
  
  esutils@^2.0.2:
    version "2.0.2"
    resolved "http://registry.npm.taobao.org/esutils/download/esutils-2.0.2.tgz#0abf4f1caa5bcb1f7a9d8acc6dea4faaa04bac9b"
  
  ext-list@^2.0.0:
    version "2.2.2"
    resolved "http://registry.npm.taobao.org/ext-list/download/ext-list-2.2.2.tgz#0b98e64ed82f5acf0f2931babf69212ef52ddd37"
    dependencies:
      mime-db "^1.28.0"
  
  ext-name@^5.0.0:
    version "5.0.0"
    resolved "http://registry.npm.taobao.org/ext-name/download/ext-name-5.0.0.tgz#70781981d183ee15d13993c8822045c506c8f0a6"
    dependencies:
      ext-list "^2.0.0"
      sort-keys-length "^1.0.0"
  
  extend-shallow@^2.0.1:
    version "2.0.1"
    resolved "http://registry.npm.taobao.org/extend-shallow/download/extend-shallow-2.0.1.tgz#51af7d614ad9a9f610ea1bafbb989d6b1c56890f"
    dependencies:
      is-extendable "^0.1.0"
  
  extend@3, extend@~3.0.2:
    version "3.0.2"
    resolved "http://registry.npm.taobao.org/extend/download/extend-3.0.2.tgz#f8b1136b4071fbd8eb140aff858b1019ec2915fa"
  
  extract-zip@^1.6.6:
    version "1.6.7"
    resolved "http://registry.npm.taobao.org/extract-zip/download/extract-zip-1.6.7.tgz#a840b4b8af6403264c8db57f4f1a74333ef81fe9"
    dependencies:
      concat-stream "1.6.2"
      debug "2.6.9"
      mkdirp "0.5.1"
      yauzl "2.4.1"
  
  extsprintf@1.3.0:
    version "1.3.0"
    resolved "http://registry.npm.taobao.org/extsprintf/download/extsprintf-1.3.0.tgz#96918440e3041a7a414f8c52e3c574eb3c3e1e05"
  
  extsprintf@^1.2.0:
    version "1.4.0"
    resolved "http://registry.npm.taobao.org/extsprintf/download/extsprintf-1.4.0.tgz#e2689f8f356fad62cca65a3a91c5df5f9551692f"
  
  fast-deep-equal@^1.0.0:
    version "1.1.0"
    resolved "http://registry.npm.taobao.org/fast-deep-equal/download/fast-deep-equal-1.1.0.tgz#c053477817c86b51daa853c81e059b733d023614"
  
  fast-json-stable-stringify@^2.0.0:
    version "2.0.0"
    resolved "http://registry.npm.taobao.org/fast-json-stable-stringify/download/fast-json-stable-stringify-2.0.0.tgz#d5142c0caee6b1189f87d3a76111064f86c8bbf2"
  
  fast-levenshtein@~2.0.4:
    version "2.0.6"
    resolved "http://registry.npm.taobao.org/fast-levenshtein/download/fast-levenshtein-2.0.6.tgz#3d8a5c66883a16a30ca8643e851f19baa7797917"
  
  fd-slicer@~1.0.1:
    version "1.0.1"
    resolved "http://registry.npm.taobao.org/fd-slicer/download/fd-slicer-1.0.1.tgz#8b5bcbd9ec327c5041bf9ab023fd6750f1177e65"
    dependencies:
      pend "~1.2.0"
  
  fd-slicer@~1.1.0:
    version "1.1.0"
    resolved "http://registry.npm.taobao.org/fd-slicer/download/fd-slicer-1.1.0.tgz#25c7c89cb1f9077f8891bbe61d8f390eae256f1e"
    dependencies:
      pend "~1.2.0"
  
  file-type@^3.8.0:
    version "3.9.0"
    resolved "http://registry.npm.taobao.org/file-type/download/file-type-3.9.0.tgz#257a078384d1db8087bc449d107d52a52672b9e9"
  
  file-type@^4.2.0:
    version "4.4.0"
    resolved "http://registry.npm.taobao.org/file-type/download/file-type-4.4.0.tgz#1b600e5fca1fbdc6e80c0a70c71c8dba5f7906c5"
  
  file-type@^5.2.0:
    version "5.2.0"
    resolved "http://registry.npm.taobao.org/file-type/download/file-type-5.2.0.tgz#2ddbea7c73ffe36368dfae49dc338c058c2b8ad6"
  
  file-type@^6.1.0:
    version "6.2.0"
    resolved "http://registry.npm.taobao.org/file-type/download/file-type-6.2.0.tgz#e50cd75d356ffed4e306dc4f5bcf52a79903a919"
  
  file-type@^8.1.0:
    version "8.1.0"
    resolved "http://registry.npm.taobao.org/file-type/download/file-type-8.1.0.tgz#244f3b7ef641bbe0cca196c7276e4b332399f68c"
  
  file-uri-to-path@1:
    version "1.0.0"
    resolved "http://registry.npm.taobao.org/file-uri-to-path/download/file-uri-to-path-1.0.0.tgz#553a7b8446ff6f684359c445f1e37a05dacc33dd"
  
  filename-reserved-regex@^2.0.0:
    version "2.0.0"
    resolved "http://registry.npm.taobao.org/filename-reserved-regex/download/filename-reserved-regex-2.0.0.tgz#abf73dfab735d045440abfea2d91f389ebbfa229"
  
  filenamify@^2.0.0:
    version "2.1.0"
    resolved "http://registry.npm.taobao.org/filenamify/download/filenamify-2.1.0.tgz#88faf495fb1b47abfd612300002a16228c677ee9"
    dependencies:
      filename-reserved-regex "^2.0.0"
      strip-outer "^1.0.0"
      trim-repeated "^1.0.0"
  
  flexbuffer@0.0.6:
    version "0.0.6"
    resolved "http://registry.npm.taobao.org/flexbuffer/download/flexbuffer-0.0.6.tgz#039fdf23f8823e440c38f3277e6fef1174215b30"
  
  forever-agent@~0.6.1:
    version "0.6.1"
    resolved "http://registry.npm.taobao.org/forever-agent/download/forever-agent-0.6.1.tgz#fbc71f0c41adeb37f96c577ad1ed42d8fdacca91"
  
  form-data@~2.3.2:
    version "2.3.2"
    resolved "http://registry.npm.taobao.org/form-data/download/form-data-2.3.2.tgz#4970498be604c20c005d4f5c23aecd21d6b49099"
    dependencies:
      asynckit "^0.4.0"
      combined-stream "1.0.6"
      mime-types "^2.1.12"
  
  fresh@~0.5.2:
    version "0.5.2"
    resolved "http://registry.npm.taobao.org/fresh/download/fresh-0.5.2.tgz#3d8cadd90d976569fa835ab1f8e4b23a105605a7"
  
  from2@^2.1.1:
    version "2.3.0"
    resolved "http://registry.npm.taobao.org/from2/download/from2-2.3.0.tgz#8bfb5502bde4a4d36cfdeea007fcca21d7e382af"
    dependencies:
      inherits "^2.0.1"
      readable-stream "^2.0.0"
  
  fs-constants@^1.0.0:
    version "1.0.0"
    resolved "http://registry.npm.taobao.org/fs-constants/download/fs-constants-1.0.0.tgz#6be0de9be998ce16af8afc24497b9ee9b7ccd9ad"
  
  fs.realpath@^1.0.0:
    version "1.0.0"
    resolved "http://registry.npm.taobao.org/fs.realpath/download/fs.realpath-1.0.0.tgz#1504ad2523158caa40db4a2787cb01411994ea4f"
  
  ftp@~0.3.10:
    version "0.3.10"
    resolved "http://registry.npm.taobao.org/ftp/download/ftp-0.3.10.tgz#9197d861ad8142f3e63d5a83bfe4c59f7330885d"
    dependencies:
      readable-stream "1.1.x"
      xregexp "2.0.0"
  
  generate-function@^2.0.0:
    version "2.3.1"
    resolved "http://registry.npm.taobao.org/generate-function/download/generate-function-2.3.1.tgz#f069617690c10c868e73b8465746764f97c3479f"
    dependencies:
      is-property "^1.0.2"
  
  generic-pool@^3.4.0:
    version "3.4.2"
    resolved "http://registry.npm.taobao.org/generic-pool/download/generic-pool-3.4.2.tgz#92ff7196520d670839a67308092a12aadf2f6a59"
  
  get-proxy@^2.0.0:
    version "2.1.0"
    resolved "http://registry.npm.taobao.org/get-proxy/download/get-proxy-2.1.0.tgz#349f2b4d91d44c4d4d4e9cba2ad90143fac5ef93"
    dependencies:
      npm-conf "^1.1.0"
  
  get-ready@^1.0.0, get-ready@~1.0.0:
    version "1.0.0"
    resolved "http://registry.npm.taobao.org/get-ready/download/get-ready-1.0.0.tgz#f91817f1e9adecfea13a562adfc8de883ab34782"
  
  get-stream@3.0.0, get-stream@^3.0.0:
    version "3.0.0"
    resolved "http://registry.npm.taobao.org/get-stream/download/get-stream-3.0.0.tgz#8e943d1358dc37555054ecbe2edb05aa174ede14"
  
  get-stream@^2.2.0:
    version "2.3.1"
    resolved "http://registry.npm.taobao.org/get-stream/download/get-stream-2.3.1.tgz#5f38f93f346009666ee0150a054167f91bdd95de"
    dependencies:
      object-assign "^4.0.1"
      pinkie-promise "^2.0.0"
  
  get-uri@^2.0.0:
    version "2.0.2"
    resolved "http://registry.npm.taobao.org/get-uri/download/get-uri-2.0.2.tgz#5c795e71326f6ca1286f2fc82575cd2bab2af578"
    dependencies:
      data-uri-to-buffer "1"
      debug "2"
      extend "3"
      file-uri-to-path "1"
      ftp "~0.3.10"
      readable-stream "2"
  
  getpass@^0.1.1:
    version "0.1.7"
    resolved "http://registry.npm.taobao.org/getpass/download/getpass-0.1.7.tgz#5eff8e3e684d569ae4cb2b1282604e8ba62149fa"
    dependencies:
      assert-plus "^1.0.0"
  
  glob@7.1.2:
    version "7.1.2"
    resolved "http://registry.npm.taobao.org/glob/download/glob-7.1.2.tgz#c19c9df9a028702d678612384a6552404c636d15"
    dependencies:
      fs.realpath "^1.0.0"
      inflight "^1.0.4"
      inherits "2"
      minimatch "^3.0.4"
      once "^1.3.0"
      path-is-absolute "^1.0.0"
  
  glob@^7.0.5, glob@^7.1.2, glob@^7.1.3:
    version "7.1.3"
    resolved "http://registry.npm.taobao.org/glob/download/glob-7.1.3.tgz#3960832d3f1574108342dafd3a67b332c0969df1"
    dependencies:
      fs.realpath "^1.0.0"
      inflight "^1.0.4"
      inherits "2"
      minimatch "^3.0.4"
      once "^1.3.0"
      path-is-absolute "^1.0.0"
  
  got@^8.3.1:
    version "8.3.2"
    resolved "http://registry.npm.taobao.org/got/download/got-8.3.2.tgz#1d23f64390e97f776cac52e5b936e5f514d2e937"
    dependencies:
      "@sindresorhus/is" "^0.7.0"
      cacheable-request "^2.1.1"
      decompress-response "^3.3.0"
      duplexer3 "^0.1.4"
      get-stream "^3.0.0"
      into-stream "^3.1.0"
      is-retry-allowed "^1.1.0"
      isurl "^1.0.0-alpha5"
      lowercase-keys "^1.0.0"
      mimic-response "^1.0.0"
      p-cancelable "^0.4.0"
      p-timeout "^2.0.1"
      pify "^3.0.0"
      safe-buffer "^5.1.1"
      timed-out "^4.0.1"
      url-parse-lax "^3.0.0"
      url-to-options "^1.0.1"
  
  graceful-fs@^4.1.10:
    version "4.1.11"
    resolved "http://registry.npm.taobao.org/graceful-fs/download/graceful-fs-4.1.11.tgz#0e8bdfe4d1ddb8854d64e04ea7c00e2a026e5658"
  
  "graceful-readlink@>= 1.0.0":
    version "1.0.1"
    resolved "http://registry.npm.taobao.org/graceful-readlink/download/graceful-readlink-1.0.1.tgz#4cafad76bc62f02fa039b2f94e9a3dd3a391a725"
  
  har-schema@^2.0.0:
    version "2.0.0"
    resolved "http://registry.npm.taobao.org/har-schema/download/har-schema-2.0.0.tgz#a94c2224ebcac04782a0d9035521f24735b7ec92"
  
  har-validator@~5.1.0:
    version "5.1.0"
    resolved "http://registry.npm.taobao.org/har-validator/download/har-validator-5.1.0.tgz#44657f5688a22cfd4b72486e81b3a3fb11742c29"
    dependencies:
      ajv "^5.3.0"
      har-schema "^2.0.0"
  
  has-symbol-support-x@^1.4.1:
    version "1.4.2"
    resolved "http://registry.npm.taobao.org/has-symbol-support-x/download/has-symbol-support-x-1.4.2.tgz#1409f98bc00247da45da67cee0a36f282ff26455"
  
  has-to-string-tag-x@^1.2.0:
    version "1.4.1"
    resolved "http://registry.npm.taobao.org/has-to-string-tag-x/download/has-to-string-tag-x-1.4.1.tgz#a045ab383d7b4b2012a00148ab0aa5f290044d4d"
    dependencies:
      has-symbol-support-x "^1.4.1"
  
  http-assert@^1.3.0:
    version "1.4.0"
    resolved "http://registry.npm.taobao.org/http-assert/download/http-assert-1.4.0.tgz#0e550b4fca6adf121bbeed83248c17e62f593a9a"
    dependencies:
      deep-equal "~1.0.1"
      http-errors "~1.7.1"
  
  http-cache-semantics@3.8.1:
    version "3.8.1"
    resolved "http://registry.npm.taobao.org/http-cache-semantics/download/http-cache-semantics-3.8.1.tgz#39b0e16add9b605bf0a9ef3d9daaf4843b4cacd2"
  
  http-errors@1.6.3:
    version "1.6.3"
    resolved "http://registry.npm.taobao.org/http-errors/download/http-errors-1.6.3.tgz#8b55680bb4be283a0b5bf4ea2e38580be1d9320d"
    dependencies:
      depd "~1.1.2"
      inherits "2.0.3"
      setprototypeof "1.1.0"
      statuses ">= 1.4.0 < 2"
  
  http-errors@^1.3.1, http-errors@^1.6.3, http-errors@~1.7.1:
    version "1.7.1"
    resolved "http://registry.npm.taobao.org/http-errors/download/http-errors-1.7.1.tgz#6a4ffe5d35188e1c39f872534690585852e1f027"
    dependencies:
      depd "~1.1.2"
      inherits "2.0.3"
      setprototypeof "1.1.0"
      statuses ">= 1.5.0 < 2"
      toidentifier "1.0.0"
  
  http-proxy-agent@^2.1.0:
    version "2.1.0"
    resolved "http://registry.npm.taobao.org/http-proxy-agent/download/http-proxy-agent-2.1.0.tgz#e4821beef5b2142a2026bd73926fe537631c5405"
    dependencies:
      agent-base "4"
      debug "3.1.0"
  
  http-signature@~1.2.0:
    version "1.2.0"
    resolved "http://registry.npm.taobao.org/http-signature/download/http-signature-1.2.0.tgz#9aecd925114772f3d95b65a60abb8f7c18fbace1"
    dependencies:
      assert-plus "^1.0.0"
      jsprim "^1.2.2"
      sshpk "^1.7.0"
  
  https-proxy-agent@^2.2.1:
    version "2.2.1"
    resolved "http://registry.npm.taobao.org/https-proxy-agent/download/https-proxy-agent-2.2.1.tgz#51552970fa04d723e04c56d04178c3f92592bbc0"
    dependencies:
      agent-base "^4.1.0"
      debug "^3.1.0"
  
  humanize-ms@^1.2.0, humanize-ms@^1.2.1:
    version "1.2.1"
    resolved "http://registry.npm.taobao.org/humanize-ms/download/humanize-ms-1.2.1.tgz#c46e3159a293f6b896da29316d8b6fe8bb79bbed"
    dependencies:
      ms "^2.0.0"
  
  iconv-lite@0.4.23:
    version "0.4.23"
    resolved "http://registry.npm.taobao.org/iconv-lite/download/iconv-lite-0.4.23.tgz#297871f63be507adcfbfca715d0cd0eed84e9a63"
    dependencies:
      safer-buffer ">= 2.1.2 < 3"
  
  iconv-lite@^0.4.15, iconv-lite@^0.4.18:
    version "0.4.24"
    resolved "http://registry.npm.taobao.org/iconv-lite/download/iconv-lite-0.4.24.tgz#2022b4b25fbddc21d2f524974a474aafe733908b"
    dependencies:
      safer-buffer ">= 2.1.2 < 3"
  
  ieee754@^1.1.4:
    version "1.1.12"
    resolved "http://registry.npm.taobao.org/ieee754/download/ieee754-1.1.12.tgz#50bf24e5b9c8bb98af4964c941cdb0918da7b60b"
  
  inflation@^2.0.0:
    version "2.0.0"
    resolved "http://registry.npm.taobao.org/inflation/download/inflation-2.0.0.tgz#8b417e47c28f925a45133d914ca1fd389107f30f"
  
  inflection@1.12.0:
    version "1.12.0"
    resolved "http://registry.npm.taobao.org/inflection/download/inflection-1.12.0.tgz#a200935656d6f5f6bc4dc7502e1aecb703228416"
  
  inflight@^1.0.4:
    version "1.0.6"
    resolved "http://registry.npm.taobao.org/inflight/download/inflight-1.0.6.tgz#49bd6331d7d02d0c09bc910a1075ba8165b56df9"
    dependencies:
      once "^1.3.0"
      wrappy "1"
  
  inherits@2, inherits@2.0.3, inherits@^2.0.1, inherits@^2.0.3, inherits@~2.0.1, inherits@~2.0.3:
    version "2.0.3"
    resolved "http://registry.npm.taobao.org/inherits/download/inherits-2.0.3.tgz#633c2c83e3da42a502f52466022480f4208261de"
  
  ini@^1.3.4:
    version "1.3.5"
    resolved "http://registry.npm.taobao.org/ini/download/ini-1.3.5.tgz#eee25f56db1c9ec6085e0c22778083f596abf927"
  
  into-stream@^3.1.0:
    version "3.1.0"
    resolved "http://registry.npm.taobao.org/into-stream/download/into-stream-3.1.0.tgz#96fb0a936c12babd6ff1752a17d05616abd094c6"
    dependencies:
      from2 "^2.1.1"
      p-is-promise "^1.1.0"
  
  ioredis@^4.0.0:
    version "4.0.0"
    resolved "http://registry.npm.taobao.org/ioredis/download/ioredis-4.0.0.tgz#fabf1cf8724f14fd0885233cf2f4fbc6e1e59da2"
    dependencies:
      cluster-key-slot "^1.0.6"
      debug "^3.1.0"
      denque "^1.1.0"
      flexbuffer "0.0.6"
      lodash.bind "^4.2.1"
      lodash.clone "^4.5.0"
      lodash.clonedeep "^4.5.0"
      lodash.defaults "^4.2.0"
      lodash.difference "^4.5.0"
      lodash.flatten "^4.4.0"
      lodash.foreach "^4.5.0"
      lodash.isempty "^4.4.0"
      lodash.partial "^4.2.1"
      lodash.pick "^4.4.0"
      lodash.sample "^4.2.1"
      lodash.shuffle "^4.2.0"
      lodash.values "^4.3.0"
      redis-commands "^1.2.0"
      redis-errors "^1.2.0"
      redis-parser "^3.0.0"
      standard-as-callback "^1.0.0"
  
  ip@^1.1.4, ip@^1.1.5:
    version "1.1.5"
    resolved "http://registry.npm.taobao.org/ip/download/ip-1.1.5.tgz#bdded70114290828c0a039e72ef25f5aaec4354a"
  
  is-bluebird@^1.0.2:
    version "1.0.2"
    resolved "http://registry.npm.taobao.org/is-bluebird/download/is-bluebird-1.0.2.tgz#096439060f4aa411abee19143a84d6a55346d6e2"
  
  is-class@~0.0.4:
    version "0.0.5"
    resolved "http://registry.npm.taobao.org/is-class/download/is-class-0.0.5.tgz#220a8465d24f9a142082d06c7c56edb39052416d"
  
  is-extendable@^0.1.0:
    version "0.1.1"
    resolved "http://registry.npm.taobao.org/is-extendable/download/is-extendable-0.1.1.tgz#62b110e289a471418e3ec36a617d472e301dfc89"
  
  is-generator-function@^1.0.7:
    version "1.0.7"
    resolved "http://registry.npm.taobao.org/is-generator-function/download/is-generator-function-1.0.7.tgz#d2132e529bb0000a7f80794d4bdf5cd5e5813522"
  
  is-natural-number@^4.0.1:
    version "4.0.1"
    resolved "http://registry.npm.taobao.org/is-natural-number/download/is-natural-number-4.0.1.tgz#ab9d76e1db4ced51e35de0c72ebecf09f734cde8"
  
  is-object@^1.0.1:
    version "1.0.1"
    resolved "http://registry.npm.taobao.org/is-object/download/is-object-1.0.1.tgz#8952688c5ec2ffd6b03ecc85e769e02903083470"
  
  is-plain-obj@^1.0.0:
    version "1.1.0"
    resolved "http://registry.npm.taobao.org/is-plain-obj/download/is-plain-obj-1.1.0.tgz#71a50c8429dfca773c92a390a4a03b39fcd51d3e"
  
  is-property@^1.0.2:
    version "1.0.2"
    resolved "http://registry.npm.taobao.org/is-property/download/is-property-1.0.2.tgz#57fe1c4e48474edd65b09911f26b1cd4095dda84"
  
  is-retry-allowed@^1.1.0:
    version "1.1.0"
    resolved "http://registry.npm.taobao.org/is-retry-allowed/download/is-retry-allowed-1.1.0.tgz#11a060568b67339444033d0125a61a20d564fb34"
  
  is-stream@^1.1.0:
    version "1.1.0"
    resolved "http://registry.npm.taobao.org/is-stream/download/is-stream-1.1.0.tgz#12d4a3dd4e68e0b79ceb8dbc84173ae80d91ca44"
  
  is-type-of@^1.0.0:
    version "1.2.0"
    resolved "http://registry.npm.taobao.org/is-type-of/download/is-type-of-1.2.0.tgz#b553cbb4621adf5b4171e8883f370e7a6ec38995"
    dependencies:
      core-util-is "^1.0.2"
      is-class "~0.0.4"
      isstream "~0.1.2"
  
  is-typedarray@~1.0.0:
    version "1.0.0"
    resolved "http://registry.npm.taobao.org/is-typedarray/download/is-typedarray-1.0.0.tgz#e479c80858df0c1b11ddda6940f96011fcda4a9a"
  
  isarray@0.0.1:
    version "0.0.1"
    resolved "http://registry.npm.taobao.org/isarray/download/isarray-0.0.1.tgz#8a18acfca9a8f4177e09abfc6038939b05d1eedf"
  
  isarray@^1.0.0, isarray@~1.0.0:
    version "1.0.0"
    resolved "http://registry.npm.taobao.org/isarray/download/isarray-1.0.0.tgz#bb935d48582cba168c06834957a54a3e07124f11"
  
  isstream@~0.1.2:
    version "0.1.2"
    resolved "http://registry.npm.taobao.org/isstream/download/isstream-0.1.2.tgz#47e63f7af55afa6f92e1500e690eb8b8529c099a"
  
  isurl@^1.0.0-alpha5:
    version "1.0.0"
    resolved "http://registry.npm.taobao.org/isurl/download/isurl-1.0.0.tgz#b27f4f49f3cdaa3ea44a0a5b7f3462e6edc39d67"
    dependencies:
      has-to-string-tag-x "^1.2.0"
      is-object "^1.0.1"
  
  js-yaml@^3.12.0:
    version "3.12.0"
    resolved "http://registry.npm.taobao.org/js-yaml/download/js-yaml-3.12.0.tgz#eaed656ec8344f10f527c6bfa1b6e2244de167d1"
    dependencies:
      argparse "^1.0.7"
      esprima "^4.0.0"
  
  jsbn@~0.1.0:
    version "0.1.1"
    resolved "http://registry.npm.taobao.org/jsbn/download/jsbn-0.1.1.tgz#a5e654c2e5a2deb5f201d96cefbca80c0ef2f513"
  
  json-buffer@3.0.0:
    version "3.0.0"
    resolved "http://registry.npm.taobao.org/json-buffer/download/json-buffer-3.0.0.tgz#5b1f397afc75d677bde8bcfc0e47e1f9a3d9a898"
  
  json-schema-traverse@^0.3.0:
    version "0.3.1"
    resolved "http://registry.npm.taobao.org/json-schema-traverse/download/json-schema-traverse-0.3.1.tgz#349a6d44c53a51de89b40805c5d5e59b417d3340"
  
  json-schema@0.2.3:
    version "0.2.3"
    resolved "http://registry.npm.taobao.org/json-schema/download/json-schema-0.2.3.tgz#b480c892e59a2f05954ce727bd3f2a4e882f9e13"
  
  json-stringify-safe@~5.0.1:
    version "5.0.1"
    resolved "http://registry.npm.taobao.org/json-stringify-safe/download/json-stringify-safe-5.0.1.tgz#1296a2d58fd45f19a0f6ce01d65701e2c735b6eb"
  
  jsprim@^1.2.2:
    version "1.4.1"
    resolved "http://registry.npm.taobao.org/jsprim/download/jsprim-1.4.1.tgz#313e66bc1e5cc06e438bc1b7499c2e5c56acb6a2"
    dependencies:
      assert-plus "1.0.0"
      extsprintf "1.3.0"
      json-schema "0.2.3"
      verror "1.10.0"
  
  jstoxml@^0.2.3:
    version "0.2.4"
    resolved "http://registry.npm.taobao.org/jstoxml/download/jstoxml-0.2.4.tgz#ff3fb67856883a032953c7ce8ce7486210f48447"
  
  keygrip@~1.0.2:
    version "1.0.3"
    resolved "http://registry.npm.taobao.org/keygrip/download/keygrip-1.0.3.tgz#399d709f0aed2bab0a059e0cdd3a5023a053e1dc"
  
  keyv@3.0.0:
    version "3.0.0"
    resolved "http://registry.npm.taobao.org/keyv/download/keyv-3.0.0.tgz#44923ba39e68b12a7cec7df6c3268c031f2ef373"
    dependencies:
      json-buffer "3.0.0"
  
  ko-sleep@^1.0.3:
    version "1.0.3"
    resolved "http://registry.npm.taobao.org/ko-sleep/download/ko-sleep-1.0.3.tgz#28a2a0a1485e8b7f415ff488dee17d24788ab082"
    dependencies:
      ms "^2.0.0"
  
  koa-bodyparser@^4.2.1:
    version "4.2.1"
    resolved "http://registry.npm.taobao.org/koa-bodyparser/download/koa-bodyparser-4.2.1.tgz#4d7dacb5e6db1106649b595d9e5ccb158b6f3b29"
    dependencies:
      co-body "^6.0.0"
      copy-to "^2.0.1"
  
  koa-compose@^3.0.0:
    version "3.2.1"
    resolved "http://registry.npm.taobao.org/koa-compose/download/koa-compose-3.2.1.tgz#a85ccb40b7d986d8e5a345b3a1ace8eabcf54de7"
    dependencies:
      any-promise "^1.1.0"
  
  koa-compose@^4.1.0:
    version "4.1.0"
    resolved "http://registry.npm.taobao.org/koa-compose/download/koa-compose-4.1.0.tgz#507306b9371901db41121c812e923d0d67d3e877"
  
  koa-convert@^1.2.0:
    version "1.2.0"
    resolved "http://registry.npm.taobao.org/koa-convert/download/koa-convert-1.2.0.tgz#da40875df49de0539098d1700b50820cebcd21d0"
    dependencies:
      co "^4.6.0"
      koa-compose "^3.0.0"
  
  koa-is-json@^1.0.0:
    version "1.0.0"
    resolved "http://registry.npm.taobao.org/koa-is-json/download/koa-is-json-1.0.0.tgz#273c07edcdcb8df6a2c1ab7d59ee76491451ec14"
  
  koa-router@^7.4.0:
    version "7.4.0"
    resolved "http://registry.npm.taobao.org/koa-router/download/koa-router-7.4.0.tgz#aee1f7adc02d5cb31d7d67465c9eacc825e8c5e0"
    dependencies:
      debug "^3.1.0"
      http-errors "^1.3.1"
      koa-compose "^3.0.0"
      methods "^1.0.1"
      path-to-regexp "^1.1.1"
      urijs "^1.19.0"
  
  koa@^2.5.2:
    version "2.5.3"
    resolved "http://registry.npm.taobao.org/koa/download/koa-2.5.3.tgz#0b0c37eee3aac807a0a6ad36bc0b8660f12d83f1"
    dependencies:
      accepts "^1.3.5"
      cache-content-type "^1.0.0"
      content-disposition "~0.5.2"
      content-type "^1.0.4"
      cookies "~0.7.1"
      debug "~3.1.0"
      delegates "^1.0.0"
      depd "^1.1.2"
      destroy "^1.0.4"
      error-inject "^1.0.0"
      escape-html "^1.0.3"
      fresh "~0.5.2"
      http-assert "^1.3.0"
      http-errors "^1.6.3"
      is-generator-function "^1.0.7"
      koa-compose "^4.1.0"
      koa-convert "^1.2.0"
      koa-is-json "^1.0.0"
      on-finished "^2.3.0"
      only "~0.0.2"
      parseurl "^1.3.2"
      statuses "^1.5.0"
      type-is "^1.6.16"
      vary "^1.1.2"
  
  levn@~0.3.0:
    version "0.3.0"
    resolved "http://registry.npm.taobao.org/levn/download/levn-0.3.0.tgz#3b09924edf9f083c0490fdd4c0bc4421e04764ee"
    dependencies:
      prelude-ls "~1.1.2"
      type-check "~0.3.2"
  
  lodash.bind@^4.2.1:
    version "4.2.1"
    resolved "http://registry.npm.taobao.org/lodash.bind/download/lodash.bind-4.2.1.tgz#7ae3017e939622ac31b7d7d7dcb1b34db1690d35"
  
  lodash.clone@^4.5.0:
    version "4.5.0"
    resolved "http://registry.npm.taobao.org/lodash.clone/download/lodash.clone-4.5.0.tgz#195870450f5a13192478df4bc3d23d2dea1907b6"
  
  lodash.clonedeep@^4.5.0:
    version "4.5.0"
    resolved "http://registry.npm.taobao.org/lodash.clonedeep/download/lodash.clonedeep-4.5.0.tgz#e23f3f9c4f8fbdde872529c1071857a086e5ccef"
  
  lodash.defaults@^4.2.0:
    version "4.2.0"
    resolved "http://registry.npm.taobao.org/lodash.defaults/download/lodash.defaults-4.2.0.tgz#d09178716ffea4dde9e5fb7b37f6f0802274580c"
  
  lodash.difference@^4.5.0:
    version "4.5.0"
    resolved "http://registry.npm.taobao.org/lodash.difference/download/lodash.difference-4.5.0.tgz#9ccb4e505d486b91651345772885a2df27fd017c"
  
  lodash.flatten@^4.4.0:
    version "4.4.0"
    resolved "http://registry.npm.taobao.org/lodash.flatten/download/lodash.flatten-4.4.0.tgz#f31c22225a9632d2bbf8e4addbef240aa765a61f"
  
  lodash.foreach@^4.5.0:
    version "4.5.0"
    resolved "http://registry.npm.taobao.org/lodash.foreach/download/lodash.foreach-4.5.0.tgz#1a6a35eace401280c7f06dddec35165ab27e3e53"
  
  lodash.isempty@^4.4.0:
    version "4.4.0"
    resolved "http://registry.npm.taobao.org/lodash.isempty/download/lodash.isempty-4.4.0.tgz#6f86cbedd8be4ec987be9aaf33c9684db1b31e7e"
  
  lodash.partial@^4.2.1:
    version "4.2.1"
    resolved "http://registry.npm.taobao.org/lodash.partial/download/lodash.partial-4.2.1.tgz#49f3d8cfdaa3bff8b3a91d127e923245418961d4"
  
  lodash.pick@^4.4.0:
    version "4.4.0"
    resolved "http://registry.npm.taobao.org/lodash.pick/download/lodash.pick-4.4.0.tgz#52f05610fff9ded422611441ed1fc123a03001b3"
  
  lodash.sample@^4.2.1:
    version "4.2.1"
    resolved "http://registry.npm.taobao.org/lodash.sample/download/lodash.sample-4.2.1.tgz#5e4291b0c753fa1abeb0aab8fb29df1b66f07f6d"
  
  lodash.shuffle@^4.2.0:
    version "4.2.0"
    resolved "http://registry.npm.taobao.org/lodash.shuffle/download/lodash.shuffle-4.2.0.tgz#145b5053cf875f6f5c2a33f48b6e9948c6ec7b4b"
  
  lodash.values@^4.3.0:
    version "4.3.0"
    resolved "http://registry.npm.taobao.org/lodash.values/download/lodash.values-4.3.0.tgz#a3a6c2b0ebecc5c2cba1c17e6e620fe81b53d347"
  
  lodash@^4.17.1, lodash@^4.17.10:
    version "4.17.11"
    resolved "http://registry.npm.taobao.org/lodash/download/lodash-4.17.11.tgz#b39ea6229ef607ecd89e2c8df12536891cac9b8d"
  
  log4js@^3.0.5:
    version "3.0.5"
    resolved "http://registry.npm.taobao.org/log4js/download/log4js-3.0.5.tgz#b80146bfebad68b430d4f3569556d8a6edfef303"
    dependencies:
      circular-json "^0.5.5"
      date-format "^1.2.0"
      debug "^3.1.0"
      rfdc "^1.1.2"
      streamroller "0.7.0"
  
  long@^4.0.0:
    version "4.0.0"
    resolved "http://registry.npm.taobao.org/long/download/long-4.0.0.tgz#9a7b71cfb7d361a194ea555241c92f7468d5bf28"
  
  lowercase-keys@1.0.0:
    version "1.0.0"
    resolved "http://registry.npm.taobao.org/lowercase-keys/download/lowercase-keys-1.0.0.tgz#4e3366b39e7f5457e35f1324bdf6f88d0bfc7306"
  
  lowercase-keys@^1.0.0:
    version "1.0.1"
    resolved "http://registry.npm.taobao.org/lowercase-keys/download/lowercase-keys-1.0.1.tgz#6f9e30b47084d971a7c820ff15a6c5167b74c26f"
  
  lru-cache@2.5.0:
    version "2.5.0"
    resolved "http://registry.npm.taobao.org/lru-cache/download/lru-cache-2.5.0.tgz#d82388ae9c960becbea0c73bb9eb79b6c6ce9aeb"
  
  lru-cache@4.1.1:
    version "4.1.1"
    resolved "http://registry.npm.taobao.org/lru-cache/download/lru-cache-4.1.1.tgz#622e32e82488b49279114a4f9ecf45e7cd6bba55"
    dependencies:
      pseudomap "^1.0.2"
      yallist "^2.1.2"
  
  lru-cache@^4.1.2:
    version "4.1.3"
    resolved "http://registry.npm.taobao.org/lru-cache/download/lru-cache-4.1.3.tgz#a1175cf3496dfc8436c156c334b4955992bce69c"
    dependencies:
      pseudomap "^1.0.2"
      yallist "^2.1.2"
  
  make-dir@^1.0.0, make-dir@^1.2.0:
    version "1.3.0"
    resolved "http://registry.npm.taobao.org/make-dir/download/make-dir-1.3.0.tgz#79c1033b80515bd6d24ec9933e860ca75ee27f0c"
    dependencies:
      pify "^3.0.0"
  
  media-typer@0.3.0:
    version "0.3.0"
    resolved "http://registry.npm.taobao.org/media-typer/download/media-typer-0.3.0.tgz#8710d7af0aa626f8fffa1ce00168545263255748"
  
  merge-descriptors@^1.0.1:
    version "1.0.1"
    resolved "http://registry.npm.taobao.org/merge-descriptors/download/merge-descriptors-1.0.1.tgz#b00aaa556dd8b44568150ec9d1b953f3f90cbb61"
  
  methods@^1.0.1:
    version "1.1.2"
    resolved "http://registry.npm.taobao.org/methods/download/methods-1.1.2.tgz#5529a4d67654134edcc5266656835b0f851afcee"
  
  mime-db@^1.28.0, mime-db@~1.36.0:
    version "1.36.0"
    resolved "http://registry.npm.taobao.org/mime-db/download/mime-db-1.36.0.tgz#5020478db3c7fe93aad7bbcc4dcf869c43363397"
  
  mime-types@^2.1.12, mime-types@^2.1.18, mime-types@~2.1.18, mime-types@~2.1.19:
    version "2.1.20"
    resolved "http://registry.npm.taobao.org/mime-types/download/mime-types-2.1.20.tgz#930cb719d571e903738520f8470911548ca2cc19"
    dependencies:
      mime-db "~1.36.0"
  
  mime@^1.3.4:
    version "1.6.0"
    resolved "http://registry.npm.taobao.org/mime/download/mime-1.6.0.tgz#32cd9e5c64553bd58d19a568af452acff04981b1"
  
  mime@^2.0.3:
    version "2.3.1"
    resolved "http://registry.npm.taobao.org/mime/download/mime-2.3.1.tgz#b1621c54d63b97c47d3cfe7f7215f7d64517c369"
  
  mimic-response@^1.0.0:
    version "1.0.1"
    resolved "http://registry.npm.taobao.org/mimic-response/download/mimic-response-1.0.1.tgz#4923538878eef42063cb8a3e3b0798781487ab1b"
  
  minimatch@^3.0.4:
    version "3.0.4"
    resolved "http://registry.npm.taobao.org/minimatch/download/minimatch-3.0.4.tgz#5166e286457f03306064be5497e8dbb0c3d32083"
    dependencies:
      brace-expansion "^1.1.7"
  
  minimist@0.0.8:
    version "0.0.8"
    resolved "http://registry.npm.taobao.org/minimist/download/minimist-0.0.8.tgz#857fcabfc3397d2625b8228262e86aa7a011b05d"
  
  minimist@^1.1.0:
    version "1.2.0"
    resolved "http://registry.npm.taobao.org/minimist/download/minimist-1.2.0.tgz#a35008b20f41383eec1fb914f4cd5df79a264284"
  
  mkdirp@0.5.1, mkdirp@^0.5.1:
    version "0.5.1"
    resolved "http://registry.npm.taobao.org/mkdirp/download/mkdirp-0.5.1.tgz#30057438eac6cf7f8c4767f38648d6697d75c903"
    dependencies:
      minimist "0.0.8"
  
  moment-timezone@^0.5.14:
    version "0.5.21"
    resolved "http://registry.npm.taobao.org/moment-timezone/download/moment-timezone-0.5.21.tgz#3cba247d84492174dbf71de2a9848fa13207b845"
    dependencies:
      moment ">= 2.9.0"
  
  "moment@>= 2.9.0", moment@^2.20.0, moment@^2.22.2:
    version "2.22.2"
    resolved "http://registry.npm.taobao.org/moment/download/moment-2.22.2.tgz#3c257f9839fc0e93ff53149632239eb90783ff66"
  
  ms@2.0.0:
    version "2.0.0"
    resolved "http://registry.npm.taobao.org/ms/download/ms-2.0.0.tgz#5608aeadfc00be6c2901df5f9861788de0d597c8"
  
  ms@^2.0.0, ms@^2.1.1:
    version "2.1.1"
    resolved "http://registry.npm.taobao.org/ms/download/ms-2.1.1.tgz#30a5864eb3ebb0a66f2ebe6d727af06a09d86e0a"
  
  mysql2@^1.6.1:
    version "1.6.1"
    resolved "http://registry.npm.taobao.org/mysql2/download/mysql2-1.6.1.tgz#9027fd93a05c5d86e79bfada35c9b677b3a0d7c5"
    dependencies:
      cardinal "2.1.1"
      denque "1.3.0"
      generate-function "^2.0.0"
      iconv-lite "^0.4.18"
      long "^4.0.0"
      lru-cache "4.1.1"
      named-placeholders "1.1.1"
      object-assign "^4.1.1"
      seq-queue "0.0.5"
      sqlstring "2.3.1"
  
  mz-modules@^2.1.0:
    version "2.1.0"
    resolved "http://registry.npm.taobao.org/mz-modules/download/mz-modules-2.1.0.tgz#7f529877afd0d42f409a7463b96986d61cfbcf96"
    dependencies:
      glob "^7.1.2"
      ko-sleep "^1.0.3"
      mkdirp "^0.5.1"
      pump "^3.0.0"
      rimraf "^2.6.1"
  
  mz@^2.7.0:
    version "2.7.0"
    resolved "http://registry.npm.taobao.org/mz/download/mz-2.7.0.tgz#95008057a56cafadc2bc63dde7f9ff6955948e32"
    dependencies:
      any-promise "^1.0.0"
      object-assign "^4.0.1"
      thenify-all "^1.0.0"
  
  named-placeholders@1.1.1:
    version "1.1.1"
    resolved "http://registry.npm.taobao.org/named-placeholders/download/named-placeholders-1.1.1.tgz#3b7a0d26203dd74b3a9df4c9cfb827b2fb907e64"
    dependencies:
      lru-cache "2.5.0"
  
  negotiator@0.6.1:
    version "0.6.1"
    resolved "http://registry.npm.taobao.org/negotiator/download/negotiator-0.6.1.tgz#2b327184e8992101177b28563fb5e7102acd0ca9"
  
  netmask@^1.0.6:
    version "1.0.6"
    resolved "http://registry.npm.taobao.org/netmask/download/netmask-1.0.6.tgz#20297e89d86f6f6400f250d9f4f6b4c1945fcd35"
  
  normalize-url@2.0.1:
    version "2.0.1"
    resolved "http://registry.npm.taobao.org/normalize-url/download/normalize-url-2.0.1.tgz#835a9da1551fa26f70e92329069a23aa6574d7e6"
    dependencies:
      prepend-http "^2.0.0"
      query-string "^5.0.1"
      sort-keys "^2.0.0"
  
  npm-conf@^1.1.0:
    version "1.1.3"
    resolved "http://registry.npm.taobao.org/npm-conf/download/npm-conf-1.1.3.tgz#256cc47bd0e218c259c4e9550bf413bc2192aff9"
    dependencies:
      config-chain "^1.1.11"
      pify "^3.0.0"
  
  oauth-sign@~0.9.0:
    version "0.9.0"
    resolved "http://registry.npm.taobao.org/oauth-sign/download/oauth-sign-0.9.0.tgz#47a7b016baa68b5fa0ecf3dee08a85c679ac6455"
  
  object-assign@^4.0.1, object-assign@^4.1.0, object-assign@^4.1.1:
    version "4.1.1"
    resolved "http://registry.npm.taobao.org/object-assign/download/object-assign-4.1.1.tgz#2109adc7965887cfc05cbbd442cac8bfbb360863"
  
  on-finished@^2.3.0:
    version "2.3.0"
    resolved "http://registry.npm.taobao.org/on-finished/download/on-finished-2.3.0.tgz#20f1336481b083cd75337992a16971aa2d906947"
    dependencies:
      ee-first "1.1.1"
  
  once@^1.3.0, once@^1.3.1, once@^1.4.0:
    version "1.4.0"
    resolved "http://registry.npm.taobao.org/once/download/once-1.4.0.tgz#583b1aa775961d4b113ac17d9c50baef9dd76bd1"
    dependencies:
      wrappy "1"
  
  only@~0.0.2:
    version "0.0.2"
    resolved "http://registry.npm.taobao.org/only/download/only-0.0.2.tgz#2afde84d03e50b9a8edc444e30610a70295edfb4"
  
  optionator@^0.8.1:
    version "0.8.2"
    resolved "http://registry.npm.taobao.org/optionator/download/optionator-0.8.2.tgz#364c5e409d3f4d6301d6c0b4c05bba50180aeb64"
    dependencies:
      deep-is "~0.1.3"
      fast-levenshtein "~2.0.4"
      levn "~0.3.0"
      prelude-ls "~1.1.2"
      type-check "~0.3.2"
      wordwrap "~1.0.0"
  
  os-name@~1.0.3:
    version "1.0.3"
    resolved "http://registry.npm.taobao.org/os-name/download/os-name-1.0.3.tgz#1b379f64835af7c5a7f498b357cb95215c159edf"
    dependencies:
      osx-release "^1.0.0"
      win-release "^1.0.0"
  
  osx-release@^1.0.0:
    version "1.1.0"
    resolved "http://registry.npm.taobao.org/osx-release/download/osx-release-1.1.0.tgz#f217911a28136949af1bf9308b241e2737d3cd6c"
    dependencies:
      minimist "^1.1.0"
  
  p-cancelable@^0.4.0:
    version "0.4.1"
    resolved "http://registry.npm.taobao.org/p-cancelable/download/p-cancelable-0.4.1.tgz#35f363d67d52081c8d9585e37bcceb7e0bbcb2a0"
  
  p-event@^2.1.0:
    version "2.1.0"
    resolved "http://registry.npm.taobao.org/p-event/download/p-event-2.1.0.tgz#74de477a4e6b3aa8267240c7099e78ac52cb4db4"
    dependencies:
      p-timeout "^2.0.1"
  
  p-finally@^1.0.0:
    version "1.0.0"
    resolved "http://registry.npm.taobao.org/p-finally/download/p-finally-1.0.0.tgz#3fbcfb15b899a44123b34b6dcc18b724336a2cae"
  
  p-is-promise@^1.1.0:
    version "1.1.0"
    resolved "http://registry.npm.taobao.org/p-is-promise/download/p-is-promise-1.1.0.tgz#9c9456989e9f6588017b0434d56097675c3da05e"
  
  p-timeout@^2.0.1:
    version "2.0.1"
    resolved "http://registry.npm.taobao.org/p-timeout/download/p-timeout-2.0.1.tgz#d8dd1979595d2dc0139e1fe46b8b646cb3cdf038"
    dependencies:
      p-finally "^1.0.0"
  
  pac-proxy-agent@^2.0.1:
    version "2.0.2"
    resolved "http://registry.npm.taobao.org/pac-proxy-agent/download/pac-proxy-agent-2.0.2.tgz#90d9f6730ab0f4d2607dcdcd4d3d641aa26c3896"
    dependencies:
      agent-base "^4.2.0"
      debug "^3.1.0"
      get-uri "^2.0.0"
      http-proxy-agent "^2.1.0"
      https-proxy-agent "^2.2.1"
      pac-resolver "^3.0.0"
      raw-body "^2.2.0"
      socks-proxy-agent "^3.0.0"
  
  pac-resolver@^3.0.0:
    version "3.0.0"
    resolved "http://registry.npm.taobao.org/pac-resolver/download/pac-resolver-3.0.0.tgz#6aea30787db0a891704deb7800a722a7615a6f26"
    dependencies:
      co "^4.6.0"
      degenerator "^1.0.4"
      ip "^1.1.5"
      netmask "^1.0.6"
      thunkify "^2.1.2"
  
  parseurl@^1.3.2:
    version "1.3.2"
    resolved "http://registry.npm.taobao.org/parseurl/download/parseurl-1.3.2.tgz#fc289d4ed8993119460c156253262cdc8de65bf3"
  
  path-is-absolute@^1.0.0:
    version "1.0.1"
    resolved "http://registry.npm.taobao.org/path-is-absolute/download/path-is-absolute-1.0.1.tgz#174b9268735534ffbc7ace6bf53a5a9e1b5c5f5f"
  
  path-to-regexp@^1.1.1:
    version "1.7.0"
    resolved "http://registry.npm.taobao.org/path-to-regexp/download/path-to-regexp-1.7.0.tgz#59fde0f435badacba103a84e9d3bc64e96b9937d"
    dependencies:
      isarray "0.0.1"
  
  pend@~1.2.0:
    version "1.2.0"
    resolved "http://registry.npm.taobao.org/pend/download/pend-1.2.0.tgz#7a57eb550a6783f9115331fcf4663d5c8e007a50"
  
  performance-now@^2.1.0:
    version "2.1.0"
    resolved "http://registry.npm.taobao.org/performance-now/download/performance-now-2.1.0.tgz#6309f4e0e5fa913ec1c69307ae364b4b377c9e7b"
  
  pify@^2.3.0:
    version "2.3.0"
    resolved "http://registry.npm.taobao.org/pify/download/pify-2.3.0.tgz#ed141a6ac043a849ea588498e7dca8b15330e90c"
  
  pify@^3.0.0:
    version "3.0.0"
    resolved "http://registry.npm.taobao.org/pify/download/pify-3.0.0.tgz#e5a4acd2c101fdf3d9a4d07f0dbc4db49dd28176"
  
  pinkie-promise@^2.0.0:
    version "2.0.1"
    resolved "http://registry.npm.taobao.org/pinkie-promise/download/pinkie-promise-2.0.1.tgz#2135d6dfa7a358c069ac9b178776288228450ffa"
    dependencies:
      pinkie "^2.0.0"
  
  pinkie@^2.0.0:
    version "2.0.4"
    resolved "http://registry.npm.taobao.org/pinkie/download/pinkie-2.0.4.tgz#72556b80cfa0d48a974e80e77248e80ed4f7f870"
  
  platform@^1.3.1:
    version "1.3.5"
    resolved "http://registry.npm.taobao.org/platform/download/platform-1.3.5.tgz#fb6958c696e07e2918d2eeda0f0bc9448d733444"
  
  prelude-ls@~1.1.2:
    version "1.1.2"
    resolved "http://registry.npm.taobao.org/prelude-ls/download/prelude-ls-1.1.2.tgz#21932a549f5e52ffd9a827f570e04be62a97da54"
  
  prepend-http@^2.0.0:
    version "2.0.0"
    resolved "http://registry.npm.taobao.org/prepend-http/download/prepend-http-2.0.0.tgz#e92434bfa5ea8c19f41cdfd401d741a3c819d897"
  
  process-nextick-args@~2.0.0:
    version "2.0.0"
    resolved "http://registry.npm.taobao.org/process-nextick-args/download/process-nextick-args-2.0.0.tgz#a37d732f4271b4ab1ad070d35508e8290788ffaa"
  
  progress@^2.0.0:
    version "2.0.0"
    resolved "http://registry.npm.taobao.org/progress/download/progress-2.0.0.tgz#8a1be366bf8fc23db2bd23f10c6fe920b4389d1f"
  
  proto-list@~1.2.1:
    version "1.2.4"
    resolved "http://registry.npm.taobao.org/proto-list/download/proto-list-1.2.4.tgz#212d5bfe1318306a420f6402b8e26ff39647a849"
  
  proxy-agent@^2.1.0:
    version "2.3.1"
    resolved "http://registry.npm.taobao.org/proxy-agent/download/proxy-agent-2.3.1.tgz#3d49d863d46cf5f37ca8394848346ea02373eac6"
    dependencies:
      agent-base "^4.2.0"
      debug "^3.1.0"
      http-proxy-agent "^2.1.0"
      https-proxy-agent "^2.2.1"
      lru-cache "^4.1.2"
      pac-proxy-agent "^2.0.1"
      proxy-from-env "^1.0.0"
      socks-proxy-agent "^3.0.0"
  
  proxy-from-env@^1.0.0:
    version "1.0.0"
    resolved "http://registry.npm.taobao.org/proxy-from-env/download/proxy-from-env-1.0.0.tgz#33c50398f70ea7eb96d21f7b817630a55791c7ee"
  
  pseudomap@^1.0.2:
    version "1.0.2"
    resolved "http://registry.npm.taobao.org/pseudomap/download/pseudomap-1.0.2.tgz#f052a28da70e618917ef0a8ac34c1ae5a68286b3"
  
  psl@^1.1.24:
    version "1.1.29"
    resolved "http://registry.npm.taobao.org/psl/download/psl-1.1.29.tgz#60f580d360170bb722a797cc704411e6da850c67"
  
  pump@^3.0.0:
    version "3.0.0"
    resolved "http://registry.npm.taobao.org/pump/download/pump-3.0.0.tgz#b4a2116815bde2f4e1ea602354e8c75565107a64"
    dependencies:
      end-of-stream "^1.1.0"
      once "^1.3.1"
  
  punycode@^1.4.1:
    version "1.4.1"
    resolved "http://registry.npm.taobao.org/punycode/download/punycode-1.4.1.tgz#c0d5a63b2718800ad8e1eb0fa5269c84dd41845e"
  
  puppeteer-core@^1.8.0:
    version "1.8.0"
    resolved "http://registry.npm.taobao.org/puppeteer-core/download/puppeteer-core-1.8.0.tgz#d847b2889af516a8eeac63c91bba5304652f0d0b"
    dependencies:
      debug "^3.1.0"
      extract-zip "^1.6.6"
      https-proxy-agent "^2.2.1"
      mime "^2.0.3"
      progress "^2.0.0"
      proxy-from-env "^1.0.0"
      rimraf "^2.6.1"
      ws "^5.1.1"
  
  qs@^6.4.0, qs@^6.5.2, qs@~6.5.2:
    version "6.5.2"
    resolved "http://registry.npm.taobao.org/qs/download/qs-6.5.2.tgz#cb3ae806e8740444584ef154ce8ee98d403f3e36"
  
  query-string@^5.0.1:
    version "5.1.1"
    resolved "http://registry.npm.taobao.org/query-string/download/query-string-5.1.1.tgz#a78c012b71c17e05f2e3fa2319dd330682efb3cb"
    dependencies:
      decode-uri-component "^0.2.0"
      object-assign "^4.1.0"
      strict-uri-encode "^1.0.0"
  
  raw-body@^2.2.0, raw-body@^2.3.3:
    version "2.3.3"
    resolved "http://registry.npm.taobao.org/raw-body/download/raw-body-2.3.3.tgz#1b324ece6b5706e153855bc1148c65bb7f6ea0c3"
    dependencies:
      bytes "3.0.0"
      http-errors "1.6.3"
      iconv-lite "0.4.23"
      unpipe "1.0.0"
  
  readable-stream@1.1.x:
    version "1.1.14"
    resolved "http://registry.npm.taobao.org/readable-stream/download/readable-stream-1.1.14.tgz#7cf4c54ef648e3813084c636dd2079e166c081d9"
    dependencies:
      core-util-is "~1.0.0"
      inherits "~2.0.1"
      isarray "0.0.1"
      string_decoder "~0.10.x"
  
  readable-stream@2, readable-stream@^2.0.0, readable-stream@^2.2.2, readable-stream@^2.3.0, readable-stream@^2.3.5, readable-stream@^2.3.6:
    version "2.3.6"
    resolved "http://registry.npm.taobao.org/readable-stream/download/readable-stream-2.3.6.tgz#b11c27d88b8ff1fbe070643cf94b0c79ae1b0aaf"
    dependencies:
      core-util-is "~1.0.0"
      inherits "~2.0.3"
      isarray "~1.0.0"
      process-nextick-args "~2.0.0"
      safe-buffer "~5.1.1"
      string_decoder "~1.1.1"
      util-deprecate "~1.0.1"
  
  redeyed@~2.1.0:
    version "2.1.1"
    resolved "http://registry.npm.taobao.org/redeyed/download/redeyed-2.1.1.tgz#8984b5815d99cb220469c99eeeffe38913e6cc0b"
    dependencies:
      esprima "~4.0.0"
  
  redis-commands@^1.2.0:
    version "1.3.5"
    resolved "http://registry.npm.taobao.org/redis-commands/download/redis-commands-1.3.5.tgz#4495889414f1e886261180b1442e7295602d83a2"
  
  redis-errors@^1.0.0, redis-errors@^1.2.0:
    version "1.2.0"
    resolved "http://registry.npm.taobao.org/redis-errors/download/redis-errors-1.2.0.tgz#eb62d2adb15e4eaf4610c04afe1529384250abad"
  
  redis-parser@^3.0.0:
    version "3.0.0"
    resolved "http://registry.npm.taobao.org/redis-parser/download/redis-parser-3.0.0.tgz#b66d828cdcafe6b4b8a428a7def4c6bcac31c8b4"
    dependencies:
      redis-errors "^1.0.0"
  
  reflect-metadata@^0.1.12:
    version "0.1.12"
    resolved "http://registry.npm.taobao.org/reflect-metadata/download/reflect-metadata-0.1.12.tgz#311bf0c6b63cd782f228a81abe146a2bfa9c56f2"
  
  request@^2.88.0:
    version "2.88.0"
    resolved "http://registry.npm.taobao.org/request/download/request-2.88.0.tgz#9c2fca4f7d35b592efe57c7f0a55e81052124fef"
    dependencies:
      aws-sign2 "~0.7.0"
      aws4 "^1.8.0"
      caseless "~0.12.0"
      combined-stream "~1.0.6"
      extend "~3.0.2"
      forever-agent "~0.6.1"
      form-data "~2.3.2"
      har-validator "~5.1.0"
      http-signature "~1.2.0"
      is-typedarray "~1.0.0"
      isstream "~0.1.2"
      json-stringify-safe "~5.0.1"
      mime-types "~2.1.19"
      oauth-sign "~0.9.0"
      performance-now "^2.1.0"
      qs "~6.5.2"
      safe-buffer "^5.1.2"
      tough-cookie "~2.4.3"
      tunnel-agent "^0.6.0"
      uuid "^3.3.2"
  
  responselike@1.0.2:
    version "1.0.2"
    resolved "http://registry.npm.taobao.org/responselike/download/responselike-1.0.2.tgz#918720ef3b631c5642be068f15ade5a46f4ba1e7"
    dependencies:
      lowercase-keys "^1.0.0"
  
  retry-as-promised@^2.3.2:
    version "2.3.2"
    resolved "http://registry.npm.taobao.org/retry-as-promised/download/retry-as-promised-2.3.2.tgz#cd974ee4fd9b5fe03cbf31871ee48221c07737b7"
    dependencies:
      bluebird "^3.4.6"
      debug "^2.6.9"
  
  rfdc@^1.1.2:
    version "1.1.2"
    resolved "http://registry.npm.taobao.org/rfdc/download/rfdc-1.1.2.tgz#e6e72d74f5dc39de8f538f65e00c36c18018e349"
  
  rimraf@^2.6.1:
    version "2.6.2"
    resolved "http://registry.npm.taobao.org/rimraf/download/rimraf-2.6.2.tgz#2ed8150d24a16ea8651e6d6ef0f47c4158ce7a36"
    dependencies:
      glob "^7.0.5"
  
  safe-buffer@^5.0.1, safe-buffer@^5.1.1, safe-buffer@^5.1.2, safe-buffer@~5.1.0, safe-buffer@~5.1.1:
    version "5.1.2"
    resolved "http://registry.npm.taobao.org/safe-buffer/download/safe-buffer-5.1.2.tgz#991ec69d296e0313747d59bdfd2b745c35f8828d"
  
  "safer-buffer@>= 2.1.2 < 3", safer-buffer@^2.0.2, safer-buffer@^2.1.0, safer-buffer@~2.1.0:
    version "2.1.2"
    resolved "http://registry.npm.taobao.org/safer-buffer/download/safer-buffer-2.1.2.tgz#44fa161b0187b9549dd84bb91802f9bd8385cd6a"
  
  sax@>=0.6.0:
    version "1.2.4"
    resolved "http://registry.npm.taobao.org/sax/download/sax-1.2.4.tgz#2816234e2378bddc4e5354fab5caa895df7100d9"
  
  sdk-base@^2.0.1:
    version "2.0.1"
    resolved "http://registry.npm.taobao.org/sdk-base/download/sdk-base-2.0.1.tgz#ba40289e8bdf272ed11dd9ea97eaf98e036d24c6"
    dependencies:
      get-ready "~1.0.0"
  
  seek-bzip@^1.0.5:
    version "1.0.5"
    resolved "http://registry.npm.taobao.org/seek-bzip/download/seek-bzip-1.0.5.tgz#cfe917cb3d274bcffac792758af53173eb1fabdc"
    dependencies:
      commander "~2.8.1"
  
  semver@^5.0.1, semver@^5.5.0:
    version "5.5.1"
    resolved "http://registry.npm.taobao.org/semver/download/semver-5.5.1.tgz#7dfdd8814bdb7cabc7be0fb1d734cfb66c940477"
  
  seq-queue@0.0.5:
    version "0.0.5"
    resolved "http://registry.npm.taobao.org/seq-queue/download/seq-queue-0.0.5.tgz#d56812e1c017a6e4e7c3e3a37a1da6d78dd3c93e"
  
  sequelize-typescript@^0.6.6:
    version "0.6.6"
    resolved "http://registry.npm.taobao.org/sequelize-typescript/download/sequelize-typescript-0.6.6.tgz#926037b542dae9f4eff20609d095cc5e3a3640f3"
    dependencies:
      "@types/bluebird" "3.5.18"
      "@types/node" "6.0.41"
      "@types/sequelize" "4.27.24"
      es6-shim "0.35.3"
      glob "7.1.2"
  
  sequelize@^4.38.0:
    version "4.38.1"
    resolved "http://registry.npm.taobao.org/sequelize/download/sequelize-4.38.1.tgz#4fd832c33c0ff44a6516bf7133b1ec6311fa4297"
    dependencies:
      bluebird "^3.5.0"
      cls-bluebird "^2.1.0"
      debug "^3.1.0"
      depd "^1.1.0"
      dottie "^2.0.0"
      generic-pool "^3.4.0"
      inflection "1.12.0"
      lodash "^4.17.1"
      moment "^2.20.0"
      moment-timezone "^0.5.14"
      retry-as-promised "^2.3.2"
      semver "^5.5.0"
      terraformer-wkt-parser "^1.1.2"
      toposort-class "^1.0.1"
      uuid "^3.2.1"
      validator "^10.4.0"
      wkx "^0.4.1"
  
  setprototypeof@1.1.0:
    version "1.1.0"
    resolved "http://registry.npm.taobao.org/setprototypeof/download/setprototypeof-1.1.0.tgz#d0bd85536887b6fe7c0d818cb962d9d91c54e656"
  
  shimmer@^1.1.0:
    version "1.2.0"
    resolved "http://registry.npm.taobao.org/shimmer/download/shimmer-1.2.0.tgz#f966f7555789763e74d8841193685a5e78736665"
  
  smart-buffer@^1.0.13:
    version "1.1.15"
    resolved "http://registry.npm.taobao.org/smart-buffer/download/smart-buffer-1.1.15.tgz#7f114b5b65fab3e2a35aa775bb12f0d1c649bf16"
  
  socks-proxy-agent@^3.0.0:
    version "3.0.1"
    resolved "http://registry.npm.taobao.org/socks-proxy-agent/download/socks-proxy-agent-3.0.1.tgz#2eae7cf8e2a82d34565761539a7f9718c5617659"
    dependencies:
      agent-base "^4.1.0"
      socks "^1.1.10"
  
  socks@^1.1.10:
    version "1.1.10"
    resolved "http://registry.npm.taobao.org/socks/download/socks-1.1.10.tgz#5b8b7fc7c8f341c53ed056e929b7bf4de8ba7b5a"
    dependencies:
      ip "^1.1.4"
      smart-buffer "^1.0.13"
  
  sort-keys-length@^1.0.0:
    version "1.0.1"
    resolved "http://registry.npm.taobao.org/sort-keys-length/download/sort-keys-length-1.0.1.tgz#9cb6f4f4e9e48155a6aa0671edd336ff1479a188"
    dependencies:
      sort-keys "^1.0.0"
  
  sort-keys@^1.0.0:
    version "1.1.2"
    resolved "http://registry.npm.taobao.org/sort-keys/download/sort-keys-1.1.2.tgz#441b6d4d346798f1b4e49e8920adfba0e543f9ad"
    dependencies:
      is-plain-obj "^1.0.0"
  
  sort-keys@^2.0.0:
    version "2.0.0"
    resolved "http://registry.npm.taobao.org/sort-keys/download/sort-keys-2.0.0.tgz#658535584861ec97d730d6cf41822e1f56684128"
    dependencies:
      is-plain-obj "^1.0.0"
  
  source-map@~0.6.1:
    version "0.6.1"
    resolved "http://registry.npm.taobao.org/source-map/download/source-map-0.6.1.tgz#74722af32e9614e9c287a8d0bbde48b5e2f1a263"
  
  sprintf-js@~1.0.2:
    version "1.0.3"
    resolved "http://registry.npm.taobao.org/sprintf-js/download/sprintf-js-1.0.3.tgz#04e6926f662895354f3dd015203633b857297e2c"
  
  sqlstring@2.3.1:
    version "2.3.1"
    resolved "http://registry.npm.taobao.org/sqlstring/download/sqlstring-2.3.1.tgz#475393ff9e91479aea62dcaf0ca3d14983a7fb40"
  
  sshpk@^1.7.0:
    version "1.14.2"
    resolved "http://registry.npm.taobao.org/sshpk/download/sshpk-1.14.2.tgz#c6fc61648a3d9c4e764fd3fcdf4ea105e492ba98"
    dependencies:
      asn1 "~0.2.3"
      assert-plus "^1.0.0"
      dashdash "^1.12.0"
      getpass "^0.1.1"
      safer-buffer "^2.0.2"
    optionalDependencies:
      bcrypt-pbkdf "^1.0.0"
      ecc-jsbn "~0.1.1"
      jsbn "~0.1.0"
      tweetnacl "~0.14.0"
  
  standard-as-callback@^1.0.0:
    version "1.0.1"
    resolved "http://registry.npm.taobao.org/standard-as-callback/download/standard-as-callback-1.0.1.tgz#2e9e1e9d278d7d77580253faaec42269015e3c1d"
  
  "statuses@>= 1.4.0 < 2", "statuses@>= 1.5.0 < 2", statuses@^1.3.1, statuses@^1.5.0:
    version "1.5.0"
    resolved "http://registry.npm.taobao.org/statuses/download/statuses-1.5.0.tgz#161c7dac177659fd9811f43771fa99381478628c"
  
  stream-http@2.8.2:
    version "2.8.2"
    resolved "http://registry.npm.taobao.org/stream-http/download/stream-http-2.8.2.tgz#4126e8c6b107004465918aa2fc35549e77402c87"
    dependencies:
      builtin-status-codes "^3.0.0"
      inherits "^2.0.1"
      readable-stream "^2.3.6"
      to-arraybuffer "^1.0.0"
      xtend "^4.0.0"
  
  stream-wormhole@^1.0.4:
    version "1.1.0"
    resolved "http://registry.npm.taobao.org/stream-wormhole/download/stream-wormhole-1.1.0.tgz#300aff46ced553cfec642a05251885417693c33d"
  
  streamroller@0.7.0:
    version "0.7.0"
    resolved "http://registry.npm.taobao.org/streamroller/download/streamroller-0.7.0.tgz#a1d1b7cf83d39afb0d63049a5acbf93493bdf64b"
    dependencies:
      date-format "^1.2.0"
      debug "^3.1.0"
      mkdirp "^0.5.1"
      readable-stream "^2.3.0"
  
  strict-uri-encode@^1.0.0:
    version "1.1.0"
    resolved "http://registry.npm.taobao.org/strict-uri-encode/download/strict-uri-encode-1.1.0.tgz#279b225df1d582b1f54e65addd4352e18faa0713"
  
  string_decoder@~0.10.x:
    version "0.10.31"
    resolved "http://registry.npm.taobao.org/string_decoder/download/string_decoder-0.10.31.tgz#62e203bc41766c6c28c9fc84301dab1c5310fa94"
  
  string_decoder@~1.1.1:
    version "1.1.1"
    resolved "http://registry.npm.taobao.org/string_decoder/download/string_decoder-1.1.1.tgz#9cf1611ba62685d7030ae9e4ba34149c3af03fc8"
    dependencies:
      safe-buffer "~5.1.0"
  
  strip-dirs@^2.0.0:
    version "2.1.0"
    resolved "http://registry.npm.taobao.org/strip-dirs/download/strip-dirs-2.1.0.tgz#4987736264fc344cf20f6c34aca9d13d1d4ed6c5"
    dependencies:
      is-natural-number "^4.0.1"
  
  strip-outer@^1.0.0:
    version "1.0.1"
    resolved "http://registry.npm.taobao.org/strip-outer/download/strip-outer-1.0.1.tgz#b2fd2abf6604b9d1e6013057195df836b8a9d631"
    dependencies:
      escape-string-regexp "^1.0.2"
  
  tar-stream@^1.5.2:
    version "1.6.1"
    resolved "http://registry.npm.taobao.org/tar-stream/download/tar-stream-1.6.1.tgz#f84ef1696269d6223ca48f6e1eeede3f7e81f395"
    dependencies:
      bl "^1.0.0"
      buffer-alloc "^1.1.0"
      end-of-stream "^1.0.0"
      fs-constants "^1.0.0"
      readable-stream "^2.3.0"
      to-buffer "^1.1.0"
      xtend "^4.0.0"
  
  terraformer-wkt-parser@^1.1.2:
    version "1.2.0"
    resolved "http://registry.npm.taobao.org/terraformer-wkt-parser/download/terraformer-wkt-parser-1.2.0.tgz#c9d6ac3dff25f4c0bd344e961f42694961834c34"
    dependencies:
      "@types/geojson" "^1.0.0"
      terraformer "~1.0.5"
  
  terraformer@~1.0.5:
    version "1.0.9"
    resolved "http://registry.npm.taobao.org/terraformer/download/terraformer-1.0.9.tgz#77851fef4a49c90b345dc53cf26809fdf29dcda6"
    optionalDependencies:
      "@types/geojson" "^1.0.0"
  
  thenify-all@^1.0.0:
    version "1.6.0"
    resolved "http://registry.npm.taobao.org/thenify-all/download/thenify-all-1.6.0.tgz#1a1918d402d8fc3f98fbf234db0bcc8cc10e9726"
    dependencies:
      thenify ">= 3.1.0 < 4"
  
  "thenify@>= 3.1.0 < 4":
    version "3.3.0"
    resolved "http://registry.npm.taobao.org/thenify/download/thenify-3.3.0.tgz#e69e38a1babe969b0108207978b9f62b88604839"
    dependencies:
      any-promise "^1.0.0"
  
  through@^2.3.6:
    version "2.3.8"
    resolved "http://registry.npm.taobao.org/through/download/through-2.3.8.tgz#0dd4c9ffaabc357960b1b724115d7e0e86a2e1f5"
  
  thunkify@^2.1.2:
    version "2.1.2"
    resolved "http://registry.npm.taobao.org/thunkify/download/thunkify-2.1.2.tgz#faa0e9d230c51acc95ca13a361ac05ca7e04553d"
  
  timed-out@^4.0.1:
    version "4.0.1"
    resolved "http://registry.npm.taobao.org/timed-out/download/timed-out-4.0.1.tgz#f32eacac5a175bea25d7fab565ab3ed8741ef56f"
  
  to-arraybuffer@^1.0.0:
    version "1.0.1"
    resolved "http://registry.npm.taobao.org/to-arraybuffer/download/to-arraybuffer-1.0.1.tgz#7d229b1fcc637e466ca081180836a7aabff83f43"
  
  to-buffer@^1.1.0:
    version "1.1.1"
    resolved "http://registry.npm.taobao.org/to-buffer/download/to-buffer-1.1.1.tgz#493bd48f62d7c43fcded313a03dcadb2e1213a80"
  
  toidentifier@1.0.0:
    version "1.0.0"
    resolved "http://registry.npm.taobao.org/toidentifier/download/toidentifier-1.0.0.tgz#7e1be3470f1e77948bc43d94a3c8f4d7752ba553"
  
  toposort-class@^1.0.1:
    version "1.0.1"
    resolved "http://registry.npm.taobao.org/toposort-class/download/toposort-class-1.0.1.tgz#7ffd1f78c8be28c3ba45cd4e1a3f5ee193bd9988"
  
  tough-cookie@~2.4.3:
    version "2.4.3"
    resolved "http://registry.npm.taobao.org/tough-cookie/download/tough-cookie-2.4.3.tgz#53f36da3f47783b0925afa06ff9f3b165280f781"
    dependencies:
      psl "^1.1.24"
      punycode "^1.4.1"
  
  trim-repeated@^1.0.0:
    version "1.0.0"
    resolved "http://registry.npm.taobao.org/trim-repeated/download/trim-repeated-1.0.0.tgz#e3646a2ea4e891312bf7eace6cfb05380bc01c21"
    dependencies:
      escape-string-regexp "^1.0.2"
  
  tunnel-agent@^0.6.0:
    version "0.6.0"
    resolved "http://registry.npm.taobao.org/tunnel-agent/download/tunnel-agent-0.6.0.tgz#27a5dea06b36b04a0a9966774b290868f0fc40fd"
    dependencies:
      safe-buffer "^5.0.1"
  
  tweetnacl@^0.14.3, tweetnacl@~0.14.0:
    version "0.14.5"
    resolved "http://registry.npm.taobao.org/tweetnacl/download/tweetnacl-0.14.5.tgz#5ae68177f192d4456269d108afa93ff8743f4f64"
  
  type-check@~0.3.2:
    version "0.3.2"
    resolved "http://registry.npm.taobao.org/type-check/download/type-check-0.3.2.tgz#5884cab512cf1d355e3fb784f30804b2b520db72"
    dependencies:
      prelude-ls "~1.1.2"
  
  type-is@^1.6.16:
    version "1.6.16"
    resolved "http://registry.npm.taobao.org/type-is/download/type-is-1.6.16.tgz#f89ce341541c672b25ee7ae3c73dee3b2be50194"
    dependencies:
      media-typer "0.3.0"
      mime-types "~2.1.18"
  
  typedarray@^0.0.6:
    version "0.0.6"
    resolved "http://registry.npm.taobao.org/typedarray/download/typedarray-0.0.6.tgz#867ac74e3864187b1d3d47d996a78ec5c8830777"
  
  typescript@^3.0.3:
    version "3.0.3"
    resolved "http://registry.npm.taobao.org/typescript/download/typescript-3.0.3.tgz#4853b3e275ecdaa27f78fda46dc273a7eb7fc1c8"
  
  unbzip2-stream@^1.0.9:
    version "1.2.5"
    resolved "http://registry.npm.taobao.org/unbzip2-stream/download/unbzip2-stream-1.2.5.tgz#73a033a567bbbde59654b193c44d48a7e4f43c47"
    dependencies:
      buffer "^3.0.1"
      through "^2.3.6"
  
  unescape@^1.0.1:
    version "1.0.1"
    resolved "http://registry.npm.taobao.org/unescape/download/unescape-1.0.1.tgz#956e430f61cad8a4d57d82c518f5e6cc5d0dda96"
    dependencies:
      extend-shallow "^2.0.1"
  
  unpipe@1.0.0:
    version "1.0.0"
    resolved "http://registry.npm.taobao.org/unpipe/download/unpipe-1.0.0.tgz#b2bf4ee8514aae6165b4817829d21b2ef49904ec"
  
  urijs@^1.19.0:
    version "1.19.1"
    resolved "http://registry.npm.taobao.org/urijs/download/urijs-1.19.1.tgz#5b0ff530c0cbde8386f6342235ba5ca6e995d25a"
  
  url-parse-lax@^3.0.0:
    version "3.0.0"
    resolved "http://registry.npm.taobao.org/url-parse-lax/download/url-parse-lax-3.0.0.tgz#16b5cafc07dbe3676c1b1999177823d6503acb0c"
    dependencies:
      prepend-http "^2.0.0"
  
  url-to-options@^1.0.1:
    version "1.0.1"
    resolved "http://registry.npm.taobao.org/url-to-options/download/url-to-options-1.0.1.tgz#1505a03a289a48cbd7a434efbaeec5055f5633a9"
  
  urllib@^2.17.1:
    version "2.29.1"
    resolved "http://registry.npm.taobao.org/urllib/download/urllib-2.29.1.tgz#2164cc1f47cb8351fc77954a5017b1b3a2a046ed"
    dependencies:
      any-promise "^1.3.0"
      content-type "^1.0.2"
      debug "^2.6.0"
      default-user-agent "^1.0.0"
      digest-header "^0.0.1"
      ee-first "~1.1.1"
      humanize-ms "^1.2.0"
      iconv-lite "^0.4.15"
      ip "^1.1.5"
      proxy-agent "^2.1.0"
      pump "^3.0.0"
      qs "^6.4.0"
      statuses "^1.3.1"
      utility "^1.12.0"
  
  util-deprecate@~1.0.1:
    version "1.0.2"
    resolved "http://registry.npm.taobao.org/util-deprecate/download/util-deprecate-1.0.2.tgz#450d4dc9fa70de732762fbd2d4a28981419a0ccf"
  
  utility@0.1.11:
    version "0.1.11"
    resolved "http://registry.npm.taobao.org/utility/download/utility-0.1.11.tgz#fde60cf9b4e4751947a0cf5d104ce29367226715"
    dependencies:
      address ">=0.0.1"
  
  utility@^1.12.0, utility@^1.8.0:
    version "1.15.0"
    resolved "http://registry.npm.taobao.org/utility/download/utility-1.15.0.tgz#660d81c656a3c50e3c3b75d5fc440d74fa876dfa"
    dependencies:
      copy-to "^2.0.1"
      escape-html "^1.0.3"
      mkdirp "^0.5.1"
      mz "^2.7.0"
      unescape "^1.0.1"
  
  uuid@^3.2.1, uuid@^3.3.2:
    version "3.3.2"
    resolved "http://registry.npm.taobao.org/uuid/download/uuid-3.3.2.tgz#1b4af4955eb3077c501c23872fc6513811587131"
  
  validator@^10.4.0, validator@^10.7.1:
    version "10.7.1"
    resolved "http://registry.npm.taobao.org/validator/download/validator-10.7.1.tgz#dd4cc750c2134ce4a15a2acfc7b233669d659c5b"
  
  vary@^1.1.2:
    version "1.1.2"
    resolved "http://registry.npm.taobao.org/vary/download/vary-1.1.2.tgz#2299f02c6ded30d4a5961b0b9f74524a18f634fc"
  
  verror@1.10.0:
    version "1.10.0"
    resolved "http://registry.npm.taobao.org/verror/download/verror-1.10.0.tgz#3a105ca17053af55d6e270c1f8288682e18da400"
    dependencies:
      assert-plus "^1.0.0"
      core-util-is "1.0.2"
      extsprintf "^1.2.0"
  
  win-release@^1.0.0:
    version "1.1.1"
    resolved "http://registry.npm.taobao.org/win-release/download/win-release-1.1.1.tgz#5fa55e02be7ca934edfc12665632e849b72e5209"
    dependencies:
      semver "^5.0.1"
  
  wkx@^0.4.1:
    version "0.4.5"
    resolved "http://registry.npm.taobao.org/wkx/download/wkx-0.4.5.tgz#a85e15a6e69d1bfaec2f3c523be3dfa40ab861d0"
    dependencies:
      "@types/node" "*"
  
  wordwrap@~1.0.0:
    version "1.0.0"
    resolved "http://registry.npm.taobao.org/wordwrap/download/wordwrap-1.0.0.tgz#27584810891456a4171c8d0226441ade90cbcaeb"
  
  wrappy@1:
    version "1.0.2"
    resolved "http://registry.npm.taobao.org/wrappy/download/wrappy-1.0.2.tgz#b5243d8f3ec1aa35f1364605bc0d1036e30ab69f"
  
  ws@^5.1.1:
    version "5.2.2"
    resolved "http://registry.npm.taobao.org/ws/download/ws-5.2.2.tgz#dffef14866b8e8dc9133582514d1befaf96e980f"
    dependencies:
      async-limiter "~1.0.0"
  
  xml2js@^0.4.16:
    version "0.4.19"
    resolved "http://registry.npm.taobao.org/xml2js/download/xml2js-0.4.19.tgz#686c20f213209e94abf0d1bcf1efaa291c7827a7"
    dependencies:
      sax ">=0.6.0"
      xmlbuilder "~9.0.1"
  
  xmlbuilder@~9.0.1:
    version "9.0.7"
    resolved "http://registry.npm.taobao.org/xmlbuilder/download/xmlbuilder-9.0.7.tgz#132ee63d2ec5565c557e20f4c22df9aca686b10d"
  
  xregexp@2.0.0:
    version "2.0.0"
    resolved "http://registry.npm.taobao.org/xregexp/download/xregexp-2.0.0.tgz#52a63e56ca0b84a7f3a5f3d61872f126ad7a5943"
  
  xtend@^4.0.0:
    version "4.0.1"
    resolved "http://registry.npm.taobao.org/xtend/download/xtend-4.0.1.tgz#a5c6d532be656e23db820efb943a1f04998d63af"
  
  yallist@^2.1.2:
    version "2.1.2"
    resolved "http://registry.npm.taobao.org/yallist/download/yallist-2.1.2.tgz#1c11f9218f076089a47dd512f93c6699a6a81d52"
  
  yauzl@2.4.1:
    version "2.4.1"
    resolved "http://registry.npm.taobao.org/yauzl/download/yauzl-2.4.1.tgz#9528f442dab1b2284e58b4379bb194e22e0c4005"
    dependencies:
      fd-slicer "~1.0.1"
  
  yauzl@^2.4.2:
    version "2.10.0"
    resolved "http://registry.npm.taobao.org/yauzl/download/yauzl-2.10.0.tgz#c7eb17c93e112cb1086fa6d8e51fb0667b79a5f9"
    dependencies:
      buffer-crc32 "~0.2.3"
      fd-slicer "~1.1.0"
  
  ylru@^1.2.0:
    version "1.2.1"
    resolved "http://registry.npm.taobao.org/ylru/download/ylru-1.2.1.tgz#f576b63341547989c1de7ba288760923b27fe84f"
