[2018-09-21T23:49:08.885] [INFO] db - Executing (default): SELECT `id`, `username`, `password`, `type`, `counter`, `enable`, `cookie`, `user_agent`, `server`, `site_id`, `created_at`, `updated_at` FROM `site_account` AS `SiteAccount`;
[2018-09-21T23:49:08.910] [INFO] db - Executing (default): SELECT `id`, `name`, `host`, `slug`, `enable`, `extra`, `created_at`, `updated_at` FROM `site` AS `Site` WHERE `Site`.`id` = 1;
[2018-09-21T23:49:08.916] [INFO] db - Executing (default): SELECT `id`, `name`, `host`, `slug`, `enable`, `extra`, `created_at`, `updated_at` FROM `site` AS `Site` WHERE `Site`.`id` = 1;
[2018-09-21T23:49:08.919] [INFO] db - Executing (default): SELECT `id`, `name`, `host`, `slug`, `enable`, `extra`, `created_at`, `updated_at` FROM `site` AS `Site` WHERE `Site`.`id` = 2;
[2018-09-21T23:49:08.921] [INFO] db - Executing (default): SELECT `id`, `name`, `host`, `slug`, `enable`, `extra`, `created_at`, `updated_at` FROM `site` AS `Site` WHERE `Site`.`id` = 2;
[2018-09-21T23:49:08.924] [INFO] db - Executing (default): SELECT `id`, `name`, `host`, `slug`, `enable`, `extra`, `created_at`, `updated_at` FROM `site` AS `Site` WHERE `Site`.`id` = 10;
[2018-09-21T23:49:08.926] [INFO] db - Executing (default): SELECT `id`, `name`, `host`, `slug`, `enable`, `extra`, `created_at`, `updated_at` FROM `site` AS `Site` WHERE `Site`.`id` = 9;
[2018-09-21T23:49:08.928] [INFO] db - Executing (default): SELECT `id`, `name`, `host`, `slug`, `enable`, `extra`, `created_at`, `updated_at` FROM `site` AS `Site` WHERE `Site`.`id` = 6;
[2018-09-21T23:49:08.931] [INFO] db - Executing (default): SELECT `id`, `name`, `host`, `slug`, `enable`, `extra`, `created_at`, `updated_at` FROM `site` AS `Site` WHERE `Site`.`id` = 6;
[2018-09-21T23:49:08.933] [INFO] db - Executing (default): SELECT `id`, `name`, `host`, `slug`, `enable`, `extra`, `created_at`, `updated_at` FROM `site` AS `Site` WHERE `Site`.`id` = 3;
[2018-09-21T23:49:08.935] [INFO] db - Executing (default): SELECT `id`, `name`, `host`, `slug`, `enable`, `extra`, `created_at`, `updated_at` FROM `site` AS `Site` WHERE `Site`.`id` = 3;
[2018-09-21T23:49:08.937] [INFO] db - Executing (default): SELECT `id`, `name`, `host`, `slug`, `enable`, `extra`, `created_at`, `updated_at` FROM `site` AS `Site` WHERE `Site`.`id` = 11;
[2018-09-21T23:50:19.422] [INFO] db - Executing (default): SELECT `id`, `username`, `password`, `type`, `counter`, `enable`, `cookie`, `user_agent`, `server`, `site_id`, `created_at`, `updated_at` FROM `site_account` AS `SiteAccount`;
[2018-09-21T23:50:19.443] [INFO] db - Executing (default): SELECT `id`, `name`, `host`, `slug`, `enable`, `extra`, `created_at`, `updated_at` FROM `site` AS `Site` WHERE `Site`.`id` = 1;
[2018-09-21T23:50:19.448] [INFO] db - Executing (default): SELECT `id`, `name`, `host`, `slug`, `enable`, `extra`, `created_at`, `updated_at` FROM `site` AS `Site` WHERE `Site`.`id` = 1;
[2018-09-21T23:50:19.451] [INFO] db - Executing (default): SELECT `id`, `name`, `host`, `slug`, `enable`, `extra`, `created_at`, `updated_at` FROM `site` AS `Site` WHERE `Site`.`id` = 2;
[2018-09-21T23:50:19.453] [INFO] db - Executing (default): SELECT `id`, `name`, `host`, `slug`, `enable`, `extra`, `created_at`, `updated_at` FROM `site` AS `Site` WHERE `Site`.`id` = 2;
[2018-09-21T23:50:19.456] [INFO] db - Executing (default): SELECT `id`, `name`, `host`, `slug`, `enable`, `extra`, `created_at`, `updated_at` FROM `site` AS `Site` WHERE `Site`.`id` = 10;
[2018-09-21T23:50:19.459] [INFO] db - Executing (default): SELECT `id`, `name`, `host`, `slug`, `enable`, `extra`, `created_at`, `updated_at` FROM `site` AS `Site` WHERE `Site`.`id` = 9;
[2018-09-21T23:50:19.461] [INFO] db - Executing (default): SELECT `id`, `name`, `host`, `slug`, `enable`, `extra`, `created_at`, `updated_at` FROM `site` AS `Site` WHERE `Site`.`id` = 6;
[2018-09-21T23:50:19.464] [INFO] db - Executing (default): SELECT `id`, `name`, `host`, `slug`, `enable`, `extra`, `created_at`, `updated_at` FROM `site` AS `Site` WHERE `Site`.`id` = 6;
[2018-09-21T23:50:19.466] [INFO] db - Executing (default): SELECT `id`, `name`, `host`, `slug`, `enable`, `extra`, `created_at`, `updated_at` FROM `site` AS `Site` WHERE `Site`.`id` = 3;
[2018-09-21T23:50:19.469] [INFO] db - Executing (default): SELECT `id`, `name`, `host`, `slug`, `enable`, `extra`, `created_at`, `updated_at` FROM `site` AS `Site` WHERE `Site`.`id` = 3;
[2018-09-21T23:50:19.471] [INFO] db - Executing (default): SELECT `id`, `name`, `host`, `slug`, `enable`, `extra`, `created_at`, `updated_at` FROM `site` AS `Site` WHERE `Site`.`id` = 11;
[2018-09-21T23:50:19.475] [INFO] db - Executing (default): SELECT `id`, `name`, `host`, `slug`, `enable`, `extra`, `created_at`, `updated_at` FROM `site` AS `Site`;
[2018-09-21T23:50:30.180] [INFO] db - Executing (default): SELECT `id`, `username`, `password`, `type`, `counter`, `enable`, `cookie`, `user_agent`, `server`, `site_id`, `created_at`, `updated_at` FROM `site_account` AS `SiteAccount`;
[2018-09-21T23:50:30.201] [INFO] db - Executing (default): SELECT `id`, `name`, `host`, `slug`, `enable`, `extra`, `created_at`, `updated_at` FROM `site` AS `Site` WHERE `Site`.`id` = 1;
[2018-09-21T23:50:30.205] [INFO] db - Executing (default): SELECT `id`, `name`, `host`, `slug`, `enable`, `extra`, `created_at`, `updated_at` FROM `site` AS `Site` WHERE `Site`.`id` = 1;
[2018-09-21T23:50:30.208] [INFO] db - Executing (default): SELECT `id`, `name`, `host`, `slug`, `enable`, `extra`, `created_at`, `updated_at` FROM `site` AS `Site` WHERE `Site`.`id` = 2;
[2018-09-21T23:50:30.211] [INFO] db - Executing (default): SELECT `id`, `name`, `host`, `slug`, `enable`, `extra`, `created_at`, `updated_at` FROM `site` AS `Site` WHERE `Site`.`id` = 2;
[2018-09-21T23:50:30.213] [INFO] db - Executing (default): SELECT `id`, `name`, `host`, `slug`, `enable`, `extra`, `created_at`, `updated_at` FROM `site` AS `Site` WHERE `Site`.`id` = 10;
[2018-09-21T23:50:30.216] [INFO] db - Executing (default): SELECT `id`, `name`, `host`, `slug`, `enable`, `extra`, `created_at`, `updated_at` FROM `site` AS `Site` WHERE `Site`.`id` = 9;
[2018-09-21T23:50:30.218] [INFO] db - Executing (default): SELECT `id`, `name`, `host`, `slug`, `enable`, `extra`, `created_at`, `updated_at` FROM `site` AS `Site` WHERE `Site`.`id` = 6;
[2018-09-21T23:50:30.220] [INFO] db - Executing (default): SELECT `id`, `name`, `host`, `slug`, `enable`, `extra`, `created_at`, `updated_at` FROM `site` AS `Site` WHERE `Site`.`id` = 6;
[2018-09-21T23:50:30.223] [INFO] db - Executing (default): SELECT `id`, `name`, `host`, `slug`, `enable`, `extra`, `created_at`, `updated_at` FROM `site` AS `Site` WHERE `Site`.`id` = 3;
[2018-09-21T23:50:30.225] [INFO] db - Executing (default): SELECT `id`, `name`, `host`, `slug`, `enable`, `extra`, `created_at`, `updated_at` FROM `site` AS `Site` WHERE `Site`.`id` = 3;
[2018-09-21T23:50:30.228] [INFO] db - Executing (default): SELECT `id`, `name`, `host`, `slug`, `enable`, `extra`, `created_at`, `updated_at` FROM `site` AS `Site` WHERE `Site`.`id` = 11;
[2018-09-21T23:50:30.231] [INFO] db - Executing (default): SELECT `id`, `name`, `host`, `slug`, `enable`, `extra`, `created_at`, `updated_at` FROM `site` AS `Site`;
[2018-09-21T23:50:38.511] [INFO] db - Executing (default): SELECT `id`, `username`, `password`, `type`, `counter`, `enable`, `cookie`, `user_agent`, `server`, `site_id`, `created_at`, `updated_at` FROM `site_account` AS `SiteAccount`;
[2018-09-21T23:50:38.532] [INFO] db - Executing (default): SELECT `id`, `name`, `host`, `slug`, `enable`, `extra`, `created_at`, `updated_at` FROM `site` AS `Site` WHERE `Site`.`id` = 1;
[2018-09-21T23:50:38.537] [INFO] db - Executing (default): SELECT `id`, `name`, `host`, `slug`, `enable`, `extra`, `created_at`, `updated_at` FROM `site` AS `Site` WHERE `Site`.`id` = 1;
[2018-09-21T23:50:38.540] [INFO] db - Executing (default): SELECT `id`, `name`, `host`, `slug`, `enable`, `extra`, `created_at`, `updated_at` FROM `site` AS `Site` WHERE `Site`.`id` = 2;
[2018-09-21T23:50:38.542] [INFO] db - Executing (default): SELECT `id`, `name`, `host`, `slug`, `enable`, `extra`, `created_at`, `updated_at` FROM `site` AS `Site` WHERE `Site`.`id` = 2;
[2018-09-21T23:50:38.545] [INFO] db - Executing (default): SELECT `id`, `name`, `host`, `slug`, `enable`, `extra`, `created_at`, `updated_at` FROM `site` AS `Site` WHERE `Site`.`id` = 10;
[2018-09-21T23:50:38.547] [INFO] db - Executing (default): SELECT `id`, `name`, `host`, `slug`, `enable`, `extra`, `created_at`, `updated_at` FROM `site` AS `Site` WHERE `Site`.`id` = 9;
[2018-09-21T23:50:38.550] [INFO] db - Executing (default): SELECT `id`, `name`, `host`, `slug`, `enable`, `extra`, `created_at`, `updated_at` FROM `site` AS `Site` WHERE `Site`.`id` = 6;
[2018-09-21T23:50:38.552] [INFO] db - Executing (default): SELECT `id`, `name`, `host`, `slug`, `enable`, `extra`, `created_at`, `updated_at` FROM `site` AS `Site` WHERE `Site`.`id` = 6;
[2018-09-21T23:50:38.555] [INFO] db - Executing (default): SELECT `id`, `name`, `host`, `slug`, `enable`, `extra`, `created_at`, `updated_at` FROM `site` AS `Site` WHERE `Site`.`id` = 3;
[2018-09-21T23:50:38.557] [INFO] db - Executing (default): SELECT `id`, `name`, `host`, `slug`, `enable`, `extra`, `created_at`, `updated_at` FROM `site` AS `Site` WHERE `Site`.`id` = 3;
[2018-09-21T23:50:38.560] [INFO] db - Executing (default): SELECT `id`, `name`, `host`, `slug`, `enable`, `extra`, `created_at`, `updated_at` FROM `site` AS `Site` WHERE `Site`.`id` = 11;
[2018-09-22T00:04:20.771] [INFO] db - Executing (default): SELECT `id`, `name`, `host`, `slug`, `enable`, `extra`, `created_at`, `updated_at` FROM `site` AS `Site` WHERE `Site`.`host` = 'www.58pic.com';
[2018-09-22T00:04:20.775] [INFO] db - Executing (default): SELECT `id`, `title`, `source`, `submit_count`, `item_id`, `status`, `fail_reason`, `error_info`, `started_at`, `notify_status`, `notify_count`, `last_notify_at`, `site_id`, `account_lock`, `account_id`, `created_at`, `updated_at` FROM `material` AS `Material` WHERE `Material`.`site_id` = 5 AND `Material`.`item_id` = '32270911' LIMIT 1;
[2018-09-22T00:04:20.800] [INFO] db - Executing (default): INSERT INTO `material` (`id`,`source`,`submit_count`,`item_id`,`status`,`notify_status`,`notify_count`,`site_id`,`account_lock`,`created_at`,`updated_at`) VALUES (DEFAULT,'http://www.58pic.com/newpic/32270911.html',0,'32270911','wait','none',0,5,false,'2018-09-22 00:04:20','2018-09-22 00:04:20');
[2018-09-22T00:04:20.812] [INFO] db - Executing (default): SELECT `id`, `name`, `host`, `slug`, `enable`, `extra`, `created_at`, `updated_at` FROM `site` AS `Site` WHERE `Site`.`id` = 5;
[2018-09-22T00:04:20.816] [INFO] db - Executing (default): SELECT `id`, `hash`, `source`, `path`, `status`, `meta`, `material_id`, `created_at`, `updated_at` FROM `material_attachment` AS `MaterialAttachment` WHERE `MaterialAttachment`.`material_id` = 87;
[2018-09-22T00:04:25.543] [INFO] db - Executing (default): SELECT `id`, `title`, `source`, `submit_count`, `item_id`, `status`, `fail_reason`, `error_info`, `started_at`, `notify_status`, `notify_count`, `last_notify_at`, `site_id`, `account_lock`, `account_id`, `created_at`, `updated_at` FROM `material` AS `Material` WHERE `Material`.`id` = 87;
[2018-09-22T00:38:24.657] [INFO] db - Executing (default): SELECT `id`, `username`, `password`, `type`, `counter`, `enable`, `cookie`, `user_agent`, `server`, `site_id`, `created_at`, `updated_at` FROM `site_account` AS `SiteAccount`;
[2018-09-22T00:38:24.665] [INFO] db - Executing (default): SELECT `id`, `username`, `password`, `type`, `counter`, `enable`, `cookie`, `user_agent`, `server`, `site_id`, `created_at`, `updated_at` FROM `site_account` AS `SiteAccount`;
[2018-09-22T00:38:24.677] [INFO] db - Executing (default): SELECT `id`, `name`, `host`, `slug`, `enable`, `extra`, `created_at`, `updated_at` FROM `site` AS `Site` WHERE `Site`.`id` = 1;
[2018-09-22T00:38:24.681] [INFO] db - Executing (default): SELECT `id`, `name`, `host`, `slug`, `enable`, `extra`, `created_at`, `updated_at` FROM `site` AS `Site` WHERE `Site`.`id` = 1;
[2018-09-22T00:38:24.684] [INFO] db - Executing (default): SELECT `id`, `name`, `host`, `slug`, `enable`, `extra`, `created_at`, `updated_at` FROM `site` AS `Site` WHERE `Site`.`id` = 2;
[2018-09-22T00:38:24.686] [INFO] db - Executing (default): SELECT `id`, `name`, `host`, `slug`, `enable`, `extra`, `created_at`, `updated_at` FROM `site` AS `Site` WHERE `Site`.`id` = 2;
[2018-09-22T00:38:24.687] [INFO] db - Executing (default): SELECT `id`, `name`, `host`, `slug`, `enable`, `extra`, `created_at`, `updated_at` FROM `site` AS `Site` WHERE `Site`.`id` = 1;
[2018-09-22T00:38:24.689] [INFO] db - Executing (default): SELECT `id`, `name`, `host`, `slug`, `enable`, `extra`, `created_at`, `updated_at` FROM `site` AS `Site` WHERE `Site`.`id` = 10;
[2018-09-22T00:38:24.691] [INFO] db - Executing (default): SELECT `id`, `name`, `host`, `slug`, `enable`, `extra`, `created_at`, `updated_at` FROM `site` AS `Site` WHERE `Site`.`id` = 9;
[2018-09-22T00:38:24.692] [INFO] db - Executing (default): SELECT `id`, `name`, `host`, `slug`, `enable`, `extra`, `created_at`, `updated_at` FROM `site` AS `Site` WHERE `Site`.`id` = 1;
[2018-09-22T00:38:24.694] [INFO] db - Executing (default): SELECT `id`, `name`, `host`, `slug`, `enable`, `extra`, `created_at`, `updated_at` FROM `site` AS `Site` WHERE `Site`.`id` = 6;
[2018-09-22T00:38:24.695] [INFO] db - Executing (default): SELECT `id`, `name`, `host`, `slug`, `enable`, `extra`, `created_at`, `updated_at` FROM `site` AS `Site` WHERE `Site`.`id` = 2;
[2018-09-22T00:38:24.696] [INFO] db - Executing (default): SELECT `id`, `name`, `host`, `slug`, `enable`, `extra`, `created_at`, `updated_at` FROM `site` AS `Site` WHERE `Site`.`id` = 6;
[2018-09-22T00:38:24.697] [INFO] db - Executing (default): SELECT `id`, `name`, `host`, `slug`, `enable`, `extra`, `created_at`, `updated_at` FROM `site` AS `Site` WHERE `Site`.`id` = 2;
[2018-09-22T00:38:24.699] [INFO] db - Executing (default): SELECT `id`, `name`, `host`, `slug`, `enable`, `extra`, `created_at`, `updated_at` FROM `site` AS `Site` WHERE `Site`.`id` = 3;
[2018-09-22T00:38:24.700] [INFO] db - Executing (default): SELECT `id`, `name`, `host`, `slug`, `enable`, `extra`, `created_at`, `updated_at` FROM `site` AS `Site` WHERE `Site`.`id` = 10;
[2018-09-22T00:38:24.701] [INFO] db - Executing (default): SELECT `id`, `name`, `host`, `slug`, `enable`, `extra`, `created_at`, `updated_at` FROM `site` AS `Site` WHERE `Site`.`id` = 3;
[2018-09-22T00:38:24.703] [INFO] db - Executing (default): SELECT `id`, `name`, `host`, `slug`, `enable`, `extra`, `created_at`, `updated_at` FROM `site` AS `Site` WHERE `Site`.`id` = 9;
[2018-09-22T00:38:24.704] [INFO] db - Executing (default): SELECT `id`, `name`, `host`, `slug`, `enable`, `extra`, `created_at`, `updated_at` FROM `site` AS `Site` WHERE `Site`.`id` = 11;
[2018-09-22T00:38:24.705] [INFO] db - Executing (default): SELECT `id`, `name`, `host`, `slug`, `enable`, `extra`, `created_at`, `updated_at` FROM `site` AS `Site` WHERE `Site`.`id` = 6;
[2018-09-22T00:38:24.708] [INFO] db - Executing (default): SELECT `id`, `name`, `host`, `slug`, `enable`, `extra`, `created_at`, `updated_at` FROM `site` AS `Site` WHERE `Site`.`id` = 6;
[2018-09-22T00:38:24.710] [INFO] db - Executing (default): SELECT `id`, `name`, `host`, `slug`, `enable`, `extra`, `created_at`, `updated_at` FROM `site` AS `Site` WHERE `Site`.`id` = 3;
[2018-09-22T00:38:24.713] [INFO] db - Executing (default): SELECT `id`, `name`, `host`, `slug`, `enable`, `extra`, `created_at`, `updated_at` FROM `site` AS `Site` WHERE `Site`.`id` = 3;
[2018-09-22T00:38:24.716] [INFO] db - Executing (default): SELECT `id`, `name`, `host`, `slug`, `enable`, `extra`, `created_at`, `updated_at` FROM `site` AS `Site` WHERE `Site`.`id` = 11;
[2018-09-22T00:38:24.721] [INFO] db - Executing (default): SELECT `id`, `name`, `host`, `slug`, `enable`, `extra`, `created_at`, `updated_at` FROM `site` AS `Site`;
[2018-09-22T00:38:57.766] [INFO] db - Executing (default): SELECT `id`, `username`, `password`, `type`, `counter`, `enable`, `cookie`, `user_agent`, `server`, `site_id`, `created_at`, `updated_at` FROM `site_account` AS `SiteAccount`;
[2018-09-22T00:38:57.790] [INFO] db - Executing (default): SELECT `id`, `name`, `host`, `slug`, `enable`, `extra`, `created_at`, `updated_at` FROM `site` AS `Site` WHERE `Site`.`id` = 1;
[2018-09-22T00:38:57.795] [INFO] db - Executing (default): SELECT `id`, `name`, `host`, `slug`, `enable`, `extra`, `created_at`, `updated_at` FROM `site` AS `Site` WHERE `Site`.`id` = 1;
[2018-09-22T00:38:57.798] [INFO] db - Executing (default): SELECT `id`, `name`, `host`, `slug`, `enable`, `extra`, `created_at`, `updated_at` FROM `site` AS `Site` WHERE `Site`.`id` = 2;
[2018-09-22T00:38:57.800] [INFO] db - Executing (default): SELECT `id`, `name`, `host`, `slug`, `enable`, `extra`, `created_at`, `updated_at` FROM `site` AS `Site` WHERE `Site`.`id` = 2;
[2018-09-22T00:38:57.803] [INFO] db - Executing (default): SELECT `id`, `name`, `host`, `slug`, `enable`, `extra`, `created_at`, `updated_at` FROM `site` AS `Site` WHERE `Site`.`id` = 10;
[2018-09-22T00:38:57.806] [INFO] db - Executing (default): SELECT `id`, `name`, `host`, `slug`, `enable`, `extra`, `created_at`, `updated_at` FROM `site` AS `Site` WHERE `Site`.`id` = 9;
[2018-09-22T00:38:57.809] [INFO] db - Executing (default): SELECT `id`, `name`, `host`, `slug`, `enable`, `extra`, `created_at`, `updated_at` FROM `site` AS `Site` WHERE `Site`.`id` = 6;
[2018-09-22T00:38:57.812] [INFO] db - Executing (default): SELECT `id`, `username`, `password`, `type`, `counter`, `enable`, `cookie`, `user_agent`, `server`, `site_id`, `created_at`, `updated_at` FROM `site_account` AS `SiteAccount`;
[2018-09-22T00:38:57.813] [INFO] db - Executing (default): SELECT `id`, `name`, `host`, `slug`, `enable`, `extra`, `created_at`, `updated_at` FROM `site` AS `Site` WHERE `Site`.`id` = 6;
[2018-09-22T00:38:57.815] [INFO] db - Executing (default): SELECT `id`, `name`, `host`, `slug`, `enable`, `extra`, `created_at`, `updated_at` FROM `site` AS `Site` WHERE `Site`.`id` = 3;
[2018-09-22T00:38:57.818] [INFO] db - Executing (default): SELECT `id`, `name`, `host`, `slug`, `enable`, `extra`, `created_at`, `updated_at` FROM `site` AS `Site` WHERE `Site`.`id` = 3;
[2018-09-22T00:38:57.820] [INFO] db - Executing (default): SELECT `id`, `name`, `host`, `slug`, `enable`, `extra`, `created_at`, `updated_at` FROM `site` AS `Site` WHERE `Site`.`id` = 11;
[2018-09-22T00:38:57.833] [INFO] db - Executing (default): SELECT `id`, `name`, `host`, `slug`, `enable`, `extra`, `created_at`, `updated_at` FROM `site` AS `Site` WHERE `Site`.`id` = 1;
[2018-09-22T00:38:57.838] [INFO] db - Executing (default): SELECT `id`, `name`, `host`, `slug`, `enable`, `extra`, `created_at`, `updated_at` FROM `site` AS `Site` WHERE `Site`.`id` = 1;
[2018-09-22T00:38:57.841] [INFO] db - Executing (default): SELECT `id`, `name`, `host`, `slug`, `enable`, `extra`, `created_at`, `updated_at` FROM `site` AS `Site` WHERE `Site`.`id` = 2;
[2018-09-22T00:38:57.843] [INFO] db - Executing (default): SELECT `id`, `name`, `host`, `slug`, `enable`, `extra`, `created_at`, `updated_at` FROM `site` AS `Site` WHERE `Site`.`id` = 2;
[2018-09-22T00:38:57.846] [INFO] db - Executing (default): SELECT `id`, `name`, `host`, `slug`, `enable`, `extra`, `created_at`, `updated_at` FROM `site` AS `Site` WHERE `Site`.`id` = 10;
[2018-09-22T00:38:57.849] [INFO] db - Executing (default): SELECT `id`, `name`, `host`, `slug`, `enable`, `extra`, `created_at`, `updated_at` FROM `site` AS `Site` WHERE `Site`.`id` = 9;
[2018-09-22T00:38:57.851] [INFO] db - Executing (default): SELECT `id`, `name`, `host`, `slug`, `enable`, `extra`, `created_at`, `updated_at` FROM `site` AS `Site` WHERE `Site`.`id` = 6;
[2018-09-22T00:38:57.854] [INFO] db - Executing (default): SELECT `id`, `name`, `host`, `slug`, `enable`, `extra`, `created_at`, `updated_at` FROM `site` AS `Site` WHERE `Site`.`id` = 6;
[2018-09-22T00:38:57.856] [INFO] db - Executing (default): SELECT `id`, `name`, `host`, `slug`, `enable`, `extra`, `created_at`, `updated_at` FROM `site` AS `Site` WHERE `Site`.`id` = 3;
[2018-09-22T00:38:57.859] [INFO] db - Executing (default): SELECT `id`, `name`, `host`, `slug`, `enable`, `extra`, `created_at`, `updated_at` FROM `site` AS `Site` WHERE `Site`.`id` = 3;
[2018-09-22T00:38:57.862] [INFO] db - Executing (default): SELECT `id`, `name`, `host`, `slug`, `enable`, `extra`, `created_at`, `updated_at` FROM `site` AS `Site` WHERE `Site`.`id` = 11;
[2018-09-22T00:38:57.867] [INFO] db - Executing (default): SELECT `id`, `name`, `host`, `slug`, `enable`, `extra`, `created_at`, `updated_at` FROM `site` AS `Site`;
[2018-09-22T07:52:53.791] [INFO] db - Executing (default): SELECT `id`, `username`, `password`, `type`, `counter`, `enable`, `cookie`, `user_agent`, `server`, `site_id`, `created_at`, `updated_at` FROM `site_account` AS `SiteAccount`;
[2018-09-22T07:52:53.796] [INFO] db - Executing (default): SELECT `id`, `username`, `password`, `type`, `counter`, `enable`, `cookie`, `user_agent`, `server`, `site_id`, `created_at`, `updated_at` FROM `site_account` AS `SiteAccount`;
[2018-09-22T07:52:53.812] [INFO] db - Executing (default): SELECT `id`, `name`, `host`, `slug`, `enable`, `extra`, `created_at`, `updated_at` FROM `site` AS `Site` WHERE `Site`.`id` = 1;
[2018-09-22T07:52:53.816] [INFO] db - Executing (default): SELECT `id`, `name`, `host`, `slug`, `enable`, `extra`, `created_at`, `updated_at` FROM `site` AS `Site` WHERE `Site`.`id` = 1;
[2018-09-22T07:52:53.817] [INFO] db - Executing (default): SELECT `id`, `name`, `host`, `slug`, `enable`, `extra`, `created_at`, `updated_at` FROM `site` AS `Site` WHERE `Site`.`id` = 1;
[2018-09-22T07:52:53.820] [INFO] db - Executing (default): SELECT `id`, `name`, `host`, `slug`, `enable`, `extra`, `created_at`, `updated_at` FROM `site` AS `Site` WHERE `Site`.`id` = 2;
[2018-09-22T07:52:53.821] [INFO] db - Executing (default): SELECT `id`, `name`, `host`, `slug`, `enable`, `extra`, `created_at`, `updated_at` FROM `site` AS `Site` WHERE `Site`.`id` = 1;
[2018-09-22T07:52:53.822] [INFO] db - Executing (default): SELECT `id`, `name`, `host`, `slug`, `enable`, `extra`, `created_at`, `updated_at` FROM `site` AS `Site` WHERE `Site`.`id` = 2;
[2018-09-22T07:52:53.824] [INFO] db - Executing (default): SELECT `id`, `name`, `host`, `slug`, `enable`, `extra`, `created_at`, `updated_at` FROM `site` AS `Site` WHERE `Site`.`id` = 2;
[2018-09-22T07:52:53.825] [INFO] db - Executing (default): SELECT `id`, `name`, `host`, `slug`, `enable`, `extra`, `created_at`, `updated_at` FROM `site` AS `Site` WHERE `Site`.`id` = 10;
[2018-09-22T07:52:53.826] [INFO] db - Executing (default): SELECT `id`, `name`, `host`, `slug`, `enable`, `extra`, `created_at`, `updated_at` FROM `site` AS `Site` WHERE `Site`.`id` = 2;
[2018-09-22T07:52:53.827] [INFO] db - Executing (default): SELECT `id`, `name`, `host`, `slug`, `enable`, `extra`, `created_at`, `updated_at` FROM `site` AS `Site` WHERE `Site`.`id` = 9;
[2018-09-22T07:52:53.829] [INFO] db - Executing (default): SELECT `id`, `name`, `host`, `slug`, `enable`, `extra`, `created_at`, `updated_at` FROM `site` AS `Site` WHERE `Site`.`id` = 10;
[2018-09-22T07:52:53.830] [INFO] db - Executing (default): SELECT `id`, `name`, `host`, `slug`, `enable`, `extra`, `created_at`, `updated_at` FROM `site` AS `Site` WHERE `Site`.`id` = 6;
[2018-09-22T07:52:53.831] [INFO] db - Executing (default): SELECT `id`, `name`, `host`, `slug`, `enable`, `extra`, `created_at`, `updated_at` FROM `site` AS `Site` WHERE `Site`.`id` = 9;
[2018-09-22T07:52:53.832] [INFO] db - Executing (default): SELECT `id`, `name`, `host`, `slug`, `enable`, `extra`, `created_at`, `updated_at` FROM `site` AS `Site` WHERE `Site`.`id` = 6;
[2018-09-22T07:52:53.834] [INFO] db - Executing (default): SELECT `id`, `name`, `host`, `slug`, `enable`, `extra`, `created_at`, `updated_at` FROM `site` AS `Site` WHERE `Site`.`id` = 6;
[2018-09-22T07:52:53.834] [INFO] db - Executing (default): SELECT `id`, `name`, `host`, `slug`, `enable`, `extra`, `created_at`, `updated_at` FROM `site` AS `Site` WHERE `Site`.`id` = 3;
[2018-09-22T07:52:53.836] [INFO] db - Executing (default): SELECT `id`, `name`, `host`, `slug`, `enable`, `extra`, `created_at`, `updated_at` FROM `site` AS `Site` WHERE `Site`.`id` = 6;
[2018-09-22T07:52:53.837] [INFO] db - Executing (default): SELECT `id`, `name`, `host`, `slug`, `enable`, `extra`, `created_at`, `updated_at` FROM `site` AS `Site` WHERE `Site`.`id` = 3;
[2018-09-22T07:52:53.839] [INFO] db - Executing (default): SELECT `id`, `name`, `host`, `slug`, `enable`, `extra`, `created_at`, `updated_at` FROM `site` AS `Site` WHERE `Site`.`id` = 3;
[2018-09-22T07:52:53.839] [INFO] db - Executing (default): SELECT `id`, `name`, `host`, `slug`, `enable`, `extra`, `created_at`, `updated_at` FROM `site` AS `Site` WHERE `Site`.`id` = 11;
[2018-09-22T07:52:53.842] [INFO] db - Executing (default): SELECT `id`, `name`, `host`, `slug`, `enable`, `extra`, `created_at`, `updated_at` FROM `site` AS `Site` WHERE `Site`.`id` = 3;
[2018-09-22T07:52:53.845] [INFO] db - Executing (default): SELECT `id`, `name`, `host`, `slug`, `enable`, `extra`, `created_at`, `updated_at` FROM `site` AS `Site` WHERE `Site`.`id` = 11;
[2018-09-22T07:52:53.849] [INFO] db - Executing (default): SELECT `id`, `name`, `host`, `slug`, `enable`, `extra`, `created_at`, `updated_at` FROM `site` AS `Site`;
[2018-09-22T07:53:21.407] [INFO] db - Executing (default): SELECT `id`, `username`, `password`, `type`, `counter`, `enable`, `cookie`, `user_agent`, `server`, `site_id`, `created_at`, `updated_at` FROM `site_account` AS `SiteAccount`;
[2018-09-22T07:53:21.427] [INFO] db - Executing (default): SELECT `id`, `name`, `host`, `slug`, `enable`, `extra`, `created_at`, `updated_at` FROM `site` AS `Site` WHERE `Site`.`id` = 1;
[2018-09-22T07:53:21.431] [INFO] db - Executing (default): SELECT `id`, `name`, `host`, `slug`, `enable`, `extra`, `created_at`, `updated_at` FROM `site` AS `Site` WHERE `Site`.`id` = 1;
[2018-09-22T07:53:21.434] [INFO] db - Executing (default): SELECT `id`, `name`, `host`, `slug`, `enable`, `extra`, `created_at`, `updated_at` FROM `site` AS `Site` WHERE `Site`.`id` = 2;
[2018-09-22T07:53:21.436] [INFO] db - Executing (default): SELECT `id`, `name`, `host`, `slug`, `enable`, `extra`, `created_at`, `updated_at` FROM `site` AS `Site` WHERE `Site`.`id` = 2;
[2018-09-22T07:53:21.439] [INFO] db - Executing (default): SELECT `id`, `name`, `host`, `slug`, `enable`, `extra`, `created_at`, `updated_at` FROM `site` AS `Site` WHERE `Site`.`id` = 10;
[2018-09-22T07:53:21.442] [INFO] db - Executing (default): SELECT `id`, `name`, `host`, `slug`, `enable`, `extra`, `created_at`, `updated_at` FROM `site` AS `Site` WHERE `Site`.`id` = 9;
[2018-09-22T07:53:21.445] [INFO] db - Executing (default): SELECT `id`, `name`, `host`, `slug`, `enable`, `extra`, `created_at`, `updated_at` FROM `site` AS `Site` WHERE `Site`.`id` = 6;
[2018-09-22T07:53:21.447] [INFO] db - Executing (default): SELECT `id`, `name`, `host`, `slug`, `enable`, `extra`, `created_at`, `updated_at` FROM `site` AS `Site` WHERE `Site`.`id` = 6;
[2018-09-22T07:53:21.450] [INFO] db - Executing (default): SELECT `id`, `name`, `host`, `slug`, `enable`, `extra`, `created_at`, `updated_at` FROM `site` AS `Site` WHERE `Site`.`id` = 3;
[2018-09-22T07:53:21.452] [INFO] db - Executing (default): SELECT `id`, `name`, `host`, `slug`, `enable`, `extra`, `created_at`, `updated_at` FROM `site` AS `Site` WHERE `Site`.`id` = 3;
[2018-09-22T07:53:21.455] [INFO] db - Executing (default): SELECT `id`, `name`, `host`, `slug`, `enable`, `extra`, `created_at`, `updated_at` FROM `site` AS `Site` WHERE `Site`.`id` = 11;
[2018-09-22T07:53:32.096] [INFO] db - Executing (default): SELECT `id`, `username`, `password`, `type`, `counter`, `enable`, `cookie`, `user_agent`, `server`, `site_id`, `created_at`, `updated_at` FROM `site_account` AS `SiteAccount`;
[2018-09-22T07:53:32.115] [INFO] db - Executing (default): SELECT `id`, `name`, `host`, `slug`, `enable`, `extra`, `created_at`, `updated_at` FROM `site` AS `Site` WHERE `Site`.`id` = 1;
[2018-09-22T07:53:32.120] [INFO] db - Executing (default): SELECT `id`, `name`, `host`, `slug`, `enable`, `extra`, `created_at`, `updated_at` FROM `site` AS `Site` WHERE `Site`.`id` = 1;
[2018-09-22T07:53:32.122] [INFO] db - Executing (default): SELECT `id`, `name`, `host`, `slug`, `enable`, `extra`, `created_at`, `updated_at` FROM `site` AS `Site` WHERE `Site`.`id` = 2;
[2018-09-22T07:53:32.125] [INFO] db - Executing (default): SELECT `id`, `name`, `host`, `slug`, `enable`, `extra`, `created_at`, `updated_at` FROM `site` AS `Site` WHERE `Site`.`id` = 2;
[2018-09-22T07:53:32.128] [INFO] db - Executing (default): SELECT `id`, `name`, `host`, `slug`, `enable`, `extra`, `created_at`, `updated_at` FROM `site` AS `Site` WHERE `Site`.`id` = 10;
[2018-09-22T07:53:32.131] [INFO] db - Executing (default): SELECT `id`, `name`, `host`, `slug`, `enable`, `extra`, `created_at`, `updated_at` FROM `site` AS `Site` WHERE `Site`.`id` = 9;
[2018-09-22T07:53:32.133] [INFO] db - Executing (default): SELECT `id`, `name`, `host`, `slug`, `enable`, `extra`, `created_at`, `updated_at` FROM `site` AS `Site` WHERE `Site`.`id` = 6;
[2018-09-22T07:53:32.136] [INFO] db - Executing (default): SELECT `id`, `name`, `host`, `slug`, `enable`, `extra`, `created_at`, `updated_at` FROM `site` AS `Site` WHERE `Site`.`id` = 6;
[2018-09-22T07:53:32.138] [INFO] db - Executing (default): SELECT `id`, `name`, `host`, `slug`, `enable`, `extra`, `created_at`, `updated_at` FROM `site` AS `Site` WHERE `Site`.`id` = 3;
[2018-09-22T07:53:32.141] [INFO] db - Executing (default): SELECT `id`, `name`, `host`, `slug`, `enable`, `extra`, `created_at`, `updated_at` FROM `site` AS `Site` WHERE `Site`.`id` = 3;
[2018-09-22T07:53:32.143] [INFO] db - Executing (default): SELECT `id`, `name`, `host`, `slug`, `enable`, `extra`, `created_at`, `updated_at` FROM `site` AS `Site` WHERE `Site`.`id` = 11;
[2018-09-22T07:53:32.147] [INFO] db - Executing (default): SELECT `id`, `name`, `host`, `slug`, `enable`, `extra`, `created_at`, `updated_at` FROM `site` AS `Site`;
[2018-09-22T07:53:50.756] [INFO] db - Executing (default): SELECT `id`, `username`, `password`, `type`, `counter`, `enable`, `cookie`, `user_agent`, `server`, `site_id`, `created_at`, `updated_at` FROM `site_account` AS `SiteAccount`;
[2018-09-22T07:53:50.771] [INFO] db - Executing (default): SELECT `id`, `username`, `password`, `type`, `counter`, `enable`, `cookie`, `user_agent`, `server`, `site_id`, `created_at`, `updated_at` FROM `site_account` AS `SiteAccount`;
[2018-09-22T07:53:50.777] [INFO] db - Executing (default): SELECT `id`, `name`, `host`, `slug`, `enable`, `extra`, `created_at`, `updated_at` FROM `site` AS `Site` WHERE `Site`.`id` = 1;
[2018-09-22T07:53:50.781] [INFO] db - Executing (default): SELECT `id`, `name`, `host`, `slug`, `enable`, `extra`, `created_at`, `updated_at` FROM `site` AS `Site` WHERE `Site`.`id` = 1;
[2018-09-22T07:53:50.784] [INFO] db - Executing (default): SELECT `id`, `name`, `host`, `slug`, `enable`, `extra`, `created_at`, `updated_at` FROM `site` AS `Site` WHERE `Site`.`id` = 2;
[2018-09-22T07:53:50.786] [INFO] db - Executing (default): SELECT `id`, `name`, `host`, `slug`, `enable`, `extra`, `created_at`, `updated_at` FROM `site` AS `Site` WHERE `Site`.`id` = 2;
[2018-09-22T07:53:50.789] [INFO] db - Executing (default): SELECT `id`, `name`, `host`, `slug`, `enable`, `extra`, `created_at`, `updated_at` FROM `site` AS `Site` WHERE `Site`.`id` = 10;
[2018-09-22T07:53:50.790] [INFO] db - Executing (default): SELECT `id`, `name`, `host`, `slug`, `enable`, `extra`, `created_at`, `updated_at` FROM `site` AS `Site` WHERE `Site`.`id` = 1;
[2018-09-22T07:53:50.791] [INFO] db - Executing (default): SELECT `id`, `name`, `host`, `slug`, `enable`, `extra`, `created_at`, `updated_at` FROM `site` AS `Site` WHERE `Site`.`id` = 9;
[2018-09-22T07:53:50.794] [INFO] db - Executing (default): SELECT `id`, `name`, `host`, `slug`, `enable`, `extra`, `created_at`, `updated_at` FROM `site` AS `Site` WHERE `Site`.`id` = 6;
[2018-09-22T07:53:50.795] [INFO] db - Executing (default): SELECT `id`, `name`, `host`, `slug`, `enable`, `extra`, `created_at`, `updated_at` FROM `site` AS `Site` WHERE `Site`.`id` = 1;
[2018-09-22T07:53:50.796] [INFO] db - Executing (default): SELECT `id`, `name`, `host`, `slug`, `enable`, `extra`, `created_at`, `updated_at` FROM `site` AS `Site` WHERE `Site`.`id` = 6;
[2018-09-22T07:53:50.797] [INFO] db - Executing (default): SELECT `id`, `name`, `host`, `slug`, `enable`, `extra`, `created_at`, `updated_at` FROM `site` AS `Site` WHERE `Site`.`id` = 2;
[2018-09-22T07:53:50.799] [INFO] db - Executing (default): SELECT `id`, `name`, `host`, `slug`, `enable`, `extra`, `created_at`, `updated_at` FROM `site` AS `Site` WHERE `Site`.`id` = 3;
[2018-09-22T07:53:50.800] [INFO] db - Executing (default): SELECT `id`, `name`, `host`, `slug`, `enable`, `extra`, `created_at`, `updated_at` FROM `site` AS `Site` WHERE `Site`.`id` = 2;
[2018-09-22T07:53:50.801] [INFO] db - Executing (default): SELECT `id`, `name`, `host`, `slug`, `enable`, `extra`, `created_at`, `updated_at` FROM `site` AS `Site` WHERE `Site`.`id` = 3;
[2018-09-22T07:53:50.803] [INFO] db - Executing (default): SELECT `id`, `name`, `host`, `slug`, `enable`, `extra`, `created_at`, `updated_at` FROM `site` AS `Site` WHERE `Site`.`id` = 10;
[2018-09-22T07:53:50.804] [INFO] db - Executing (default): SELECT `id`, `name`, `host`, `slug`, `enable`, `extra`, `created_at`, `updated_at` FROM `site` AS `Site` WHERE `Site`.`id` = 11;
[2018-09-22T07:53:50.805] [INFO] db - Executing (default): SELECT `id`, `name`, `host`, `slug`, `enable`, `extra`, `created_at`, `updated_at` FROM `site` AS `Site` WHERE `Site`.`id` = 9;
[2018-09-22T07:53:50.807] [INFO] db - Executing (default): SELECT `id`, `name`, `host`, `slug`, `enable`, `extra`, `created_at`, `updated_at` FROM `site` AS `Site`;
[2018-09-22T07:53:50.808] [INFO] db - Executing (default): SELECT `id`, `name`, `host`, `slug`, `enable`, `extra`, `created_at`, `updated_at` FROM `site` AS `Site` WHERE `Site`.`id` = 6;
[2018-09-22T07:53:50.810] [INFO] db - Executing (default): SELECT `id`, `name`, `host`, `slug`, `enable`, `extra`, `created_at`, `updated_at` FROM `site` AS `Site` WHERE `Site`.`id` = 6;
[2018-09-22T07:53:50.813] [INFO] db - Executing (default): SELECT `id`, `name`, `host`, `slug`, `enable`, `extra`, `created_at`, `updated_at` FROM `site` AS `Site` WHERE `Site`.`id` = 3;
[2018-09-22T07:53:50.815] [INFO] db - Executing (default): SELECT `id`, `name`, `host`, `slug`, `enable`, `extra`, `created_at`, `updated_at` FROM `site` AS `Site` WHERE `Site`.`id` = 3;
[2018-09-22T07:53:50.818] [INFO] db - Executing (default): SELECT `id`, `name`, `host`, `slug`, `enable`, `extra`, `created_at`, `updated_at` FROM `site` AS `Site` WHERE `Site`.`id` = 11;
[2018-09-22T07:53:58.264] [INFO] db - Executing (default): SELECT `id`, `username`, `password`, `type`, `counter`, `enable`, `cookie`, `user_agent`, `server`, `site_id`, `created_at`, `updated_at` FROM `site_account` AS `SiteAccount`;
[2018-09-22T07:53:58.284] [INFO] db - Executing (default): SELECT `id`, `name`, `host`, `slug`, `enable`, `extra`, `created_at`, `updated_at` FROM `site` AS `Site` WHERE `Site`.`id` = 1;
[2018-09-22T07:53:58.288] [INFO] db - Executing (default): SELECT `id`, `name`, `host`, `slug`, `enable`, `extra`, `created_at`, `updated_at` FROM `site` AS `Site` WHERE `Site`.`id` = 1;
[2018-09-22T07:53:58.291] [INFO] db - Executing (default): SELECT `id`, `name`, `host`, `slug`, `enable`, `extra`, `created_at`, `updated_at` FROM `site` AS `Site` WHERE `Site`.`id` = 2;
[2018-09-22T07:53:58.294] [INFO] db - Executing (default): SELECT `id`, `name`, `host`, `slug`, `enable`, `extra`, `created_at`, `updated_at` FROM `site` AS `Site` WHERE `Site`.`id` = 2;
[2018-09-22T07:53:58.296] [INFO] db - Executing (default): SELECT `id`, `name`, `host`, `slug`, `enable`, `extra`, `created_at`, `updated_at` FROM `site` AS `Site` WHERE `Site`.`id` = 10;
[2018-09-22T07:53:58.299] [INFO] db - Executing (default): SELECT `id`, `name`, `host`, `slug`, `enable`, `extra`, `created_at`, `updated_at` FROM `site` AS `Site` WHERE `Site`.`id` = 9;
[2018-09-22T07:53:58.301] [INFO] db - Executing (default): SELECT `id`, `name`, `host`, `slug`, `enable`, `extra`, `created_at`, `updated_at` FROM `site` AS `Site` WHERE `Site`.`id` = 6;
[2018-09-22T07:53:58.303] [INFO] db - Executing (default): SELECT `id`, `name`, `host`, `slug`, `enable`, `extra`, `created_at`, `updated_at` FROM `site` AS `Site` WHERE `Site`.`id` = 6;
[2018-09-22T07:53:58.306] [INFO] db - Executing (default): SELECT `id`, `name`, `host`, `slug`, `enable`, `extra`, `created_at`, `updated_at` FROM `site` AS `Site` WHERE `Site`.`id` = 3;
[2018-09-22T07:53:58.309] [INFO] db - Executing (default): SELECT `id`, `name`, `host`, `slug`, `enable`, `extra`, `created_at`, `updated_at` FROM `site` AS `Site` WHERE `Site`.`id` = 3;
[2018-09-22T07:53:58.311] [INFO] db - Executing (default): SELECT `id`, `name`, `host`, `slug`, `enable`, `extra`, `created_at`, `updated_at` FROM `site` AS `Site` WHERE `Site`.`id` = 11;
[2018-09-22T07:53:58.312] [INFO] db - Executing (default): SELECT `id`, `username`, `password`, `type`, `counter`, `enable`, `cookie`, `user_agent`, `server`, `site_id`, `created_at`, `updated_at` FROM `site_account` AS `SiteAccount`;
[2018-09-22T07:53:58.318] [INFO] db - Executing (default): SELECT `id`, `name`, `host`, `slug`, `enable`, `extra`, `created_at`, `updated_at` FROM `site` AS `Site`;
[2018-09-22T07:53:58.335] [INFO] db - Executing (default): SELECT `id`, `name`, `host`, `slug`, `enable`, `extra`, `created_at`, `updated_at` FROM `site` AS `Site` WHERE `Site`.`id` = 1;
[2018-09-22T07:53:58.340] [INFO] db - Executing (default): SELECT `id`, `name`, `host`, `slug`, `enable`, `extra`, `created_at`, `updated_at` FROM `site` AS `Site` WHERE `Site`.`id` = 1;
[2018-09-22T07:53:58.343] [INFO] db - Executing (default): SELECT `id`, `name`, `host`, `slug`, `enable`, `extra`, `created_at`, `updated_at` FROM `site` AS `Site` WHERE `Site`.`id` = 2;
[2018-09-22T07:53:58.345] [INFO] db - Executing (default): SELECT `id`, `name`, `host`, `slug`, `enable`, `extra`, `created_at`, `updated_at` FROM `site` AS `Site` WHERE `Site`.`id` = 2;
[2018-09-22T07:53:58.348] [INFO] db - Executing (default): SELECT `id`, `name`, `host`, `slug`, `enable`, `extra`, `created_at`, `updated_at` FROM `site` AS `Site` WHERE `Site`.`id` = 10;
[2018-09-22T07:53:58.351] [INFO] db - Executing (default): SELECT `id`, `name`, `host`, `slug`, `enable`, `extra`, `created_at`, `updated_at` FROM `site` AS `Site` WHERE `Site`.`id` = 9;
[2018-09-22T07:53:58.354] [INFO] db - Executing (default): SELECT `id`, `name`, `host`, `slug`, `enable`, `extra`, `created_at`, `updated_at` FROM `site` AS `Site` WHERE `Site`.`id` = 6;
[2018-09-22T07:53:58.356] [INFO] db - Executing (default): SELECT `id`, `name`, `host`, `slug`, `enable`, `extra`, `created_at`, `updated_at` FROM `site` AS `Site` WHERE `Site`.`id` = 6;
[2018-09-22T07:53:58.359] [INFO] db - Executing (default): SELECT `id`, `name`, `host`, `slug`, `enable`, `extra`, `created_at`, `updated_at` FROM `site` AS `Site` WHERE `Site`.`id` = 3;
[2018-09-22T07:53:58.362] [INFO] db - Executing (default): SELECT `id`, `name`, `host`, `slug`, `enable`, `extra`, `created_at`, `updated_at` FROM `site` AS `Site` WHERE `Site`.`id` = 3;
[2018-09-22T07:53:58.364] [INFO] db - Executing (default): SELECT `id`, `name`, `host`, `slug`, `enable`, `extra`, `created_at`, `updated_at` FROM `site` AS `Site` WHERE `Site`.`id` = 11;
[2018-09-22T08:18:39.146] [INFO] db - Executing (default): SELECT `id`, `host`, `enable`, `site_id`, `created_at`, `updated_at` FROM `site_alias` AS `SiteAlias` WHERE `SiteAlias`.`host` = 'www.58pic.com';
[2018-09-22T08:18:39.149] [INFO] db - Executing (default): SELECT `id`, `name`, `host`, `slug`, `enable`, `extra`, `created_at`, `updated_at` FROM `site` AS `Site` WHERE `Site`.`host` = 'www.58pic.com';
[2018-09-22T08:18:39.154] [INFO] db - Executing (default): SELECT `id`, `title`, `source`, `submit_count`, `item_id`, `status`, `fail_reason`, `error_info`, `started_at`, `notify_status`, `notify_count`, `last_notify_at`, `site_id`, `account_lock`, `account_id`, `created_at`, `updated_at` FROM `material` AS `Material` WHERE `Material`.`site_id` = 5 AND `Material`.`item_id` = '32311003' LIMIT 1;
[2018-09-22T08:18:39.179] [INFO] db - Executing (default): INSERT INTO `material` (`id`,`source`,`submit_count`,`item_id`,`status`,`notify_status`,`notify_count`,`site_id`,`account_lock`,`created_at`,`updated_at`) VALUES (DEFAULT,'http://www.58pic.com/newpic/32311003.html',0,'32311003','wait','none',0,5,false,'2018-09-22 08:18:39','2018-09-22 08:18:39');
[2018-09-22T08:18:39.186] [INFO] db - Executing (default): SELECT `id`, `name`, `host`, `slug`, `enable`, `extra`, `created_at`, `updated_at` FROM `site` AS `Site` WHERE `Site`.`id` = 5;
[2018-09-22T08:18:39.190] [INFO] db - Executing (default): SELECT `id`, `hash`, `source`, `path`, `status`, `meta`, `material_id`, `created_at`, `updated_at` FROM `material_attachment` AS `MaterialAttachment` WHERE `MaterialAttachment`.`material_id` = 88;
[2018-09-22T08:18:43.718] [INFO] db - Executing (default): SELECT `id`, `title`, `source`, `submit_count`, `item_id`, `status`, `fail_reason`, `error_info`, `started_at`, `notify_status`, `notify_count`, `last_notify_at`, `site_id`, `account_lock`, `account_id`, `created_at`, `updated_at` FROM `material` AS `Material` WHERE `Material`.`id` = 88;
[2018-09-22T08:18:59.161] [INFO] db - Executing (default): SELECT `id`, `host`, `enable`, `site_id`, `created_at`, `updated_at` FROM `site_alias` AS `SiteAlias` WHERE `SiteAlias`.`host` = 'www.58pic.com';
[2018-09-22T08:18:59.164] [INFO] db - Executing (default): SELECT `id`, `name`, `host`, `slug`, `enable`, `extra`, `created_at`, `updated_at` FROM `site` AS `Site` WHERE `Site`.`host` = 'www.58pic.com';
[2018-09-22T08:18:59.168] [INFO] db - Executing (default): SELECT `id`, `title`, `source`, `submit_count`, `item_id`, `status`, `fail_reason`, `error_info`, `started_at`, `notify_status`, `notify_count`, `last_notify_at`, `site_id`, `account_lock`, `account_id`, `created_at`, `updated_at` FROM `material` AS `Material` WHERE `Material`.`site_id` = 5 AND `Material`.`item_id` = '32311003' LIMIT 1;
[2018-09-22T08:18:59.176] [INFO] db - Executing (default): UPDATE `material` SET `submit_count`=1,`updated_at`='2018-09-22 08:18:59' WHERE `id` = 88
[2018-09-22T08:18:59.180] [INFO] db - Executing (default): SELECT `id`, `name`, `host`, `slug`, `enable`, `extra`, `created_at`, `updated_at` FROM `site` AS `Site` WHERE `Site`.`id` = 5;
[2018-09-22T08:18:59.183] [INFO] db - Executing (default): SELECT `id`, `hash`, `source`, `path`, `status`, `meta`, `material_id`, `created_at`, `updated_at` FROM `material_attachment` AS `MaterialAttachment` WHERE `MaterialAttachment`.`material_id` = 88;
[2018-09-22T08:19:03.730] [INFO] db - Executing (default): SELECT `id`, `title`, `source`, `submit_count`, `item_id`, `status`, `fail_reason`, `error_info`, `started_at`, `notify_status`, `notify_count`, `last_notify_at`, `site_id`, `account_lock`, `account_id`, `created_at`, `updated_at` FROM `material` AS `Material` WHERE `Material`.`id` = 88;
[2018-09-22T08:19:24.169] [INFO] db - Executing (default): SELECT `id`, `host`, `enable`, `site_id`, `created_at`, `updated_at` FROM `site_alias` AS `SiteAlias` WHERE `SiteAlias`.`host` = 'www.58pic.com';
[2018-09-22T08:19:24.171] [INFO] db - Executing (default): SELECT `id`, `name`, `host`, `slug`, `enable`, `extra`, `created_at`, `updated_at` FROM `site` AS `Site` WHERE `Site`.`host` = 'www.58pic.com';
[2018-09-22T08:19:24.175] [INFO] db - Executing (default): SELECT `id`, `title`, `source`, `submit_count`, `item_id`, `status`, `fail_reason`, `error_info`, `started_at`, `notify_status`, `notify_count`, `last_notify_at`, `site_id`, `account_lock`, `account_id`, `created_at`, `updated_at` FROM `material` AS `Material` WHERE `Material`.`site_id` = 5 AND `Material`.`item_id` = '32311003' LIMIT 1;
[2018-09-22T08:19:24.179] [INFO] db - Executing (default): UPDATE `material` SET `submit_count`=2,`updated_at`='2018-09-22 08:19:24' WHERE `id` = 88
[2018-09-22T08:19:24.184] [INFO] db - Executing (default): SELECT `id`, `name`, `host`, `slug`, `enable`, `extra`, `created_at`, `updated_at` FROM `site` AS `Site` WHERE `Site`.`id` = 5;
[2018-09-22T08:19:24.186] [INFO] db - Executing (default): SELECT `id`, `hash`, `source`, `path`, `status`, `meta`, `material_id`, `created_at`, `updated_at` FROM `material_attachment` AS `MaterialAttachment` WHERE `MaterialAttachment`.`material_id` = 88;
[2018-09-22T08:19:28.739] [INFO] db - Executing (default): SELECT `id`, `title`, `source`, `submit_count`, `item_id`, `status`, `fail_reason`, `error_info`, `started_at`, `notify_status`, `notify_count`, `last_notify_at`, `site_id`, `account_lock`, `account_id`, `created_at`, `updated_at` FROM `material` AS `Material` WHERE `Material`.`id` = 88;
[2018-09-22T08:19:50.762] [INFO] db - Executing (default): SELECT `id`, `host`, `enable`, `site_id`, `created_at`, `updated_at` FROM `site_alias` AS `SiteAlias` WHERE `SiteAlias`.`host` = 'www.58pic.com';
[2018-09-22T08:19:50.764] [INFO] db - Executing (default): SELECT `id`, `name`, `host`, `slug`, `enable`, `extra`, `created_at`, `updated_at` FROM `site` AS `Site` WHERE `Site`.`host` = 'www.58pic.com';
[2018-09-22T08:19:50.766] [INFO] db - Executing (default): SELECT `id`, `title`, `source`, `submit_count`, `item_id`, `status`, `fail_reason`, `error_info`, `started_at`, `notify_status`, `notify_count`, `last_notify_at`, `site_id`, `account_lock`, `account_id`, `created_at`, `updated_at` FROM `material` AS `Material` WHERE `Material`.`site_id` = 5 AND `Material`.`item_id` = '32311003' LIMIT 1;
[2018-09-22T08:19:50.770] [INFO] db - Executing (default): UPDATE `material` SET `submit_count`=3,`updated_at`='2018-09-22 08:19:50' WHERE `id` = 88
[2018-09-22T08:19:50.775] [INFO] db - Executing (default): SELECT `id`, `name`, `host`, `slug`, `enable`, `extra`, `created_at`, `updated_at` FROM `site` AS `Site` WHERE `Site`.`id` = 5;
[2018-09-22T08:19:50.778] [INFO] db - Executing (default): SELECT `id`, `hash`, `source`, `path`, `status`, `meta`, `material_id`, `created_at`, `updated_at` FROM `material_attachment` AS `MaterialAttachment` WHERE `MaterialAttachment`.`material_id` = 88;
[2018-09-22T08:19:53.748] [INFO] db - Executing (default): SELECT `id`, `title`, `source`, `submit_count`, `item_id`, `status`, `fail_reason`, `error_info`, `started_at`, `notify_status`, `notify_count`, `last_notify_at`, `site_id`, `account_lock`, `account_id`, `created_at`, `updated_at` FROM `material` AS `Material` WHERE `Material`.`id` = 88;
[2018-09-22T08:19:57.039] [INFO] db - Executing (default): SELECT `id`, `host`, `enable`, `site_id`, `created_at`, `updated_at` FROM `site_alias` AS `SiteAlias` WHERE `SiteAlias`.`host` = 'www.58pic.com';
[2018-09-22T08:19:57.042] [INFO] db - Executing (default): SELECT `id`, `name`, `host`, `slug`, `enable`, `extra`, `created_at`, `updated_at` FROM `site` AS `Site` WHERE `Site`.`host` = 'www.58pic.com';
[2018-09-22T08:19:57.045] [INFO] db - Executing (default): SELECT `id`, `title`, `source`, `submit_count`, `item_id`, `status`, `fail_reason`, `error_info`, `started_at`, `notify_status`, `notify_count`, `last_notify_at`, `site_id`, `account_lock`, `account_id`, `created_at`, `updated_at` FROM `material` AS `Material` WHERE `Material`.`site_id` = 5 AND `Material`.`item_id` = '32311003' LIMIT 1;
[2018-09-22T08:19:57.049] [INFO] db - Executing (default): UPDATE `material` SET `submit_count`=4,`updated_at`='2018-09-22 08:19:57' WHERE `id` = 88
[2018-09-22T08:19:57.078] [INFO] db - Executing (default): SELECT `id`, `name`, `host`, `slug`, `enable`, `extra`, `created_at`, `updated_at` FROM `site` AS `Site` WHERE `Site`.`id` = 5;
[2018-09-22T08:19:57.080] [INFO] db - Executing (default): SELECT `id`, `hash`, `source`, `path`, `status`, `meta`, `material_id`, `created_at`, `updated_at` FROM `material_attachment` AS `MaterialAttachment` WHERE `MaterialAttachment`.`material_id` = 88;
[2018-09-22T08:19:58.753] [INFO] db - Executing (default): SELECT `id`, `title`, `source`, `submit_count`, `item_id`, `status`, `fail_reason`, `error_info`, `started_at`, `notify_status`, `notify_count`, `last_notify_at`, `site_id`, `account_lock`, `account_id`, `created_at`, `updated_at` FROM `material` AS `Material` WHERE `Material`.`id` = 88;
[2018-09-22T08:20:17.044] [INFO] db - Executing (default): SELECT `id`, `host`, `enable`, `site_id`, `created_at`, `updated_at` FROM `site_alias` AS `SiteAlias` WHERE `SiteAlias`.`host` = 'www.58pic.com';
[2018-09-22T08:20:17.047] [INFO] db - Executing (default): SELECT `id`, `name`, `host`, `slug`, `enable`, `extra`, `created_at`, `updated_at` FROM `site` AS `Site` WHERE `Site`.`host` = 'www.58pic.com';
[2018-09-22T08:20:17.049] [INFO] db - Executing (default): SELECT `id`, `title`, `source`, `submit_count`, `item_id`, `status`, `fail_reason`, `error_info`, `started_at`, `notify_status`, `notify_count`, `last_notify_at`, `site_id`, `account_lock`, `account_id`, `created_at`, `updated_at` FROM `material` AS `Material` WHERE `Material`.`site_id` = 5 AND `Material`.`item_id` = '32311003' LIMIT 1;
[2018-09-22T08:20:17.053] [INFO] db - Executing (default): UPDATE `material` SET `submit_count`=5,`updated_at`='2018-09-22 08:20:17' WHERE `id` = 88
[2018-09-22T08:20:17.058] [INFO] db - Executing (default): SELECT `id`, `name`, `host`, `slug`, `enable`, `extra`, `created_at`, `updated_at` FROM `site` AS `Site` WHERE `Site`.`id` = 5;
[2018-09-22T08:20:17.060] [INFO] db - Executing (default): SELECT `id`, `hash`, `source`, `path`, `status`, `meta`, `material_id`, `created_at`, `updated_at` FROM `material_attachment` AS `MaterialAttachment` WHERE `MaterialAttachment`.`material_id` = 88;
[2018-09-22T08:20:18.761] [INFO] db - Executing (default): SELECT `id`, `title`, `source`, `submit_count`, `item_id`, `status`, `fail_reason`, `error_info`, `started_at`, `notify_status`, `notify_count`, `last_notify_at`, `site_id`, `account_lock`, `account_id`, `created_at`, `updated_at` FROM `material` AS `Material` WHERE `Material`.`id` = 88;
[2018-09-22T08:20:37.844] [INFO] db - Executing (default): SELECT `id`, `host`, `enable`, `site_id`, `created_at`, `updated_at` FROM `site_alias` AS `SiteAlias` WHERE `SiteAlias`.`host` = 'www.58pic.com';
[2018-09-22T08:20:37.846] [INFO] db - Executing (default): SELECT `id`, `name`, `host`, `slug`, `enable`, `extra`, `created_at`, `updated_at` FROM `site` AS `Site` WHERE `Site`.`host` = 'www.58pic.com';
[2018-09-22T08:20:37.849] [INFO] db - Executing (default): SELECT `id`, `title`, `source`, `submit_count`, `item_id`, `status`, `fail_reason`, `error_info`, `started_at`, `notify_status`, `notify_count`, `last_notify_at`, `site_id`, `account_lock`, `account_id`, `created_at`, `updated_at` FROM `material` AS `Material` WHERE `Material`.`site_id` = 5 AND `Material`.`item_id` = '32311857' LIMIT 1;
[2018-09-22T08:20:37.853] [INFO] db - Executing (default): INSERT INTO `material` (`id`,`source`,`submit_count`,`item_id`,`status`,`notify_status`,`notify_count`,`site_id`,`account_lock`,`created_at`,`updated_at`) VALUES (DEFAULT,'http://www.58pic.com/newpic/32311857.html',0,'32311857','wait','none',0,5,false,'2018-09-22 08:20:37','2018-09-22 08:20:37');
[2018-09-22T08:20:37.858] [INFO] db - Executing (default): SELECT `id`, `name`, `host`, `slug`, `enable`, `extra`, `created_at`, `updated_at` FROM `site` AS `Site` WHERE `Site`.`id` = 5;
[2018-09-22T08:20:37.860] [INFO] db - Executing (default): SELECT `id`, `hash`, `source`, `path`, `status`, `meta`, `material_id`, `created_at`, `updated_at` FROM `material_attachment` AS `MaterialAttachment` WHERE `MaterialAttachment`.`material_id` = 89;
[2018-09-22T08:20:38.770] [INFO] db - Executing (default): SELECT `id`, `title`, `source`, `submit_count`, `item_id`, `status`, `fail_reason`, `error_info`, `started_at`, `notify_status`, `notify_count`, `last_notify_at`, `site_id`, `account_lock`, `account_id`, `created_at`, `updated_at` FROM `material` AS `Material` WHERE `Material`.`id` = 89;
[2018-09-22T08:20:57.803] [INFO] db - Executing (default): SELECT `id`, `host`, `enable`, `site_id`, `created_at`, `updated_at` FROM `site_alias` AS `SiteAlias` WHERE `SiteAlias`.`host` = 'www.58pic.com';
[2018-09-22T08:20:57.805] [INFO] db - Executing (default): SELECT `id`, `name`, `host`, `slug`, `enable`, `extra`, `created_at`, `updated_at` FROM `site` AS `Site` WHERE `Site`.`host` = 'www.58pic.com';
[2018-09-22T08:20:57.808] [INFO] db - Executing (default): SELECT `id`, `title`, `source`, `submit_count`, `item_id`, `status`, `fail_reason`, `error_info`, `started_at`, `notify_status`, `notify_count`, `last_notify_at`, `site_id`, `account_lock`, `account_id`, `created_at`, `updated_at` FROM `material` AS `Material` WHERE `Material`.`site_id` = 5 AND `Material`.`item_id` = '32311857' LIMIT 1;
[2018-09-22T08:20:57.812] [INFO] db - Executing (default): UPDATE `material` SET `submit_count`=1,`updated_at`='2018-09-22 08:20:57' WHERE `id` = 89
[2018-09-22T08:20:57.816] [INFO] db - Executing (default): SELECT `id`, `name`, `host`, `slug`, `enable`, `extra`, `created_at`, `updated_at` FROM `site` AS `Site` WHERE `Site`.`id` = 5;
[2018-09-22T08:20:57.820] [INFO] db - Executing (default): SELECT `id`, `hash`, `source`, `path`, `status`, `meta`, `material_id`, `created_at`, `updated_at` FROM `material_attachment` AS `MaterialAttachment` WHERE `MaterialAttachment`.`material_id` = 89;
[2018-09-22T08:20:58.778] [INFO] db - Executing (default): SELECT `id`, `title`, `source`, `submit_count`, `item_id`, `status`, `fail_reason`, `error_info`, `started_at`, `notify_status`, `notify_count`, `last_notify_at`, `site_id`, `account_lock`, `account_id`, `created_at`, `updated_at` FROM `material` AS `Material` WHERE `Material`.`id` = 89;
[2018-09-22T10:05:30.671] [INFO] db - Executing (default): SELECT `id`, `username`, `password`, `type`, `counter`, `enable`, `cookie`, `user_agent`, `server`, `site_id`, `created_at`, `updated_at` FROM `site_account` AS `SiteAccount`;
[2018-09-22T10:05:30.704] [INFO] db - Executing (default): SELECT `id`, `name`, `host`, `slug`, `enable`, `extra`, `created_at`, `updated_at` FROM `site` AS `Site` WHERE `Site`.`id` = 1;
[2018-09-22T10:05:30.715] [INFO] db - Executing (default): SELECT `id`, `name`, `host`, `slug`, `enable`, `extra`, `created_at`, `updated_at` FROM `site` AS `Site` WHERE `Site`.`id` = 1;
[2018-09-22T10:05:30.718] [INFO] db - Executing (default): SELECT `id`, `name`, `host`, `slug`, `enable`, `extra`, `created_at`, `updated_at` FROM `site` AS `Site` WHERE `Site`.`id` = 2;
[2018-09-22T10:05:30.720] [INFO] db - Executing (default): SELECT `id`, `name`, `host`, `slug`, `enable`, `extra`, `created_at`, `updated_at` FROM `site` AS `Site` WHERE `Site`.`id` = 2;
[2018-09-22T10:05:30.723] [INFO] db - Executing (default): SELECT `id`, `name`, `host`, `slug`, `enable`, `extra`, `created_at`, `updated_at` FROM `site` AS `Site` WHERE `Site`.`id` = 10;
[2018-09-22T10:05:30.725] [INFO] db - Executing (default): SELECT `id`, `name`, `host`, `slug`, `enable`, `extra`, `created_at`, `updated_at` FROM `site` AS `Site` WHERE `Site`.`id` = 9;
[2018-09-22T10:05:30.727] [INFO] db - Executing (default): SELECT `id`, `name`, `host`, `slug`, `enable`, `extra`, `created_at`, `updated_at` FROM `site` AS `Site` WHERE `Site`.`id` = 6;
[2018-09-22T10:05:30.730] [INFO] db - Executing (default): SELECT `id`, `name`, `host`, `slug`, `enable`, `extra`, `created_at`, `updated_at` FROM `site` AS `Site` WHERE `Site`.`id` = 6;
[2018-09-22T10:05:30.732] [INFO] db - Executing (default): SELECT `id`, `name`, `host`, `slug`, `enable`, `extra`, `created_at`, `updated_at` FROM `site` AS `Site` WHERE `Site`.`id` = 3;
[2018-09-22T10:05:30.735] [INFO] db - Executing (default): SELECT `id`, `name`, `host`, `slug`, `enable`, `extra`, `created_at`, `updated_at` FROM `site` AS `Site` WHERE `Site`.`id` = 3;
[2018-09-22T10:05:30.737] [INFO] db - Executing (default): SELECT `id`, `name`, `host`, `slug`, `enable`, `extra`, `created_at`, `updated_at` FROM `site` AS `Site` WHERE `Site`.`id` = 11;
[2018-09-22T10:06:27.585] [INFO] db - Executing (default): SELECT `id`, `username`, `password`, `type`, `counter`, `enable`, `cookie`, `user_agent`, `server`, `site_id`, `created_at`, `updated_at` FROM `site_account` AS `SiteAccount`;
[2018-09-22T10:06:27.608] [INFO] db - Executing (default): SELECT `id`, `name`, `host`, `slug`, `enable`, `extra`, `created_at`, `updated_at` FROM `site` AS `Site` WHERE `Site`.`id` = 1;
[2018-09-22T10:06:27.613] [INFO] db - Executing (default): SELECT `id`, `name`, `host`, `slug`, `enable`, `extra`, `created_at`, `updated_at` FROM `site` AS `Site` WHERE `Site`.`id` = 1;
[2018-09-22T10:06:27.616] [INFO] db - Executing (default): SELECT `id`, `name`, `host`, `slug`, `enable`, `extra`, `created_at`, `updated_at` FROM `site` AS `Site` WHERE `Site`.`id` = 2;
[2018-09-22T10:06:27.619] [INFO] db - Executing (default): SELECT `id`, `name`, `host`, `slug`, `enable`, `extra`, `created_at`, `updated_at` FROM `site` AS `Site` WHERE `Site`.`id` = 2;
[2018-09-22T10:06:27.622] [INFO] db - Executing (default): SELECT `id`, `name`, `host`, `slug`, `enable`, `extra`, `created_at`, `updated_at` FROM `site` AS `Site` WHERE `Site`.`id` = 10;
[2018-09-22T10:06:27.624] [INFO] db - Executing (default): SELECT `id`, `name`, `host`, `slug`, `enable`, `extra`, `created_at`, `updated_at` FROM `site` AS `Site` WHERE `Site`.`id` = 9;
[2018-09-22T10:06:27.627] [INFO] db - Executing (default): SELECT `id`, `name`, `host`, `slug`, `enable`, `extra`, `created_at`, `updated_at` FROM `site` AS `Site` WHERE `Site`.`id` = 6;
[2018-09-22T10:06:27.629] [INFO] db - Executing (default): SELECT `id`, `name`, `host`, `slug`, `enable`, `extra`, `created_at`, `updated_at` FROM `site` AS `Site` WHERE `Site`.`id` = 6;
[2018-09-22T10:06:27.632] [INFO] db - Executing (default): SELECT `id`, `name`, `host`, `slug`, `enable`, `extra`, `created_at`, `updated_at` FROM `site` AS `Site` WHERE `Site`.`id` = 3;
[2018-09-22T10:06:27.635] [INFO] db - Executing (default): SELECT `id`, `name`, `host`, `slug`, `enable`, `extra`, `created_at`, `updated_at` FROM `site` AS `Site` WHERE `Site`.`id` = 3;
[2018-09-22T10:06:27.638] [INFO] db - Executing (default): SELECT `id`, `name`, `host`, `slug`, `enable`, `extra`, `created_at`, `updated_at` FROM `site` AS `Site` WHERE `Site`.`id` = 11;
[2018-09-22T10:06:32.735] [INFO] db - Executing (default): SELECT `id`, `username`, `password`, `type`, `counter`, `enable`, `cookie`, `user_agent`, `server`, `site_id`, `created_at`, `updated_at` FROM `site_account` AS `SiteAccount`;
[2018-09-22T10:06:32.756] [INFO] db - Executing (default): SELECT `id`, `name`, `host`, `slug`, `enable`, `extra`, `created_at`, `updated_at` FROM `site` AS `Site` WHERE `Site`.`id` = 1;
[2018-09-22T10:06:32.762] [INFO] db - Executing (default): SELECT `id`, `name`, `host`, `slug`, `enable`, `extra`, `created_at`, `updated_at` FROM `site` AS `Site` WHERE `Site`.`id` = 1;
[2018-09-22T10:06:32.765] [INFO] db - Executing (default): SELECT `id`, `name`, `host`, `slug`, `enable`, `extra`, `created_at`, `updated_at` FROM `site` AS `Site` WHERE `Site`.`id` = 2;
[2018-09-22T10:06:32.767] [INFO] db - Executing (default): SELECT `id`, `name`, `host`, `slug`, `enable`, `extra`, `created_at`, `updated_at` FROM `site` AS `Site` WHERE `Site`.`id` = 2;
[2018-09-22T10:06:32.770] [INFO] db - Executing (default): SELECT `id`, `name`, `host`, `slug`, `enable`, `extra`, `created_at`, `updated_at` FROM `site` AS `Site` WHERE `Site`.`id` = 10;
[2018-09-22T10:06:32.772] [INFO] db - Executing (default): SELECT `id`, `name`, `host`, `slug`, `enable`, `extra`, `created_at`, `updated_at` FROM `site` AS `Site` WHERE `Site`.`id` = 9;
[2018-09-22T10:06:32.775] [INFO] db - Executing (default): SELECT `id`, `name`, `host`, `slug`, `enable`, `extra`, `created_at`, `updated_at` FROM `site` AS `Site` WHERE `Site`.`id` = 6;
[2018-09-22T10:06:32.778] [INFO] db - Executing (default): SELECT `id`, `name`, `host`, `slug`, `enable`, `extra`, `created_at`, `updated_at` FROM `site` AS `Site` WHERE `Site`.`id` = 6;
[2018-09-22T10:06:32.780] [INFO] db - Executing (default): SELECT `id`, `name`, `host`, `slug`, `enable`, `extra`, `created_at`, `updated_at` FROM `site` AS `Site` WHERE `Site`.`id` = 3;
[2018-09-22T10:06:32.782] [INFO] db - Executing (default): SELECT `id`, `name`, `host`, `slug`, `enable`, `extra`, `created_at`, `updated_at` FROM `site` AS `Site` WHERE `Site`.`id` = 3;
[2018-09-22T10:06:32.785] [INFO] db - Executing (default): SELECT `id`, `name`, `host`, `slug`, `enable`, `extra`, `created_at`, `updated_at` FROM `site` AS `Site` WHERE `Site`.`id` = 11;
[2018-09-22T10:06:42.570] [INFO] db - Executing (default): SELECT `id`, `username`, `password`, `type`, `counter`, `enable`, `cookie`, `user_agent`, `server`, `site_id`, `created_at`, `updated_at` FROM `site_account` AS `SiteAccount`;
[2018-09-22T10:06:42.594] [INFO] db - Executing (default): SELECT `id`, `name`, `host`, `slug`, `enable`, `extra`, `created_at`, `updated_at` FROM `site` AS `Site` WHERE `Site`.`id` = 1;
[2018-09-22T10:06:42.600] [INFO] db - Executing (default): SELECT `id`, `name`, `host`, `slug`, `enable`, `extra`, `created_at`, `updated_at` FROM `site` AS `Site` WHERE `Site`.`id` = 1;
[2018-09-22T10:06:42.603] [INFO] db - Executing (default): SELECT `id`, `name`, `host`, `slug`, `enable`, `extra`, `created_at`, `updated_at` FROM `site` AS `Site` WHERE `Site`.`id` = 2;
[2018-09-22T10:06:42.606] [INFO] db - Executing (default): SELECT `id`, `name`, `host`, `slug`, `enable`, `extra`, `created_at`, `updated_at` FROM `site` AS `Site` WHERE `Site`.`id` = 2;
[2018-09-22T10:06:42.609] [INFO] db - Executing (default): SELECT `id`, `name`, `host`, `slug`, `enable`, `extra`, `created_at`, `updated_at` FROM `site` AS `Site` WHERE `Site`.`id` = 10;
[2018-09-22T10:06:42.611] [INFO] db - Executing (default): SELECT `id`, `name`, `host`, `slug`, `enable`, `extra`, `created_at`, `updated_at` FROM `site` AS `Site` WHERE `Site`.`id` = 9;
[2018-09-22T10:06:42.614] [INFO] db - Executing (default): SELECT `id`, `name`, `host`, `slug`, `enable`, `extra`, `created_at`, `updated_at` FROM `site` AS `Site` WHERE `Site`.`id` = 6;
[2018-09-22T10:06:42.617] [INFO] db - Executing (default): SELECT `id`, `name`, `host`, `slug`, `enable`, `extra`, `created_at`, `updated_at` FROM `site` AS `Site` WHERE `Site`.`id` = 6;
[2018-09-22T10:06:42.620] [INFO] db - Executing (default): SELECT `id`, `name`, `host`, `slug`, `enable`, `extra`, `created_at`, `updated_at` FROM `site` AS `Site` WHERE `Site`.`id` = 3;
[2018-09-22T10:06:42.623] [INFO] db - Executing (default): SELECT `id`, `name`, `host`, `slug`, `enable`, `extra`, `created_at`, `updated_at` FROM `site` AS `Site` WHERE `Site`.`id` = 3;
[2018-09-22T10:06:42.625] [INFO] db - Executing (default): SELECT `id`, `name`, `host`, `slug`, `enable`, `extra`, `created_at`, `updated_at` FROM `site` AS `Site` WHERE `Site`.`id` = 11;
[2018-09-22T10:06:42.629] [INFO] db - Executing (default): SELECT `id`, `name`, `host`, `slug`, `enable`, `extra`, `created_at`, `updated_at` FROM `site` AS `Site`;
